#
# A fatal error has been detected by the Java Runtime Environment:
#
#  EXCEPTION_ACCESS_VIOLATION (0xc0000005) at pc=0x00007ffb41aeb6a0, pid=13900, tid=2292
#
# JRE version: OpenJDK Runtime Environment Temurin-21.0.6+7 (21.0.6+7) (build 21.0.6+7-LTS)
# Java VM: OpenJDK 64-Bit Server VM Temurin-21.0.6+7 (21.0.6+7-LTS, mixed mode, sharing, tiered, compressed oops, compressed class ptrs, parallel gc, windows-amd64)
# Problematic frame:
# V  [jvm.dll+0x3bb6a0]
#
# No core dump will be written. Minidumps are not enabled by default on client versions of Windows
#
# If you would like to submit a bug report, please visit:
#   https://github.com/adoptium/adoptium-support/issues
#

---------------  S U M M A R Y ------------

Command Line: --add-modules=ALL-SYSTEM --add-opens=java.base/java.util=ALL-UNNAMED --add-opens=java.base/java.lang=ALL-UNNAMED --add-opens=java.base/sun.nio.fs=ALL-UNNAMED -Declipse.application=org.eclipse.jdt.ls.core.id1 -Dosgi.bundles.defaultStartLevel=4 -Declipse.product=org.eclipse.jdt.ls.core.product -Djava.import.generatesMetadataFilesAtProjectRoot=false -DDetectVMInstallationsJob.disabled=true -Dfile.encoding=utf8 -XX:+UseParallelGC -XX:GCTimeRatio=4 -XX:AdaptiveSizePolicyWeight=90 -Dsun.zip.disableMemoryMapping=true -Xmx1G -Xms100m -Xlog:disable -javaagent:c:\Users\SANG\.vscode\extensions\redhat.java-1.40.0-win32-x64\lombok\lombok-1.18.36.jar c:\Users\SANG\.vscode\extensions\redhat.java-1.40.0-win32-x64\server\plugins\org.eclipse.equinox.launcher_1.6.1000.v20250131-0606.jar -configuration c:\Users\SANG\AppData\Roaming\Code\User\globalStorage\redhat.java\1.40.0\config_ss_win -data c:\Users\SANG\AppData\Roaming\Code\User\workspaceStorage\ee4d113536bcacf8f92e037b085bcff5\redhat.java\ss_ws --pipe=\\.\pipe\lsp-b2a4bc8177eca23bd4aa858211ee905c-sock

Host: 11th Gen Intel(R) Core(TM) i5-1135G7 @ 2.40GHz, 8 cores, 7G,  Windows 11 , 64 bit Build 22000 (10.0.22000.2538)
Time: Sun Mar 16 15:49:44 2025 SE Asia Standard Time elapsed time: 4.067318 seconds (0d 0h 0m 4s)

---------------  T H R E A D  ---------------

Current thread (0x00000221decdfb30):  JavaThread "C2 CompilerThread0" daemon [_thread_in_native, id=2292, stack(0x0000009847900000,0x0000009847a00000) (1024K)]


Current CompileTask:
C2:4067 2668       4       org.lombokweb.asm.ClassReader::readMethod (1070 bytes)

Stack: [0x0000009847900000,0x0000009847a00000],  sp=0x00000098479fc8a0,  free space=1010k
Native frames: (J=compiled Java code, j=interpreted, Vv=VM code, C=native code)
V  [jvm.dll+0x3bb6a0]
V  [jvm.dll+0x3b718c]
V  [jvm.dll+0x1e09dc]
V  [jvm.dll+0x1e00a5]
V  [jvm.dll+0x247b42]
V  [jvm.dll+0x246fcf]
V  [jvm.dll+0x1c75ee]
V  [jvm.dll+0x25685a]
V  [jvm.dll+0x254dfa]
V  [jvm.dll+0x3f0256]
V  [jvm.dll+0x851f8b]
V  [jvm.dll+0x6cc5ed]
C  [ucrtbase.dll+0x26c0c]
C  [KERNEL32.DLL+0x153e0]
C  [ntdll.dll+0x485b]


siginfo: EXCEPTION_ACCESS_VIOLATION (0xc0000005), reading address 0x00007ffb403c63a0


Registers:
RAX=0x0000000000000000, RBX=0x000000000000001e, RCX=0x0000000000000000, RDX=0x00007ffb403c63a0
RSP=0x00000098479fc8a0, RBP=0x00007ffb423c63a0, RSI=0x00000098479fcba0, RDI=0x00000098479fc8f0
R8 =0x0000000000001db0, R9 =0x0000000000000004, R10=0x00000221e87d8658, R11=0x00000221e0e2def0
R12=0x00000221e082b3b0, R13=0x0000000000000001, R14=0x0000000000128ea0, R15=0x0000000000000000
RIP=0x00007ffb41aeb6a0, EFLAGS=0x0000000000010246

XMM[0]=0x0000000000000000 0x0000000000000000
XMM[1]=0x0000000000000000 0x000000000000000a
XMM[2]=0x0000000000000000 0x3f1b981740000000
XMM[3]=0x0000000000000000 0x3fc435e507600000
XMM[4]=0x0000000000000000 0x0000000000000000
XMM[5]=0x00000221e856e9f0 0x00000221e53e2ae0
XMM[6]=0x0000000000000000 0x0000000000000000
XMM[7]=0x0000000000000000 0x0000000000000000
XMM[8]=0x0000000000000000 0x4733426172c74d82
XMM[9]=0x0000000000000000 0x4008000000000000
XMM[10]=0x0000000000000000 0x46293e5939a08cea
XMM[11]=0x0000000000000000 0x4376345785d8a000
XMM[12]=0x0000000000000000 0x4202a05f20000000
XMM[13]=0x0000000000000000 0x40cf400000000000
XMM[14]=0x0000000000000000 0x3ef00000c06a1ef5
XMM[15]=0x0000000000000000 0x0000000000000000
  MXCSR=0x00001fa0


Register to memory mapping:

RAX=0x0 is null
RBX=0x000000000000001e is an unknown value
RCX=0x0 is null
RDX=0x00007ffb403c63a0 is an unknown value
RSP=0x00000098479fc8a0 is pointing into the stack for thread: 0x00000221decdfb30
RBP=0x00007ffb423c63a0 jvm.dll
RSI=0x00000098479fcba0 is pointing into the stack for thread: 0x00000221decdfb30
RDI=0x00000098479fc8f0 is pointing into the stack for thread: 0x00000221decdfb30
R8 =0x0000000000001db0 is an unknown value
R9 =0x0000000000000004 is an unknown value
R10=0x00000221e87d8658 points into unknown readable memory: 0x0000000000000000 | 00 00 00 00 00 00 00 00
R11=0x00000221e0e2def0 points into unknown readable memory: 0x0000002f00000039 | 39 00 00 00 2f 00 00 00
R12=0x00000221e082b3b0 points into unknown readable memory: 0x0000009800000200 | 00 02 00 00 98 00 00 00
R13=0x0000000000000001 is an unknown value
R14=0x0000000000128ea0 is an unknown value
R15=0x0 is null

Top of Stack: (sp=0x00000098479fc8a0)
0x00000098479fc8a0:   0000000000000035 00007ffb423c63a0
0x00000098479fc8b0:   00000098479fcba0 00000221e8b17630
0x00000098479fc8c0:   0000000000001db1 00007ffb41ae718c
0x00000098479fc8d0:   00000221e8bfca00 0000000000000031
0x00000098479fc8e0:   00000098479fcba0 00007ffb41977542
0x00000098479fc8f0:   0000000000000000 0000000300001db0
0x00000098479fc900:   0000002f0000001e 00007ffb403c63a0
0x00000098479fc910:   00000221e73ff808 00000221e0e2def0
0x00000098479fc920:   00000098479fd020 00007ffb419109dc
0x00000098479fc930:   0000000000001db1 00000098479fca30
0x00000098479fc940:   00000221e082b788 00000098479fcf40
0x00000098479fc950:   0000000000000000 0000000200002e52
0x00000098479fc960:   0000002f0000002f 00000221e85f7740
0x00000098479fc970:   00000221e73ff9c0 00000221e0e2df90
0x00000098479fc980:   00000221e851c408 00000221e851c408
0x00000098479fc990:   00000221e09444c0 0000009800000001
0x00000098479fc9a0:   00000221e7075bf0 00000221e8464140
0x00000098479fc9b0:   00000221e7070000 0000000000000000
0x00000098479fc9c0:   0000000000000000 0000000000000000
0x00000098479fc9d0:   0000000000000000 00007ffb4212f040
0x00000098479fc9e0:   0000000000000000 0000000000000000
0x00000098479fc9f0:   0000000000000000 00007ffb4212f040
0x00000098479fca00:   0000000000000000 0000000000000000
0x00000098479fca10:   0000000000000000 0000000000000000
0x00000098479fca20:   0000000000000000 0000000000000000
0x00000098479fca30:   0000000000000000 0000000000000000
0x00000098479fca40:   0000000000000000 0000000000000000
0x00000098479fca50:   0000000000000000 0000000000000000
0x00000098479fca60:   0000000000000000 0000000000000000
0x00000098479fca70:   0000000000000000 0000000000000000
0x00000098479fca80:   0000000000000000 0000000000000000
0x00000098479fca90:   0000000000000000 0000000000000000 

Instructions: (pc=0x00007ffb41aeb6a0)
0x00007ffb41aeb5a0:   48 8b 8e d8 08 00 00 48 85 c9 75 0c e8 2f 09 00
0x00007ffb41aeb5b0:   00 48 8b 8e d8 08 00 00 48 8b 01 0f 57 c0 48 89
0x00007ffb41aeb5c0:   86 d8 08 00 00 0f 11 01 0f 11 41 10 0f 10 45 00
0x00007ffb41aeb5d0:   0f 11 01 0f 10 4d 10 0f 11 49 10 48 8b 43 08 49
0x00007ffb41aeb5e0:   89 0c 06 48 8d 0d b6 ad 8d 00 ff c7 ba 70 00 00
0x00007ffb41aeb5f0:   00 3b bb 90 00 00 00 0f 82 63 ff ff ff 4c 8b 74
0x00007ffb41aeb600:   24 60 4c 8b 64 24 58 48 8b 6c 24 50 48 8b c3 48
0x00007ffb41aeb610:   83 c4 20 41 5f 41 5d 5f 5e 5b c3 cc cc cc cc cc
0x00007ffb41aeb620:   48 89 74 24 18 57 48 83 ec 20 8b 51 0c 48 8b f9
0x00007ffb41aeb630:   83 fa 04 73 29 48 8b 49 18 0f 1f 80 00 00 00 00
0x00007ffb41aeb640:   8b c2 44 8d 4a 01 48 83 3c c1 00 4c 8d 14 c1 0f
0x00007ffb41aeb650:   85 91 00 00 00 41 8b d1 41 83 f9 04 72 e2 48 89
0x00007ffb41aeb660:   5c 24 30 8b 5f 10 48 89 6c 24 38 3b 5f 14 73 5f
0x00007ffb41aeb670:   48 8d 2d 29 ad 8d 00 66 0f 1f 84 00 00 00 00 00
0x00007ffb41aeb680:   48 8b 47 20 8b cb 48 8b 14 c8 48 3b d5 74 39 33
0x00007ffb41aeb690:   c0 48 89 57 18 33 c9 66 0f 1f 84 00 00 00 00 00
0x00007ffb41aeb6a0:   48 83 3c 11 00 44 8d 48 01 75 78 48 83 c1 08 41
0x00007ffb41aeb6b0:   8b c1 41 83 f9 04 72 e8 48 8b 4f 28 48 85 c9 74
0x00007ffb41aeb6c0:   07 8b d3 e8 58 01 00 00 ff c3 3b 5f 14 72 b1 33
0x00007ffb41aeb6d0:   c0 48 8b 5c 24 30 48 8b 6c 24 38 48 8b 74 24 40
0x00007ffb41aeb6e0:   48 83 c4 20 5f c3 8b 47 10 48 8b 74 24 40 44 8d
0x00007ffb41aeb6f0:   04 82 41 c1 e0 06 41 81 c0 00 ff ff ff 44 89 47
0x00007ffb41aeb700:   08 49 8b 12 48 0f bc c2 44 89 4f 0c 8b c8 48 d3
0x00007ffb41aeb710:   ea 48 ff ca 41 03 c0 48 89 17 89 47 08 48 83 c4
0x00007ffb41aeb720:   20 5f c3 8b c8 44 8d 04 98 41 c1 e0 06 8d 43 01
0x00007ffb41aeb730:   44 89 47 08 48 8b 14 ca 89 47 10 48 0f bc c2 44
0x00007ffb41aeb740:   89 4f 0c 8b c8 48 d3 ea 48 ff ca 41 03 c0 48 89
0x00007ffb41aeb750:   17 89 47 08 e9 78 ff ff ff cc cc cc cc cc cc cc
0x00007ffb41aeb760:   40 53 48 83 ec 20 65 48 8b 04 25 58 00 00 00 8b
0x00007ffb41aeb770:   0d 73 2a 92 00 48 8b 1c c8 b8 70 00 00 00 80 3c
0x00007ffb41aeb780:   18 00 75 05 e8 27 b8 58 00 b8 20 00 00 00 48 8b
0x00007ffb41aeb790:   04 18 48 8b 88 60 06 00 00 48 8b 99 80 00 00 00 


Stack slot to memory mapping:

stack at sp + 0 slots: 0x0000000000000035 is an unknown value
stack at sp + 1 slots: 0x00007ffb423c63a0 jvm.dll
stack at sp + 2 slots: 0x00000098479fcba0 is pointing into the stack for thread: 0x00000221decdfb30
stack at sp + 3 slots: 0x00000221e8b17630 points into unknown readable memory: 0x40125a444c711af1 | f1 1a 71 4c 44 5a 12 40
stack at sp + 4 slots: 0x0000000000001db1 is an unknown value
stack at sp + 5 slots: 0x00007ffb41ae718c jvm.dll
stack at sp + 6 slots: 0x00000221e8bfca00 points into unknown readable memory: 0x3ec5250acce91bc0 | c0 1b e9 cc 0a 25 c5 3e
stack at sp + 7 slots: 0x0000000000000031 is an unknown value


---------------  P R O C E S S  ---------------

Threads class SMR info:
_java_thread_list=0x00000221e57e6f60, length=34, elements={
0x00000221c87050f0, 0x00000221deccc6a0, 0x00000221deccdf00, 0x00000221deccff70,
0x00000221decd3000, 0x00000221decd4880, 0x00000221decdcf80, 0x00000221decdfb30,
0x00000221dece17d0, 0x00000221e074b770, 0x00000221e0aae8b0, 0x00000221e081c8e0,
0x00000221e57e3610, 0x00000221e557d0e0, 0x00000221e57e2770, 0x00000221e584c670,
0x00000221e589a6d0, 0x00000221e54f8d70, 0x00000221e5b7ad60, 0x00000221e5da8f20,
0x00000221e6010d70, 0x00000221e62d14d0, 0x00000221e5da74e0, 0x00000221e5da95b0,
0x00000221e5da8200, 0x00000221e5da9c40, 0x00000221e5da6e50, 0x00000221e5da7b70,
0x00000221e5da8890, 0x00000221e5daa2d0, 0x00000221e73b2020, 0x00000221e73b54a0,
0x00000221e73b6ee0, 0x00000221e73b26b0
}

Java Threads: ( => current thread )
  0x00000221c87050f0 JavaThread "main"                              [_thread_in_native, id=10012, stack(0x0000009846f00000,0x0000009847000000) (1024K)]
  0x00000221deccc6a0 JavaThread "Reference Handler"          daemon [_thread_blocked, id=5832, stack(0x0000009847300000,0x0000009847400000) (1024K)]
  0x00000221deccdf00 JavaThread "Finalizer"                  daemon [_thread_blocked, id=3428, stack(0x0000009847400000,0x0000009847500000) (1024K)]
  0x00000221deccff70 JavaThread "Signal Dispatcher"          daemon [_thread_blocked, id=7964, stack(0x0000009847500000,0x0000009847600000) (1024K)]
  0x00000221decd3000 JavaThread "Attach Listener"            daemon [_thread_blocked, id=14380, stack(0x0000009847600000,0x0000009847700000) (1024K)]
  0x00000221decd4880 JavaThread "Service Thread"             daemon [_thread_blocked, id=5860, stack(0x0000009847700000,0x0000009847800000) (1024K)]
  0x00000221decdcf80 JavaThread "Monitor Deflation Thread"   daemon [_thread_blocked, id=15324, stack(0x0000009847800000,0x0000009847900000) (1024K)]
=>0x00000221decdfb30 JavaThread "C2 CompilerThread0"         daemon [_thread_in_native, id=2292, stack(0x0000009847900000,0x0000009847a00000) (1024K)]
  0x00000221dece17d0 JavaThread "C1 CompilerThread0"         daemon [_thread_blocked, id=2000, stack(0x0000009847a00000,0x0000009847b00000) (1024K)]
  0x00000221e074b770 JavaThread "Common-Cleaner"             daemon [_thread_blocked, id=2432, stack(0x0000009847b00000,0x0000009847c00000) (1024K)]
  0x00000221e0aae8b0 JavaThread "Notification Thread"        daemon [_thread_blocked, id=14920, stack(0x0000009847d00000,0x0000009847e00000) (1024K)]
  0x00000221e081c8e0 JavaThread "Active Thread: Equinox Container: c6ff64dc-a695-410c-afda-023541355660"        [_thread_blocked, id=10860, stack(0x0000009847c00000,0x0000009847d00000) (1024K)]
  0x00000221e57e3610 JavaThread "Framework Event Dispatcher: Equinox Container: c6ff64dc-a695-410c-afda-023541355660" daemon [_thread_blocked, id=5856, stack(0x0000009847e00000,0x0000009847f00000) (1024K)]
  0x00000221e557d0e0 JavaThread "Start Level: Equinox Container: c6ff64dc-a695-410c-afda-023541355660" daemon [_thread_blocked, id=10580, stack(0x0000009848500000,0x0000009848600000) (1024K)]
  0x00000221e57e2770 JavaThread "SCR Component Actor"        daemon [_thread_blocked, id=4948, stack(0x0000009848600000,0x0000009848700000) (1024K)]
  0x00000221e584c670 JavaThread "SCR Component Registry"     daemon [_thread_blocked, id=7848, stack(0x0000009848800000,0x0000009848900000) (1024K)]
  0x00000221e589a6d0 JavaThread "Worker-JM"                         [_thread_blocked, id=1800, stack(0x0000009848b00000,0x0000009848c00000) (1024K)]
  0x00000221e54f8d70 JavaThread "JNA Cleaner"                daemon [_thread_blocked, id=13996, stack(0x0000009848a00000,0x0000009848b00000) (1024K)]
  0x00000221e5b7ad60 JavaThread "Worker-0"                          [_thread_blocked, id=7208, stack(0x0000009848c00000,0x0000009848d00000) (1024K)]
  0x00000221e5da8f20 JavaThread "Worker-1: Initialize After Load"        [_thread_in_vm, id=3336, stack(0x0000009848d00000,0x0000009848e00000) (1024K)]
  0x00000221e6010d70 JavaThread "C2 CompilerThread1"         daemon [_thread_in_native, id=6076, stack(0x0000009848900000,0x0000009848a00000) (1024K)]
  0x00000221e62d14d0 JavaThread "C2 CompilerThread2"         daemon [_thread_blocked, id=3260, stack(0x0000009848e00000,0x0000009848f00000) (1024K)]
  0x00000221e5da74e0 JavaThread "Thread-2"                   daemon [_thread_in_native, id=15108, stack(0x0000009849100000,0x0000009849200000) (1024K)]
  0x00000221e5da95b0 JavaThread "Thread-3"                   daemon [_thread_in_native, id=7828, stack(0x0000009849200000,0x0000009849300000) (1024K)]
  0x00000221e5da8200 JavaThread "Thread-4"                   daemon [_thread_in_native, id=6844, stack(0x0000009849300000,0x0000009849400000) (1024K)]
  0x00000221e5da9c40 JavaThread "Thread-5"                   daemon [_thread_in_native, id=8528, stack(0x0000009849400000,0x0000009849500000) (1024K)]
  0x00000221e5da6e50 JavaThread "Thread-6"                   daemon [_thread_in_native, id=9396, stack(0x0000009849500000,0x0000009849600000) (1024K)]
  0x00000221e5da7b70 JavaThread "Thread-7"                   daemon [_thread_in_native, id=14004, stack(0x0000009849600000,0x0000009849700000) (1024K)]
  0x00000221e5da8890 JavaThread "Thread-8"                   daemon [_thread_in_native, id=9988, stack(0x0000009849700000,0x0000009849800000) (1024K)]
  0x00000221e5daa2d0 JavaThread "Thread-9"                   daemon [_thread_in_native, id=3724, stack(0x0000009849800000,0x0000009849900000) (1024K)]
  0x00000221e73b2020 JavaThread "Thread-10"                  daemon [_thread_in_native, id=7236, stack(0x0000009849900000,0x0000009849a00000) (1024K)]
  0x00000221e73b54a0 JavaThread "pool-2-thread-1"                   [_thread_blocked, id=5828, stack(0x0000009849a00000,0x0000009849b00000) (1024K)]
  0x00000221e73b6ee0 JavaThread "Worker-2"                          [_thread_blocked, id=9800, stack(0x0000009849b00000,0x0000009849c00000) (1024K)]
  0x00000221e73b26b0 JavaThread "Worker-3"                          [_thread_blocked, id=13396, stack(0x0000009849c00000,0x0000009849d00000) (1024K)]
Total: 34

Other Threads:
  0x00000221ca9ee8a0 VMThread "VM Thread"                           [id=10244, stack(0x0000009847200000,0x0000009847300000) (1024K)]
  0x00000221deba1920 WatcherThread "VM Periodic Task Thread"        [id=10836, stack(0x0000009847100000,0x0000009847200000) (1024K)]
  0x00000221ca93ac70 WorkerThread "GC Thread#0"                     [id=14996, stack(0x0000009847000000,0x0000009847100000) (1024K)]
  0x00000221e50c6990 WorkerThread "GC Thread#1"                     [id=3052, stack(0x0000009847f00000,0x0000009848000000) (1024K)]
  0x00000221e51f3a60 WorkerThread "GC Thread#2"                     [id=12492, stack(0x0000009848000000,0x0000009848100000) (1024K)]
  0x00000221e51f3e00 WorkerThread "GC Thread#3"                     [id=9000, stack(0x0000009848100000,0x0000009848200000) (1024K)]
  0x00000221e51f41a0 WorkerThread "GC Thread#4"                     [id=11480, stack(0x0000009848200000,0x0000009848300000) (1024K)]
  0x00000221e51f4540 WorkerThread "GC Thread#5"                     [id=4680, stack(0x0000009848300000,0x0000009848400000) (1024K)]
  0x00000221e51f48e0 WorkerThread "GC Thread#6"                     [id=4764, stack(0x0000009848400000,0x0000009848500000) (1024K)]
  0x00000221e54c8780 WorkerThread "GC Thread#7"                     [id=12700, stack(0x0000009848700000,0x0000009848800000) (1024K)]
Total: 10

Threads with active compile tasks:
C2 CompilerThread0  4171 2668       4       org.lombokweb.asm.ClassReader::readMethod (1070 bytes)
C2 CompilerThread1  4171 3228       4       java.lang.Object::toString (36 bytes)
Total: 2

VM state: not at safepoint (normal execution)

VM Mutex/Monitor currently owned by a thread: None

Heap address: 0x00000000c0000000, size: 1024 MB, Compressed Oops mode: 32-bit

CDS archive(s) mapped at: [0x0000022180000000-0x0000022180ba0000-0x0000022180ba0000), size 12189696, SharedBaseAddress: 0x0000022180000000, ArchiveRelocationMode: 1.
Compressed class space mapped at: 0x0000022181000000-0x00000221c1000000, reserved size: 1073741824
Narrow klass base: 0x0000022180000000, Narrow klass shift: 0, Narrow klass range: 0x100000000

GC Precious Log:
 CardTable entry size: 512
 CPUs: 8 total, 8 available
 Memory: 7914M
 Large Page Support: Disabled
 NUMA Support: Disabled
 Compressed Oops: Enabled (32-bit)
 Alignments: Space 512K, Generation 512K, Heap 2M
 Heap Min Capacity: 100M
 Heap Initial Capacity: 100M
 Heap Max Capacity: 1G
 Pre-touch: Disabled
 Parallel Workers: 8

Heap:
 PSYoungGen      total 27648K, used 7605K [0x00000000eab00000, 0x00000000ecc80000, 0x0000000100000000)
  eden space 23552K, 15% used [0x00000000eab00000,0x00000000eae735a8,0x00000000ec200000)
  from space 4096K, 99% used [0x00000000ec700000,0x00000000ecafa178,0x00000000ecb00000)
  to   space 5120K, 0% used [0x00000000ec200000,0x00000000ec200000,0x00000000ec700000)
 ParOldGen       total 68608K, used 8799K [0x00000000c0000000, 0x00000000c4300000, 0x00000000eab00000)
  object space 68608K, 12% used [0x00000000c0000000,0x00000000c0897c80,0x00000000c4300000)
 Metaspace       used 27145K, committed 27904K, reserved 1114112K
  class space    used 2597K, committed 2944K, reserved 1048576K

Card table byte_map: [0x00000221ca300000,0x00000221ca510000] _byte_map_base: 0x00000221c9d00000

Marking Bits: (ParMarkBitMap*) 0x00007ffb423e3260
 Begin Bits: [0x00000221dcb20000, 0x00000221ddb20000)
 End Bits:   [0x00000221ddb20000, 0x00000221deb20000)

Polling page: 0x00000221ca0f0000

Metaspace:

Usage:
  Non-class:     23.98 MB used.
      Class:      2.54 MB used.
       Both:     26.51 MB used.

Virtual space:
  Non-class space:       64.00 MB reserved,      24.38 MB ( 38%) committed,  1 nodes.
      Class space:        1.00 GB reserved,       2.88 MB ( <1%) committed,  1 nodes.
             Both:        1.06 GB reserved,      27.25 MB (  3%) committed. 

Chunk freelists:
   Non-Class:  6.92 MB
       Class:  13.08 MB
        Both:  20.00 MB

MaxMetaspaceSize: unlimited
CompressedClassSpaceSize: 1.00 GB
Initial GC threshold: 21.00 MB
Current GC threshold: 35.00 MB
CDS: on
 - commit_granule_bytes: 65536.
 - commit_granule_words: 8192.
 - virtual_space_node_default_size: 8388608.
 - enlarge_chunks_in_place: 1.
 - use_allocation_guard: 0.


Internal statistics:

num_allocs_failed_limit: 3.
num_arena_births: 542.
num_arena_deaths: 14.
num_vsnodes_births: 2.
num_vsnodes_deaths: 0.
num_space_committed: 437.
num_space_uncommitted: 0.
num_chunks_returned_to_freelist: 17.
num_chunks_taken_from_freelist: 1588.
num_chunk_merges: 9.
num_chunk_splits: 1047.
num_chunks_enlarged: 660.
num_inconsistent_stats: 0.

CodeHeap 'non-profiled nmethods': size=120000Kb used=1541Kb max_used=1541Kb free=118458Kb
 bounds [0x00000221d55f0000, 0x00000221d5860000, 0x00000221dcb20000]
CodeHeap 'profiled nmethods': size=120000Kb used=6471Kb max_used=6471Kb free=113528Kb
 bounds [0x00000221cdb20000, 0x00000221ce180000, 0x00000221d5050000]
CodeHeap 'non-nmethods': size=5760Kb used=1348Kb max_used=1382Kb free=4411Kb
 bounds [0x00000221d5050000, 0x00000221d52c0000, 0x00000221d55f0000]
 total_blobs=3885 nmethods=3257 adapters=534
 compilation: enabled
              stopped_count=0, restarted_count=0
 full_count=0

Compilation events (20 events):
Event: 4.002 Thread 0x00000221e6010d70 nmethod 3112 0x00000221d5762710 code [0x00000221d57628c0, 0x00000221d57629d8]
Event: 4.002 Thread 0x00000221e6010d70 3115   !   4       java.lang.invoke.MemberName::getFieldType (176 bytes)
Event: 4.002 Thread 0x00000221dece17d0 nmethod 3116 0x00000221ce12b890 code [0x00000221ce12ba80, 0x00000221ce12bdf0]
Event: 4.003 Thread 0x00000221dece17d0 3118       1       java.util.concurrent.atomic.AtomicInteger::get (5 bytes)
Event: 4.003 Thread 0x00000221dece17d0 nmethod 3118 0x00000221d5762b10 code [0x00000221d5762ca0, 0x00000221d5762d68]
Event: 4.003 Thread 0x00000221e6010d70 nmethod 3115 0x00000221d5762e10 code [0x00000221d5762fa0, 0x00000221d57630a0]
Event: 4.003 Thread 0x00000221e6010d70 3117       4       jdk.internal.misc.Unsafe::allocateUninitializedArray0 (90 bytes)
Event: 4.004 Thread 0x00000221e62d14d0 nmethod 3114 0x00000221d5763190 code [0x00000221d5763340, 0x00000221d57634d8]
Event: 4.005 Thread 0x00000221e6010d70 nmethod 3117 0x00000221d5763690 code [0x00000221d5763820, 0x00000221d5763a00]
Event: 4.026 Thread 0x00000221e6010d70 3120       4       java.lang.StringConcatHelper::prepend (37 bytes)
Event: 4.026 Thread 0x00000221dece17d0 3121   !   3       org.eclipse.osgi.internal.loader.SystemBundleLoader::findLocalClass (12 bytes)
Event: 4.027 Thread 0x00000221dece17d0 nmethod 3121 0x00000221ce12bf90 code [0x00000221ce12c160, 0x00000221ce12c470]
Event: 4.027 Thread 0x00000221e62d14d0 3122       4       java.lang.Class::getPackageName (81 bytes)
Event: 4.028 Thread 0x00000221dece17d0 3123 %     2       java.util.Properties::loadConvert @ 72 (540 bytes)
Event: 4.028 Thread 0x00000221e6010d70 nmethod 3120 0x00000221d5763f10 code [0x00000221d57640a0, 0x00000221d57643c8]
Event: 4.028 Thread 0x00000221e6010d70 3124       4       java.lang.StringBuilder::append (8 bytes)
Event: 4.029 Thread 0x00000221dece17d0 nmethod 3123% 0x00000221ce12c590 code [0x00000221ce12c800, 0x00000221ce12d218]
Event: 4.034 Thread 0x00000221e6010d70 nmethod 3124 0x00000221d5764590 code [0x00000221d5764780, 0x00000221d5764da8]
Event: 4.035 Thread 0x00000221e6010d70 3125       4       java.util.zip.Inflater::ensureOpen (47 bytes)
Event: 4.036 Thread 0x00000221e6010d70 nmethod 3125 0x00000221d5765090 code [0x00000221d5765220, 0x00000221d57652f0]

GC Heap History (16 events):
Event: 1.045 GC heap before
{Heap before GC invocations=1 (full 0):
 PSYoungGen      total 29696K, used 25600K [0x00000000eab00000, 0x00000000ecc00000, 0x0000000100000000)
  eden space 25600K, 100% used [0x00000000eab00000,0x00000000ec400000,0x00000000ec400000)
  from space 4096K, 0% used [0x00000000ec800000,0x00000000ec800000,0x00000000ecc00000)
  to   space 4096K, 0% used [0x00000000ec400000,0x00000000ec400000,0x00000000ec800000)
 ParOldGen       total 68608K, used 0K [0x00000000c0000000, 0x00000000c4300000, 0x00000000eab00000)
  object space 68608K, 0% used [0x00000000c0000000,0x00000000c0000000,0x00000000c4300000)
 Metaspace       used 4356K, committed 4608K, reserved 1114112K
  class space    used 436K, committed 512K, reserved 1048576K
}
Event: 1.054 GC heap after
{Heap after GC invocations=1 (full 0):
 PSYoungGen      total 29696K, used 3173K [0x00000000eab00000, 0x00000000ecc00000, 0x0000000100000000)
  eden space 25600K, 0% used [0x00000000eab00000,0x00000000eab00000,0x00000000ec400000)
  from space 4096K, 77% used [0x00000000ec400000,0x00000000ec7197f0,0x00000000ec800000)
  to   space 4096K, 0% used [0x00000000ec800000,0x00000000ec800000,0x00000000ecc00000)
 ParOldGen       total 68608K, used 16K [0x00000000c0000000, 0x00000000c4300000, 0x00000000eab00000)
  object space 68608K, 0% used [0x00000000c0000000,0x00000000c0004000,0x00000000c4300000)
 Metaspace       used 4356K, committed 4608K, reserved 1114112K
  class space    used 436K, committed 512K, reserved 1048576K
}
Event: 1.921 GC heap before
{Heap before GC invocations=2 (full 0):
 PSYoungGen      total 29696K, used 28773K [0x00000000eab00000, 0x00000000ecc00000, 0x0000000100000000)
  eden space 25600K, 100% used [0x00000000eab00000,0x00000000ec400000,0x00000000ec400000)
  from space 4096K, 77% used [0x00000000ec400000,0x00000000ec7197f0,0x00000000ec800000)
  to   space 4096K, 0% used [0x00000000ec800000,0x00000000ec800000,0x00000000ecc00000)
 ParOldGen       total 68608K, used 16K [0x00000000c0000000, 0x00000000c4300000, 0x00000000eab00000)
  object space 68608K, 0% used [0x00000000c0000000,0x00000000c0004000,0x00000000c4300000)
 Metaspace       used 8206K, committed 8512K, reserved 1114112K
  class space    used 813K, committed 960K, reserved 1048576K
}
Event: 1.926 GC heap after
{Heap after GC invocations=2 (full 0):
 PSYoungGen      total 29696K, used 4074K [0x00000000eab00000, 0x00000000ecc00000, 0x0000000100000000)
  eden space 25600K, 0% used [0x00000000eab00000,0x00000000eab00000,0x00000000ec400000)
  from space 4096K, 99% used [0x00000000ec800000,0x00000000ecbfa948,0x00000000ecc00000)
  to   space 4096K, 0% used [0x00000000ec400000,0x00000000ec400000,0x00000000ec800000)
 ParOldGen       total 68608K, used 877K [0x00000000c0000000, 0x00000000c4300000, 0x00000000eab00000)
  object space 68608K, 1% used [0x00000000c0000000,0x00000000c00db6b8,0x00000000c4300000)
 Metaspace       used 8206K, committed 8512K, reserved 1114112K
  class space    used 813K, committed 960K, reserved 1048576K
}
Event: 2.451 GC heap before
{Heap before GC invocations=3 (full 0):
 PSYoungGen      total 29696K, used 29674K [0x00000000eab00000, 0x00000000ecc00000, 0x0000000100000000)
  eden space 25600K, 100% used [0x00000000eab00000,0x00000000ec400000,0x00000000ec400000)
  from space 4096K, 99% used [0x00000000ec800000,0x00000000ecbfa948,0x00000000ecc00000)
  to   space 4096K, 0% used [0x00000000ec400000,0x00000000ec400000,0x00000000ec800000)
 ParOldGen       total 68608K, used 877K [0x00000000c0000000, 0x00000000c4300000, 0x00000000eab00000)
  object space 68608K, 1% used [0x00000000c0000000,0x00000000c00db6b8,0x00000000c4300000)
 Metaspace       used 12959K, committed 13504K, reserved 1114112K
  class space    used 1303K, committed 1536K, reserved 1048576K
}
Event: 2.455 GC heap after
{Heap after GC invocations=3 (full 0):
 PSYoungGen      total 29696K, used 4076K [0x00000000eab00000, 0x00000000ecc00000, 0x0000000100000000)
  eden space 25600K, 0% used [0x00000000eab00000,0x00000000eab00000,0x00000000ec400000)
  from space 4096K, 99% used [0x00000000ec400000,0x00000000ec7fb250,0x00000000ec800000)
  to   space 4096K, 0% used [0x00000000ec800000,0x00000000ec800000,0x00000000ecc00000)
 ParOldGen       total 68608K, used 2718K [0x00000000c0000000, 0x00000000c4300000, 0x00000000eab00000)
  object space 68608K, 3% used [0x00000000c0000000,0x00000000c02a78f8,0x00000000c4300000)
 Metaspace       used 12959K, committed 13504K, reserved 1114112K
  class space    used 1303K, committed 1536K, reserved 1048576K
}
Event: 2.900 GC heap before
{Heap before GC invocations=4 (full 0):
 PSYoungGen      total 29696K, used 29676K [0x00000000eab00000, 0x00000000ecc00000, 0x0000000100000000)
  eden space 25600K, 100% used [0x00000000eab00000,0x00000000ec400000,0x00000000ec400000)
  from space 4096K, 99% used [0x00000000ec400000,0x00000000ec7fb250,0x00000000ec800000)
  to   space 4096K, 0% used [0x00000000ec800000,0x00000000ec800000,0x00000000ecc00000)
 ParOldGen       total 68608K, used 2718K [0x00000000c0000000, 0x00000000c4300000, 0x00000000eab00000)
  object space 68608K, 3% used [0x00000000c0000000,0x00000000c02a78f8,0x00000000c4300000)
 Metaspace       used 16933K, committed 17600K, reserved 1114112K
  class space    used 1691K, committed 1984K, reserved 1048576K
}
Event: 2.904 GC heap after
{Heap after GC invocations=4 (full 0):
 PSYoungGen      total 29696K, used 4081K [0x00000000eab00000, 0x00000000ecc00000, 0x0000000100000000)
  eden space 25600K, 0% used [0x00000000eab00000,0x00000000eab00000,0x00000000ec400000)
  from space 4096K, 99% used [0x00000000ec800000,0x00000000ecbfc498,0x00000000ecc00000)
  to   space 4096K, 0% used [0x00000000ec400000,0x00000000ec400000,0x00000000ec800000)
 ParOldGen       total 68608K, used 5320K [0x00000000c0000000, 0x00000000c4300000, 0x00000000eab00000)
  object space 68608K, 7% used [0x00000000c0000000,0x00000000c0532358,0x00000000c4300000)
 Metaspace       used 16933K, committed 17600K, reserved 1114112K
  class space    used 1691K, committed 1984K, reserved 1048576K
}
Event: 3.155 GC heap before
{Heap before GC invocations=5 (full 0):
 PSYoungGen      total 29696K, used 29681K [0x00000000eab00000, 0x00000000ecc00000, 0x0000000100000000)
  eden space 25600K, 100% used [0x00000000eab00000,0x00000000ec400000,0x00000000ec400000)
  from space 4096K, 99% used [0x00000000ec800000,0x00000000ecbfc498,0x00000000ecc00000)
  to   space 4096K, 0% used [0x00000000ec400000,0x00000000ec400000,0x00000000ec800000)
 ParOldGen       total 68608K, used 5320K [0x00000000c0000000, 0x00000000c4300000, 0x00000000eab00000)
  object space 68608K, 7% used [0x00000000c0000000,0x00000000c0532358,0x00000000c4300000)
 Metaspace       used 20279K, committed 20992K, reserved 1114112K
  class space    used 1935K, committed 2240K, reserved 1048576K
}
Event: 3.158 GC heap after
{Heap after GC invocations=5 (full 0):
 PSYoungGen      total 29184K, used 4078K [0x00000000eab00000, 0x00000000ed080000, 0x0000000100000000)
  eden space 25088K, 0% used [0x00000000eab00000,0x00000000eab00000,0x00000000ec380000)
  from space 4096K, 99% used [0x00000000ec400000,0x00000000ec7fb830,0x00000000ec800000)
  to   space 6656K, 0% used [0x00000000eca00000,0x00000000eca00000,0x00000000ed080000)
 ParOldGen       total 68608K, used 7690K [0x00000000c0000000, 0x00000000c4300000, 0x00000000eab00000)
  object space 68608K, 11% used [0x00000000c0000000,0x00000000c0782b10,0x00000000c4300000)
 Metaspace       used 20279K, committed 20992K, reserved 1114112K
  class space    used 1935K, committed 2240K, reserved 1048576K
}
Event: 3.196 GC heap before
{Heap before GC invocations=6 (full 0):
 PSYoungGen      total 29184K, used 8634K [0x00000000eab00000, 0x00000000ed080000, 0x0000000100000000)
  eden space 25088K, 18% used [0x00000000eab00000,0x00000000eaf73390,0x00000000ec380000)
  from space 4096K, 99% used [0x00000000ec400000,0x00000000ec7fb830,0x00000000ec800000)
  to   space 6656K, 0% used [0x00000000eca00000,0x00000000eca00000,0x00000000ed080000)
 ParOldGen       total 68608K, used 7690K [0x00000000c0000000, 0x00000000c4300000, 0x00000000eab00000)
  object space 68608K, 11% used [0x00000000c0000000,0x00000000c0782b10,0x00000000c4300000)
 Metaspace       used 20865K, committed 21504K, reserved 1114112K
  class space    used 1977K, committed 2240K, reserved 1048576K
}
Event: 3.200 GC heap after
{Heap after GC invocations=6 (full 0):
 PSYoungGen      total 29696K, used 4409K [0x00000000eab00000, 0x00000000ece80000, 0x0000000100000000)
  eden space 25088K, 0% used [0x00000000eab00000,0x00000000eab00000,0x00000000ec380000)
  from space 4608K, 95% used [0x00000000eca00000,0x00000000ece4e448,0x00000000ece80000)
  to   space 5632K, 0% used [0x00000000ec380000,0x00000000ec380000,0x00000000ec900000)
 ParOldGen       total 68608K, used 7690K [0x00000000c0000000, 0x00000000c4300000, 0x00000000eab00000)
  object space 68608K, 11% used [0x00000000c0000000,0x00000000c0782b10,0x00000000c4300000)
 Metaspace       used 20865K, committed 21504K, reserved 1114112K
  class space    used 1977K, committed 2240K, reserved 1048576K
}
Event: 3.200 GC heap before
{Heap before GC invocations=7 (full 1):
 PSYoungGen      total 29696K, used 4409K [0x00000000eab00000, 0x00000000ece80000, 0x0000000100000000)
  eden space 25088K, 0% used [0x00000000eab00000,0x00000000eab00000,0x00000000ec380000)
  from space 4608K, 95% used [0x00000000eca00000,0x00000000ece4e448,0x00000000ece80000)
  to   space 5632K, 0% used [0x00000000ec380000,0x00000000ec380000,0x00000000ec900000)
 ParOldGen       total 68608K, used 7690K [0x00000000c0000000, 0x00000000c4300000, 0x00000000eab00000)
  object space 68608K, 11% used [0x00000000c0000000,0x00000000c0782b10,0x00000000c4300000)
 Metaspace       used 20865K, committed 21504K, reserved 1114112K
  class space    used 1977K, committed 2240K, reserved 1048576K
}
Event: 3.224 GC heap after
{Heap after GC invocations=7 (full 1):
 PSYoungGen      total 29696K, used 0K [0x00000000eab00000, 0x00000000ece80000, 0x0000000100000000)
  eden space 25088K, 0% used [0x00000000eab00000,0x00000000eab00000,0x00000000ec380000)
  from space 4608K, 0% used [0x00000000eca00000,0x00000000eca00000,0x00000000ece80000)
  to   space 5632K, 0% used [0x00000000ec380000,0x00000000ec380000,0x00000000ec900000)
 ParOldGen       total 68608K, used 8367K [0x00000000c0000000, 0x00000000c4300000, 0x00000000eab00000)
  object space 68608K, 12% used [0x00000000c0000000,0x00000000c082bc30,0x00000000c4300000)
 Metaspace       used 20853K, committed 21504K, reserved 1114112K
  class space    used 1973K, committed 2240K, reserved 1048576K
}
Event: 3.560 GC heap before
{Heap before GC invocations=8 (full 1):
 PSYoungGen      total 29696K, used 25088K [0x00000000eab00000, 0x00000000ece80000, 0x0000000100000000)
  eden space 25088K, 100% used [0x00000000eab00000,0x00000000ec380000,0x00000000ec380000)
  from space 4608K, 0% used [0x00000000eca00000,0x00000000eca00000,0x00000000ece80000)
  to   space 5632K, 0% used [0x00000000ec380000,0x00000000ec380000,0x00000000ec900000)
 ParOldGen       total 68608K, used 8367K [0x00000000c0000000, 0x00000000c4300000, 0x00000000eab00000)
  object space 68608K, 12% used [0x00000000c0000000,0x00000000c082bc30,0x00000000c4300000)
 Metaspace       used 22701K, committed 23360K, reserved 1114112K
  class space    used 2113K, committed 2368K, reserved 1048576K
}
Event: 3.563 GC heap after
{Heap after GC invocations=8 (full 1):
 PSYoungGen      total 27648K, used 2966K [0x00000000eab00000, 0x00000000ecb00000, 0x0000000100000000)
  eden space 24576K, 0% used [0x00000000eab00000,0x00000000eab00000,0x00000000ec300000)
  from space 3072K, 96% used [0x00000000ec380000,0x00000000ec665ae0,0x00000000ec680000)
  to   space 4096K, 0% used [0x00000000ec700000,0x00000000ec700000,0x00000000ecb00000)
 ParOldGen       total 68608K, used 8375K [0x00000000c0000000, 0x00000000c4300000, 0x00000000eab00000)
  object space 68608K, 12% used [0x00000000c0000000,0x00000000c082dc30,0x00000000c4300000)
 Metaspace       used 22701K, committed 23360K, reserved 1114112K
  class space    used 2113K, committed 2368K, reserved 1048576K
}

Dll operation events (10 events):
Event: 0.014 Loaded shared library c:\Users\SANG\.vscode\extensions\redhat.java-1.40.0-win32-x64\jre\21.0.6-win32-x86_64\bin\java.dll
Event: 0.126 Loaded shared library c:\Users\SANG\.vscode\extensions\redhat.java-1.40.0-win32-x64\jre\21.0.6-win32-x86_64\bin\zip.dll
Event: 0.145 Loaded shared library C:\Users\SANG\.vscode\extensions\redhat.java-1.40.0-win32-x64\jre\21.0.6-win32-x86_64\bin\instrument.dll
Event: 0.149 Loaded shared library C:\Users\SANG\.vscode\extensions\redhat.java-1.40.0-win32-x64\jre\21.0.6-win32-x86_64\bin\net.dll
Event: 0.152 Loaded shared library C:\Users\SANG\.vscode\extensions\redhat.java-1.40.0-win32-x64\jre\21.0.6-win32-x86_64\bin\nio.dll
Event: 0.157 Loaded shared library C:\Users\SANG\.vscode\extensions\redhat.java-1.40.0-win32-x64\jre\21.0.6-win32-x86_64\bin\zip.dll
Event: 0.174 Loaded shared library C:\Users\SANG\.vscode\extensions\redhat.java-1.40.0-win32-x64\jre\21.0.6-win32-x86_64\bin\jimage.dll
Event: 0.267 Loaded shared library c:\Users\SANG\.vscode\extensions\redhat.java-1.40.0-win32-x64\jre\21.0.6-win32-x86_64\bin\verify.dll
Event: 1.866 Loaded shared library C:\Users\SANG\AppData\Roaming\Code\User\globalStorage\redhat.java\1.40.0\config_ss_win\org.eclipse.equinox.launcher\org.eclipse.equinox.launcher.win32.win32.x86_64_1.2.1200.v20250212-0927\eclipse_11909.dll
Event: 2.690 Loaded shared library C:\Users\SANG\AppData\Local\Temp\jna-2537607\jna426719084864723367.dll

Deoptimization events (20 events):
Event: 3.950 Thread 0x00000221c87050f0 Uncommon trap: trap_request=0xffffffde fr.pc=0x00000221d575d5cc relative=0x000000000000012c
Event: 3.950 Thread 0x00000221c87050f0 Uncommon trap: reason=class_check action=maybe_recompile pc=0x00000221d575d5cc method=jdk.internal.misc.Unsafe.allocateUninitializedArray(Ljava/lang/Class;I)Ljava/lang/Object; @ 51 c2
Event: 3.950 Thread 0x00000221c87050f0 DEOPT PACKING pc=0x00000221d575d5cc sp=0x0000009846ffd760
Event: 3.950 Thread 0x00000221c87050f0 DEOPT UNPACKING pc=0x00000221d50a6da2 sp=0x0000009846ffd6d8 mode 2
Event: 3.950 Thread 0x00000221c87050f0 Uncommon trap: trap_request=0xffffffde fr.pc=0x00000221d575d5cc relative=0x000000000000012c
Event: 3.950 Thread 0x00000221c87050f0 Uncommon trap: reason=class_check action=maybe_recompile pc=0x00000221d575d5cc method=jdk.internal.misc.Unsafe.allocateUninitializedArray(Ljava/lang/Class;I)Ljava/lang/Object; @ 51 c2
Event: 3.950 Thread 0x00000221c87050f0 DEOPT PACKING pc=0x00000221d575d5cc sp=0x0000009846ffd760
Event: 3.950 Thread 0x00000221c87050f0 DEOPT UNPACKING pc=0x00000221d50a6da2 sp=0x0000009846ffd6d8 mode 2
Event: 3.950 Thread 0x00000221c87050f0 Uncommon trap: trap_request=0xffffffde fr.pc=0x00000221d575d5cc relative=0x000000000000012c
Event: 3.950 Thread 0x00000221c87050f0 Uncommon trap: reason=class_check action=maybe_recompile pc=0x00000221d575d5cc method=jdk.internal.misc.Unsafe.allocateUninitializedArray(Ljava/lang/Class;I)Ljava/lang/Object; @ 51 c2
Event: 3.950 Thread 0x00000221c87050f0 DEOPT PACKING pc=0x00000221d575d5cc sp=0x0000009846ffd760
Event: 3.950 Thread 0x00000221c87050f0 DEOPT UNPACKING pc=0x00000221d50a6da2 sp=0x0000009846ffd6d8 mode 2
Event: 3.950 Thread 0x00000221c87050f0 Uncommon trap: trap_request=0xffffffde fr.pc=0x00000221d575d5cc relative=0x000000000000012c
Event: 3.950 Thread 0x00000221c87050f0 Uncommon trap: reason=class_check action=maybe_recompile pc=0x00000221d575d5cc method=jdk.internal.misc.Unsafe.allocateUninitializedArray(Ljava/lang/Class;I)Ljava/lang/Object; @ 51 c2
Event: 3.950 Thread 0x00000221c87050f0 DEOPT PACKING pc=0x00000221d575d5cc sp=0x0000009846ffd760
Event: 3.950 Thread 0x00000221c87050f0 DEOPT UNPACKING pc=0x00000221d50a6da2 sp=0x0000009846ffd6d8 mode 2
Event: 4.027 Thread 0x00000221e5da8f20 Uncommon trap: trap_request=0xffffff45 fr.pc=0x00000221d5735a20 relative=0x00000000000011c0
Event: 4.027 Thread 0x00000221e5da8f20 Uncommon trap: reason=unstable_if action=reinterpret pc=0x00000221d5735a20 method=java.util.Properties.loadConvert([CIILjava/lang/StringBuilder;)Ljava/lang/String; @ 477 c2
Event: 4.027 Thread 0x00000221e5da8f20 DEOPT PACKING pc=0x00000221d5735a20 sp=0x0000009848dfd850
Event: 4.027 Thread 0x00000221e5da8f20 DEOPT UNPACKING pc=0x00000221d50a6da2 sp=0x0000009848dfd840 mode 2

Classes loaded (20 events):
Event: 3.998 Loading class sun/nio/ch/Iocp$CompletionStatus
Event: 3.998 Loading class sun/nio/ch/Iocp$CompletionStatus done
Event: 3.998 Loading class sun/nio/ch/ThreadPool
Event: 3.998 Loading class sun/nio/ch/ThreadPool done
Event: 3.999 Loading class sun/nio/ch/Iocp$EventHandlerTask
Event: 3.999 Loading class sun/nio/ch/Iocp$EventHandlerTask done
Event: 3.999 Loading class sun/nio/ch/AsynchronousChannelGroupImpl$2
Event: 3.999 Loading class sun/nio/ch/AsynchronousChannelGroupImpl$2 done
Event: 3.999 Loading class sun/nio/ch/AsynchronousChannelGroupImpl$1
Event: 4.000 Loading class sun/nio/ch/AsynchronousChannelGroupImpl$1 done
Event: 4.000 Loading class sun/nio/ch/PendingIoCache
Event: 4.001 Loading class sun/nio/ch/PendingIoCache done
Event: 4.001 Loading class sun/nio/ch/Invoker
Event: 4.001 Loading class sun/nio/ch/Invoker done
Event: 4.001 Loading class sun/nio/ch/Invoker$1
Event: 4.002 Loading class sun/nio/ch/Invoker$1 done
Event: 4.002 Loading class sun/nio/ch/Invoker$GroupAndInvokeCount
Event: 4.002 Loading class sun/nio/ch/Invoker$GroupAndInvokeCount done
Event: 4.030 Loading class java/util/concurrent/CompletableFuture
Event: 4.031 Loading class java/util/concurrent/CompletableFuture done

Classes unloaded (7 events):
Event: 3.205 Thread 0x00000221ca9ee8a0 Unloading class 0x0000022181184c00 'java/lang/invoke/LambdaForm$MH+0x0000022181184c00'
Event: 3.205 Thread 0x00000221ca9ee8a0 Unloading class 0x0000022181184800 'java/lang/invoke/LambdaForm$MH+0x0000022181184800'
Event: 3.205 Thread 0x00000221ca9ee8a0 Unloading class 0x0000022181184400 'java/lang/invoke/LambdaForm$MH+0x0000022181184400'
Event: 3.205 Thread 0x00000221ca9ee8a0 Unloading class 0x0000022181184000 'java/lang/invoke/LambdaForm$MH+0x0000022181184000'
Event: 3.205 Thread 0x00000221ca9ee8a0 Unloading class 0x0000022181183c00 'java/lang/invoke/LambdaForm$BMH+0x0000022181183c00'
Event: 3.205 Thread 0x00000221ca9ee8a0 Unloading class 0x0000022181183800 'java/lang/invoke/LambdaForm$DMH+0x0000022181183800'
Event: 3.205 Thread 0x00000221ca9ee8a0 Unloading class 0x0000022181182400 'java/lang/invoke/LambdaForm$DMH+0x0000022181182400'

Classes redefined (0 events):
No events

Internal exceptions (20 events):
Event: 2.793 Thread 0x00000221e5b7ad60 Exception <a 'java/lang/NoSuchMethodError'{0x00000000eb787e70}: 'java.lang.Object java.lang.invoke.DirectMethodHandle$Holder.invokeSpecial(java.lang.Object, java.lang.Object, int, java.lang.Object, java.lang.Object)'> (0x00000000eb787e70) 
thrown [s\src\hotspot\share\interpreter\linkResolver.cpp, line 773]
Event: 2.794 Thread 0x00000221e5b7ad60 Exception <a 'java/lang/NoSuchMethodError'{0x00000000eb78eba8}: 'java.lang.Object java.lang.invoke.DirectMethodHandle$Holder.newInvokeSpecial(java.lang.Object, java.lang.Object, int, java.lang.Object)'> (0x00000000eb78eba8) 
thrown [s\src\hotspot\share\interpreter\linkResolver.cpp, line 773]
Event: 2.807 Thread 0x00000221e557d0e0 Exception <a 'java/lang/NoSuchMethodError'{0x00000000ebacb050}: 'void java.lang.invoke.DirectMethodHandle$Holder.invokeSpecial(java.lang.Object, java.lang.Object, java.lang.Object, java.lang.Object, java.lang.Object)'> (0x00000000ebacb050) 
thrown [s\src\hotspot\share\interpreter\linkResolver.cpp, line 773]
Event: 2.840 Thread 0x00000221e557d0e0 Exception <a 'java/lang/NoSuchMethodError'{0x00000000ebd68e70}: 'double java.lang.invoke.DirectMethodHandle$Holder.invokeStatic(java.lang.Object, java.lang.Object)'> (0x00000000ebd68e70) 
thrown [s\src\hotspot\share\interpreter\linkResolver.cpp, line 773]
Event: 2.840 Thread 0x00000221e557d0e0 Exception <a 'java/lang/NoSuchMethodError'{0x00000000ebd6c530}: 'double java.lang.invoke.DirectMethodHandle$Holder.invokeStaticInit(java.lang.Object, java.lang.Object)'> (0x00000000ebd6c530) 
thrown [s\src\hotspot\share\interpreter\linkResolver.cpp, line 773]
Event: 3.132 Thread 0x00000221e557d0e0 Implicit null exception at 0x00000221d570f975 to 0x00000221d570fa88
Event: 3.467 Thread 0x00000221e557d0e0 Exception <a 'java/lang/ClassNotFoundException'{0x00000000ebfce2e0}: com/sun/org/apache/xerces/internal/impl/msg/spi/DOMMessagesProvider> (0x00000000ebfce2e0) 
thrown [s\src\hotspot\share\classfile\systemDictionary.cpp, line 312]
Event: 3.469 Thread 0x00000221e557d0e0 Exception <a 'java/lang/ClassNotFoundException'{0x00000000ebfe9458}: com/sun/org/apache/xerces/internal/impl/msg/spi/XMLSerializerMessagesProvider> (0x00000000ebfe9458) 
thrown [s\src\hotspot\share\classfile\systemDictionary.cpp, line 312]
Event: 3.471 Thread 0x00000221e557d0e0 Exception <a 'java/lang/ClassNotFoundException'{0x00000000ebff6778}: com/sun/org/apache/xerces/internal/impl/msg/spi/XMLMessagesProvider> (0x00000000ebff6778) 
thrown [s\src\hotspot\share\classfile\systemDictionary.cpp, line 312]
Event: 3.507 Thread 0x00000221e557d0e0 Exception <a 'java/lang/NoSuchMethodError'{0x00000000ec1be7e0}: 'java.lang.Object java.lang.invoke.DirectMethodHandle$Holder.newInvokeSpecial(java.lang.Object, int, java.lang.Object, java.lang.Object)'> (0x00000000ec1be7e0) 
thrown [s\src\hotspot\share\interpreter\linkResolver.cpp, line 773]
Event: 3.579 Thread 0x00000221e557d0e0 Exception <a 'sun/nio/fs/WindowsException'{0x00000000eab92150}> (0x00000000eab92150) 
thrown [s\src\hotspot\share\prims\jni.cpp, line 520]
Event: 3.739 Thread 0x00000221e557d0e0 Exception <a 'java/lang/ClassNotFoundException'{0x00000000eb190570}: com/sun/org/apache/xml/internal/serializer/spi/XMLEntitiesProvider> (0x00000000eb190570) 
thrown [s\src\hotspot\share\classfile\systemDictionary.cpp, line 312]
Event: 3.875 Thread 0x00000221e557d0e0 Exception <a 'java/io/FileNotFoundException'{0x00000000eb4fa918}> (0x00000000eb4fa918) 
thrown [s\src\hotspot\share\prims\jni.cpp, line 520]
Event: 3.898 Thread 0x00000221e557d0e0 Exception <a 'java/lang/UnsatisfiedLinkError'{0x00000000eb5f75b8}: The specified procedure could not be found.
> (0x00000000eb5f75b8) 
thrown [s\src\hotspot\share\prims\jni.cpp, line 539]
Event: 3.903 Thread 0x00000221e557d0e0 Exception <a 'java/io/FileNotFoundException'{0x00000000eb60d750}> (0x00000000eb60d750) 
thrown [s\src\hotspot\share\prims\jni.cpp, line 520]
Event: 3.919 Thread 0x00000221e557d0e0 Exception <a 'java/io/FileNotFoundException'{0x00000000eb685cd0}> (0x00000000eb685cd0) 
thrown [s\src\hotspot\share\prims\jni.cpp, line 520]
Event: 3.931 Thread 0x00000221e557d0e0 Exception <a 'java/lang/UnsatisfiedLinkError'{0x00000000eb6b3cb0}: The specified procedure could not be found.
> (0x00000000eb6b3cb0) 
thrown [s\src\hotspot\share\prims\jni.cpp, line 539]
Event: 3.980 Thread 0x00000221c87050f0 Exception <a 'java/lang/NoSuchMethodError'{0x00000000eb932e00}: 'java.lang.Object java.lang.invoke.DirectMethodHandle$Holder.invokeStatic(java.lang.Object, long, java.lang.Object)'> (0x00000000eb932e00) 
thrown [s\src\hotspot\share\interpreter\linkResolver.cpp, line 773]
Event: 3.981 Thread 0x00000221c87050f0 Exception <a 'java/lang/NoSuchMethodError'{0x00000000eb936468}: 'java.lang.Object java.lang.invoke.DirectMethodHandle$Holder.invokeStaticInit(java.lang.Object, long, java.lang.Object)'> (0x00000000eb936468) 
thrown [s\src\hotspot\share\interpreter\linkResolver.cpp, line 773]
Event: 3.981 Thread 0x00000221c87050f0 Exception <a 'java/lang/NoSuchMethodError'{0x00000000eb958758}: 'java.lang.Object java.lang.invoke.DirectMethodHandle$Holder.newInvokeSpecial(java.lang.Object, long)'> (0x00000000eb958758) 
thrown [s\src\hotspot\share\interpreter\linkResolver.cpp, line 773]

ZGC Phase Switch (0 events):
No events

VM Operations (20 events):
Event: 2.900 Executing VM operation: ParallelGCFailedAllocation (Allocation Failure)
Event: 2.904 Executing VM operation: ParallelGCFailedAllocation (Allocation Failure) done
Event: 3.155 Executing VM operation: ParallelGCFailedAllocation (Allocation Failure)
Event: 3.159 Executing VM operation: ParallelGCFailedAllocation (Allocation Failure) done
Event: 3.196 Executing VM operation: CollectForMetadataAllocation (Metadata GC Threshold)
Event: 3.224 Executing VM operation: CollectForMetadataAllocation (Metadata GC Threshold) done
Event: 3.402 Executing VM operation: HandshakeAllThreads (Deoptimize)
Event: 3.402 Executing VM operation: HandshakeAllThreads (Deoptimize) done
Event: 3.560 Executing VM operation: ParallelGCFailedAllocation (Allocation Failure)
Event: 3.563 Executing VM operation: ParallelGCFailedAllocation (Allocation Failure) done
Event: 3.565 Executing VM operation: HandshakeAllThreads (Deoptimize)
Event: 3.565 Executing VM operation: HandshakeAllThreads (Deoptimize) done
Event: 3.568 Executing VM operation: HandshakeAllThreads (Deoptimize)
Event: 3.568 Executing VM operation: HandshakeAllThreads (Deoptimize) done
Event: 3.630 Executing VM operation: HandshakeAllThreads (Deoptimize)
Event: 3.630 Executing VM operation: HandshakeAllThreads (Deoptimize) done
Event: 3.630 Executing VM operation: HandshakeAllThreads (Deoptimize)
Event: 3.631 Executing VM operation: HandshakeAllThreads (Deoptimize) done
Event: 3.783 Executing VM operation: HandshakeAllThreads (Deoptimize)
Event: 3.784 Executing VM operation: HandshakeAllThreads (Deoptimize) done

Memory protections (0 events):
No events

Nmethod flushes (0 events):
No events

Events (20 events):
Event: 2.262 Thread 0x00000221e557d0e0 Thread added: 0x00000221e589a6d0
Event: 2.707 Thread 0x00000221e54f8d70 Thread exited: 0x00000221e54f8d70
Event: 2.724 Thread 0x00000221e557d0e0 Thread added: 0x00000221e54f8d70
Event: 2.760 Thread 0x00000221e557d0e0 Thread added: 0x00000221e5b7ad60
Event: 2.794 Thread 0x00000221e557d0e0 Thread added: 0x00000221e5da8f20
Event: 3.038 Thread 0x00000221e579ced0 Thread exited: 0x00000221e579ced0
Event: 3.327 Thread 0x00000221dece17d0 Thread added: 0x00000221e6010d70
Event: 3.327 Thread 0x00000221dece17d0 Thread added: 0x00000221e62d14d0
Event: 3.491 Thread 0x00000221e557d0e0 Thread added: 0x00000221e5da9c40
Event: 3.605 Thread 0x00000221e5da9c40 Thread exited: 0x00000221e5da9c40
Event: 3.999 Thread 0x00000221c87050f0 Thread added: 0x00000221e5da74e0
Event: 4.000 Thread 0x00000221c87050f0 Thread added: 0x00000221e5da95b0
Event: 4.000 Thread 0x00000221c87050f0 Thread added: 0x00000221e5da8200
Event: 4.000 Thread 0x00000221c87050f0 Thread added: 0x00000221e5da9c40
Event: 4.000 Thread 0x00000221c87050f0 Thread added: 0x00000221e5da6e50
Event: 4.000 Thread 0x00000221c87050f0 Thread added: 0x00000221e5da7b70
Event: 4.000 Thread 0x00000221c87050f0 Thread added: 0x00000221e5da8890
Event: 4.000 Thread 0x00000221c87050f0 Thread added: 0x00000221e5daa2d0
Event: 4.000 Thread 0x00000221c87050f0 Thread added: 0x00000221e73b2020
Event: 4.022 Thread 0x00000221c87050f0 Thread added: 0x00000221e73b54a0


Dynamic libraries:
0x00007ff6fbbf0000 - 0x00007ff6fbbfe000 	c:\Users\SANG\.vscode\extensions\redhat.java-1.40.0-win32-x64\jre\21.0.6-win32-x86_64\bin\java.exe
0x00007ffbc2820000 - 0x00007ffbc2a29000 	C:\Windows\SYSTEM32\ntdll.dll
0x00007ffbc15a0000 - 0x00007ffbc165d000 	C:\Windows\System32\KERNEL32.DLL
0x00007ffbbfdd0000 - 0x00007ffbc0154000 	C:\Windows\System32\KERNELBASE.dll
0x00007ffbc04b0000 - 0x00007ffbc05c1000 	C:\Windows\System32\ucrtbase.dll
0x00007ffb95180000 - 0x00007ffb95198000 	c:\Users\SANG\.vscode\extensions\redhat.java-1.40.0-win32-x64\jre\21.0.6-win32-x86_64\bin\jli.dll
0x00007ffbc0dc0000 - 0x00007ffbc0f6d000 	C:\Windows\System32\USER32.dll
0x00007ffbbfcb0000 - 0x00007ffbbfcd6000 	C:\Windows\System32\win32u.dll
0x00007ffbc06a0000 - 0x00007ffbc06ca000 	C:\Windows\System32\GDI32.dll
0x00007ffbc0390000 - 0x00007ffbc04ae000 	C:\Windows\System32\gdi32full.dll
0x00007ffb95160000 - 0x00007ffb9517e000 	c:\Users\SANG\.vscode\extensions\redhat.java-1.40.0-win32-x64\jre\21.0.6-win32-x86_64\bin\VCRUNTIME140.dll
0x00007ffbc05d0000 - 0x00007ffbc066d000 	C:\Windows\System32\msvcp_win.dll
0x00007ffb9c770000 - 0x00007ffb9ca15000 	C:\Windows\WinSxS\amd64_microsoft.windows.common-controls_6595b64144ccf1df_6.0.22000.120_none_9d947278b86cc467\COMCTL32.dll
0x00007ffbc1c00000 - 0x00007ffbc1ca3000 	C:\Windows\System32\msvcrt.dll
0x00007ffbc1cb0000 - 0x00007ffbc1ce1000 	C:\Windows\System32\IMM32.DLL
0x00007ffba7380000 - 0x00007ffba738c000 	c:\Users\SANG\.vscode\extensions\redhat.java-1.40.0-win32-x64\jre\21.0.6-win32-x86_64\bin\vcruntime140_1.dll
0x00007ffb49190000 - 0x00007ffb4921d000 	c:\Users\SANG\.vscode\extensions\redhat.java-1.40.0-win32-x64\jre\21.0.6-win32-x86_64\bin\msvcp140.dll
0x00007ffb41730000 - 0x00007ffb424c0000 	c:\Users\SANG\.vscode\extensions\redhat.java-1.40.0-win32-x64\jre\21.0.6-win32-x86_64\bin\server\jvm.dll
0x00007ffbc0d10000 - 0x00007ffbc0dbe000 	C:\Windows\System32\ADVAPI32.dll
0x00007ffbc2660000 - 0x00007ffbc26fe000 	C:\Windows\System32\sechost.dll
0x00007ffbc13f0000 - 0x00007ffbc1511000 	C:\Windows\System32\RPCRT4.dll
0x00007ffbc1a10000 - 0x00007ffbc1a7f000 	C:\Windows\System32\WS2_32.dll
0x00007ffbbee20000 - 0x00007ffbbee6d000 	C:\Windows\SYSTEM32\POWRPROF.dll
0x00007ffbb4580000 - 0x00007ffbb458a000 	C:\Windows\SYSTEM32\VERSION.dll
0x00007ffbbd820000 - 0x00007ffbbd853000 	C:\Windows\SYSTEM32\WINMM.dll
0x00007ffbbedc0000 - 0x00007ffbbedd3000 	C:\Windows\SYSTEM32\UMPDC.dll
0x00007ffbbeda0000 - 0x00007ffbbedb8000 	C:\Windows\SYSTEM32\kernel.appcore.dll
0x00007ffba6480000 - 0x00007ffba648a000 	c:\Users\SANG\.vscode\extensions\redhat.java-1.40.0-win32-x64\jre\21.0.6-win32-x86_64\bin\jimage.dll
0x00007ffbbd5b0000 - 0x00007ffbbd7d1000 	C:\Windows\SYSTEM32\DBGHELP.DLL
0x00007ffbbd7e0000 - 0x00007ffbbd811000 	C:\Windows\SYSTEM32\dbgcore.DLL
0x00007ffbbfce0000 - 0x00007ffbbfd5f000 	C:\Windows\System32\bcryptPrimitives.dll
0x00007ffba63a0000 - 0x00007ffba63af000 	c:\Users\SANG\.vscode\extensions\redhat.java-1.40.0-win32-x64\jre\21.0.6-win32-x86_64\bin\instrument.dll
0x00007ffb90090000 - 0x00007ffb900af000 	c:\Users\SANG\.vscode\extensions\redhat.java-1.40.0-win32-x64\jre\21.0.6-win32-x86_64\bin\java.dll
0x00007ffbc1cf0000 - 0x00007ffbc24b5000 	C:\Windows\System32\SHELL32.dll
0x00007ffbbdd80000 - 0x00007ffbbe5e2000 	C:\Windows\SYSTEM32\windows.storage.dll
0x00007ffbc06d0000 - 0x00007ffbc0a46000 	C:\Windows\System32\combase.dll
0x00007ffbbdc10000 - 0x00007ffbbdd77000 	C:\Windows\SYSTEM32\wintypes.dll
0x00007ffbc0b70000 - 0x00007ffbc0c5a000 	C:\Windows\System32\SHCORE.dll
0x00007ffbc1b10000 - 0x00007ffbc1b6d000 	C:\Windows\System32\shlwapi.dll
0x00007ffbbfbe0000 - 0x00007ffbbfc05000 	C:\Windows\SYSTEM32\profapi.dll
0x00007ffb5edd0000 - 0x00007ffb5ede8000 	c:\Users\SANG\.vscode\extensions\redhat.java-1.40.0-win32-x64\jre\21.0.6-win32-x86_64\bin\zip.dll
0x00007ffba39b0000 - 0x00007ffba39c0000 	C:\Users\SANG\.vscode\extensions\redhat.java-1.40.0-win32-x64\jre\21.0.6-win32-x86_64\bin\net.dll
0x00007ffbb9ae0000 - 0x00007ffbb9bf4000 	C:\Windows\SYSTEM32\WINHTTP.dll
0x00007ffbbf2c0000 - 0x00007ffbbf327000 	C:\Windows\system32\mswsock.dll
0x00007ffb41710000 - 0x00007ffb41726000 	C:\Users\SANG\.vscode\extensions\redhat.java-1.40.0-win32-x64\jre\21.0.6-win32-x86_64\bin\nio.dll
0x00007ffba37a0000 - 0x00007ffba37b0000 	c:\Users\SANG\.vscode\extensions\redhat.java-1.40.0-win32-x64\jre\21.0.6-win32-x86_64\bin\verify.dll
0x00007ffb416c0000 - 0x00007ffb41705000 	C:\Users\SANG\AppData\Roaming\Code\User\globalStorage\redhat.java\1.40.0\config_ss_win\org.eclipse.equinox.launcher\org.eclipse.equinox.launcher.win32.win32.x86_64_1.2.1200.v20250212-0927\eclipse_11909.dll
0x00007ffbc24c0000 - 0x00007ffbc265a000 	C:\Windows\System32\ole32.dll
0x00007ffbbf500000 - 0x00007ffbbf518000 	C:\Windows\SYSTEM32\CRYPTSP.dll
0x00007ffbbecf0000 - 0x00007ffbbed25000 	C:\Windows\system32\rsaenh.dll
0x00007ffbbf3b0000 - 0x00007ffbbf3dc000 	C:\Windows\SYSTEM32\USERENV.dll
0x00007ffbbf680000 - 0x00007ffbbf6a7000 	C:\Windows\SYSTEM32\bcrypt.dll
0x00007ffbbf520000 - 0x00007ffbbf52c000 	C:\Windows\SYSTEM32\CRYPTBASE.dll
0x00007ffbbe8b0000 - 0x00007ffbbe8dd000 	C:\Windows\SYSTEM32\IPHLPAPI.DLL
0x00007ffbc1590000 - 0x00007ffbc1599000 	C:\Windows\System32\NSI.dll
0x00007ffb41620000 - 0x00007ffb41669000 	C:\Users\SANG\AppData\Local\Temp\jna-2537607\jna426719084864723367.dll
0x00007ffbc1b00000 - 0x00007ffbc1b08000 	C:\Windows\System32\PSAPI.DLL
0x00007ffbb94d0000 - 0x00007ffbb94e9000 	C:\Windows\SYSTEM32\dhcpcsvc6.DLL
0x00007ffbba160000 - 0x00007ffbba17e000 	C:\Windows\SYSTEM32\dhcpcsvc.DLL

dbghelp: loaded successfully - version: 4.0.5 - missing functions: none
symbol engine: initialized successfully - sym options: 0x614 - pdb path: .;c:\Users\SANG\.vscode\extensions\redhat.java-1.40.0-win32-x64\jre\21.0.6-win32-x86_64\bin;C:\Windows\SYSTEM32;C:\Windows\WinSxS\amd64_microsoft.windows.common-controls_6595b64144ccf1df_6.0.22000.120_none_9d947278b86cc467;c:\Users\SANG\.vscode\extensions\redhat.java-1.40.0-win32-x64\jre\21.0.6-win32-x86_64\bin\server;C:\Users\SANG\AppData\Roaming\Code\User\globalStorage\redhat.java\1.40.0\config_ss_win\org.eclipse.equinox.launcher\org.eclipse.equinox.launcher.win32.win32.x86_64_1.2.1200.v20250212-0927;C:\Users\SANG\AppData\Local\Temp\jna-2537607

VM Arguments:
jvm_args: --add-modules=ALL-SYSTEM --add-opens=java.base/java.util=ALL-UNNAMED --add-opens=java.base/java.lang=ALL-UNNAMED --add-opens=java.base/sun.nio.fs=ALL-UNNAMED -Declipse.application=org.eclipse.jdt.ls.core.id1 -Dosgi.bundles.defaultStartLevel=4 -Declipse.product=org.eclipse.jdt.ls.core.product -Djava.import.generatesMetadataFilesAtProjectRoot=false -DDetectVMInstallationsJob.disabled=true -Dfile.encoding=utf8 -XX:+UseParallelGC -XX:GCTimeRatio=4 -XX:AdaptiveSizePolicyWeight=90 -Dsun.zip.disableMemoryMapping=true -Xmx1G -Xms100m -Xlog:disable -javaagent:c:\Users\SANG\.vscode\extensions\redhat.java-1.40.0-win32-x64\lombok\lombok-1.18.36.jar 
java_command: c:\Users\SANG\.vscode\extensions\redhat.java-1.40.0-win32-x64\server\plugins\org.eclipse.equinox.launcher_1.6.1000.v20250131-0606.jar -configuration c:\Users\SANG\AppData\Roaming\Code\User\globalStorage\redhat.java\1.40.0\config_ss_win -data c:\Users\SANG\AppData\Roaming\Code\User\workspaceStorage\ee4d113536bcacf8f92e037b085bcff5\redhat.java\ss_ws --pipe=\\.\pipe\lsp-b2a4bc8177eca23bd4aa858211ee905c-sock
java_class_path (initial): c:\Users\SANG\.vscode\extensions\redhat.java-1.40.0-win32-x64\server\plugins\org.eclipse.equinox.launcher_1.6.1000.v20250131-0606.jar
Launcher Type: SUN_STANDARD

[Global flags]
    uintx AdaptiveSizePolicyWeight                 = 90                                        {product} {command line}
     intx CICompilerCount                          = 4                                         {product} {ergonomic}
    uintx GCTimeRatio                              = 4                                         {product} {command line}
   size_t InitialHeapSize                          = 104857600                                 {product} {command line}
   size_t MaxHeapSize                              = 1073741824                                {product} {command line}
   size_t MaxNewSize                               = 357564416                                 {product} {ergonomic}
   size_t MinHeapDeltaBytes                        = 524288                                    {product} {ergonomic}
   size_t MinHeapSize                              = 104857600                                 {product} {command line}
   size_t NewSize                                  = 34603008                                  {product} {ergonomic}
    uintx NonNMethodCodeHeapSize                   = 5839372                                {pd product} {ergonomic}
    uintx NonProfiledCodeHeapSize                  = 122909434                              {pd product} {ergonomic}
   size_t OldSize                                  = 70254592                                  {product} {ergonomic}
    uintx ProfiledCodeHeapSize                     = 122909434                              {pd product} {ergonomic}
    uintx ReservedCodeCacheSize                    = 251658240                              {pd product} {ergonomic}
     bool SegmentedCodeCache                       = true                                      {product} {ergonomic}
   size_t SoftMaxHeapSize                          = 1073741824                             {manageable} {ergonomic}
     bool UseCompressedOops                        = true                           {product lp64_product} {ergonomic}
     bool UseLargePagesIndividualAllocation        = false                                  {pd product} {ergonomic}
     bool UseParallelGC                            = true                                      {product} {command line}

Logging:
Log output configuration:
 #0: stdout all=off uptime,level,tags foldmultilines=false
 #1: stderr all=off uptime,level,tags foldmultilines=false

Environment Variables:
PATH=C:\Program Files\Common Files\Oracle\Java\javapath;C:\Windows\system32;C:\Windows;C:\Windows\System32\Wbem;C:\Windows\System32\WindowsPowerShell\v1.0\;C:\Windows\System32\OpenSSH\;C:\Program Files\nodejs\;C:\ProgramData\ComposerSetup\bin;C:\Program Files\Git\cmd;C:\Users\SANG\AppData\Local\Microsoft\WindowsApps;C:\Users\SANG\AppData\Local\Programs\Microsoft VS Code\bin;C:\Users\SANG\AppData\Roaming\npm;C:\laragon\bin\php\php-8.1.10-Win32-vs16-x64;C:\Users\SANG\composer;C:\Users\SANG\AppData\Roaming\Composer\vendor\bin;C:\Program Files\Java\jdk-17\bin;
USERNAME=SANG
OS=Windows_NT
PROCESSOR_IDENTIFIER=Intel64 Family 6 Model 140 Stepping 1, GenuineIntel
TMP=C:\Users\SANG\AppData\Local\Temp
TEMP=C:\Users\SANG\AppData\Local\Temp




Periodic native trim disabled

---------------  S Y S T E M  ---------------

OS:
 Windows 11 , 64 bit Build 22000 (10.0.22000.2538)
OS uptime: 0 days 0:10 hours

CPU: total 8 (initial active 8) (4 cores per cpu, 2 threads per core) family 6 model 140 stepping 1 microcode 0xb8, cx8, cmov, fxsr, ht, mmx, 3dnowpref, sse, sse2, sse3, ssse3, sse4.1, sse4.2, popcnt, lzcnt, tsc, tscinvbit, avx, avx2, aes, erms, clmul, bmi1, bmi2, adx, avx512f, avx512dq, avx512cd, avx512bw, avx512vl, sha, fma, vzeroupper, avx512_vpopcntdq, avx512_vpclmulqdq, avx512_vaes, avx512_vnni, clflush, clflushopt, clwb, avx512_vbmi2, avx512_vbmi, rdtscp, rdpid, fsrm, gfni, avx512_bitalg, f16c, pku, cet_ibt, cet_ss, avx512_ifma
Processor Information for the first 8 processors :
  Max Mhz: 1382, Current Mhz: 1382, Mhz Limit: 1382

Memory: 4k page, system-wide physical 7914M (1234M free)
TotalPageFile size 13802M (AvailPageFile size 6165M)
current process WorkingSet (physical memory assigned to process): 179M, peak: 179M
current process commit charge ("private bytes"): 282M, peak: 282M

vm_info: OpenJDK 64-Bit Server VM (21.0.6+7-LTS) for windows-amd64 JRE (21.0.6+7-LTS), built on 2025-01-21T00:00:00Z by "admin" with MS VC++ 17.7 (VS2022)

END.
