#
# A fatal error has been detected by the Java Runtime Environment:
#
#  EXCEPTION_ACCESS_VIOLATION (0xc0000005) at pc=0x00007ffb41aeb6a0, pid=14960, tid=15308
#
# JRE version: OpenJDK Runtime Environment Temurin-21.0.6+7 (21.0.6+7) (build 21.0.6+7-LTS)
# Java VM: OpenJDK 64-Bit Server VM Temurin-21.0.6+7 (21.0.6+7-LTS, mixed mode, sharing, tiered, compressed oops, compressed class ptrs, parallel gc, windows-amd64)
# Problematic frame:
# V  [jvm.dll+0x3bb6a0]
#
# No core dump will be written. Minidumps are not enabled by default on client versions of Windows
#
# If you would like to submit a bug report, please visit:
#   https://github.com/adoptium/adoptium-support/issues
#

---------------  S U M M A R Y ------------

Command Line: --add-modules=ALL-SYSTEM --add-opens=java.base/java.util=ALL-UNNAMED --add-opens=java.base/java.lang=ALL-UNNAMED --add-opens=java.base/sun.nio.fs=ALL-UNNAMED -Declipse.application=org.eclipse.jdt.ls.core.id1 -Dosgi.bundles.defaultStartLevel=4 -Declipse.product=org.eclipse.jdt.ls.core.product -Djava.import.generatesMetadataFilesAtProjectRoot=false -DDetectVMInstallationsJob.disabled=true -Dfile.encoding=utf8 -XX:+UseParallelGC -XX:GCTimeRatio=4 -XX:AdaptiveSizePolicyWeight=90 -Dsun.zip.disableMemoryMapping=true -Xmx1G -Xms100m -Xlog:disable -javaagent:c:\Users\SANG\.vscode\extensions\redhat.java-1.40.0-win32-x64\lombok\lombok-1.18.36.jar -XX:+HeapDumpOnOutOfMemoryError -XX:HeapDumpPath=c:\Users\SANG\AppData\Roaming\Code\User\workspaceStorage\ee4d113536bcacf8f92e037b085bcff5\redhat.java -Daether.dependencyCollector.impl=bf c:\Users\SANG\.vscode\extensions\redhat.java-1.40.0-win32-x64\server\plugins\org.eclipse.equinox.launcher_1.6.1000.v20250131-0606.jar -configuration c:\Users\SANG\AppData\Roaming\Code\User\globalStorage\redhat.java\1.40.0\config_win -data c:\Users\SANG\AppData\Roaming\Code\User\workspaceStorage\ee4d113536bcacf8f92e037b085bcff5\redhat.java\jdt_ws --pipe=\\.\pipe\lsp-97a0fcdb118d0dfbd26c6c69c448fa6b-sock

Host: 11th Gen Intel(R) Core(TM) i5-1135G7 @ 2.40GHz, 8 cores, 7G,  Windows 11 , 64 bit Build 22000 (10.0.22000.2538)
Time: Sun Mar 16 15:50:01 2025 SE Asia Standard Time elapsed time: 5.881091 seconds (0d 0h 0m 5s)

---------------  T H R E A D  ---------------

Current thread (0x000002336f1e56b0):  JavaThread "C2 CompilerThread1" daemon [_thread_in_native, id=15308, stack(0x000000a208800000,0x000000a208900000) (1024K)]


Current CompileTask:
C2:5881 6509       4       org.eclipse.jdt.internal.compiler.util.JrtFileSystem$2::visitFile (72 bytes)

Stack: [0x000000a208800000,0x000000a208900000],  sp=0x000000a2088fc750,  free space=1009k
Native frames: (J=compiled Java code, j=interpreted, Vv=VM code, C=native code)
V  [jvm.dll+0x3bb6a0]
V  [jvm.dll+0x3b4cb1]
V  [jvm.dll+0x1e0047]
V  [jvm.dll+0x247b42]
V  [jvm.dll+0x246fcf]
V  [jvm.dll+0x1c75ee]
V  [jvm.dll+0x25685a]
V  [jvm.dll+0x254dfa]
V  [jvm.dll+0x3f0256]
V  [jvm.dll+0x851f8b]
V  [jvm.dll+0x6cc5ed]
C  [ucrtbase.dll+0x26c0c]
C  [KERNEL32.DLL+0x153e0]
C  [ntdll.dll+0x485b]


siginfo: EXCEPTION_ACCESS_VIOLATION (0xc0000005), reading address 0x00007ffb403c63a0


Registers:
RAX=0x0000000000000000, RBX=0x0000000000000017, RCX=0x0000000000000000, RDX=0x00007ffb403c63a0
RSP=0x000000a2088fc750, RBP=0x00007ffb423c63a0, RSI=0x0000000000002b28, RDI=0x000000a2088fc7a0
R8 =0x0000010000000000, R9 =0x0000000000000004, R10=0x0000023372ab9f38, R11=0x0000000000000246
R12=0x0000000000000000, R13=0x0000000000000001, R14=0x0000000000000028, R15=0x00007ffb423c63a0
RIP=0x00007ffb41aeb6a0, EFLAGS=0x0000000000010246

XMM[0]=0x0000000000000000 0x0000000000000000
XMM[1]=0x0000000000000000 0x0000000000000000
XMM[2]=0x0000000000000000 0x0000000000000000
XMM[3]=0x0000000000000000 0x0000000000000000
XMM[4]=0x0000000000000000 0x0000000000000000
XMM[5]=0x0000000000000000 0x0000000000000000
XMM[6]=0x0000000000000000 0x0000000000000000
XMM[7]=0x0000000000000000 0x0000000000000000
XMM[8]=0x0000000000000000 0x0000000000000000
XMM[9]=0x0000000000000000 0x0000000000000000
XMM[10]=0x0000000000000000 0x0000000000000000
XMM[11]=0x0000000000000000 0x0000000000000000
XMM[12]=0x0000000000000000 0x0000000000000000
XMM[13]=0x0000000000000000 0x0000000000000000
XMM[14]=0x0000000000000000 0x0000000000000000
XMM[15]=0x0000000000000000 0x0000000000000000
  MXCSR=0x00001fa0


Register to memory mapping:

RAX=0x0 is null
RBX=0x0000000000000017 is an unknown value
RCX=0x0 is null
RDX=0x00007ffb403c63a0 is an unknown value
RSP=0x000000a2088fc750 is pointing into the stack for thread: 0x000002336f1e56b0
RBP=0x00007ffb423c63a0 jvm.dll
RSI=0x0000000000002b28 is an unknown value
RDI=0x000000a2088fc7a0 is pointing into the stack for thread: 0x000002336f1e56b0
R8 =0x0000010000000000 is an unknown value
R9 =0x0000000000000004 is an unknown value
R10=0x0000023372ab9f38 points into unknown readable memory: 0x0000000000000000 | 00 00 00 00 00 00 00 00
R11=0x0000000000000246 is an unknown value
R12=0x0 is null
R13=0x0000000000000001 is an unknown value
R14=0x0000000000000028 is an unknown value
R15=0x00007ffb423c63a0 jvm.dll

Top of Stack: (sp=0x000000a2088fc750)
0x000000a2088fc750:   0000023374d86c20 000002336f0aea00
0x000000a2088fc760:   00000233760724f0 00007ffb42165788
0x000000a2088fc770:   0000000000002b28 00007ffb41ae4cb1
0x000000a2088fc780:   00000233710c61b0 000000a2088fc8c0
0x000000a2088fc790:   0000000000002b28 000002336f0aea20
0x000000a2088fc7a0:   0000000000000000 000000020000094f
0x000000a2088fc7b0:   0000001e0000000a 00007ffb403c63a0
0x000000a2088fc7c0:   00000233412ea840 0000023371218950
0x000000a2088fc7d0:   000002337041e0b0 0000000000000000
0x000000a2088fc7e0:   000000a2088fc8f0 00007ffb41910047
0x000000a2088fc7f0:   000000a2088fcc60 000002337041e488
0x000000a2088fc800:   000000a2088fcd40 000002337041e0a0
0x000000a2088fc810:   000000000000d600 000000000000000e
0x000000a2088fc820:   0000000000000007 000002337041e0a0
0x000000a2088fc830:   0000023375c419d0 0000023375c44ce0
0x000000a2088fc840:   0000023375c499b8 0000000000c19c60
0x000000a2088fc850:   000002337041e0b0 00007ffbc04c00a6
0x000000a2088fc860:   0000000000000000 0000000000000000
0x000000a2088fc870:   000002336f0aea20 0000023300000000
0x000000a2088fc880:   000000000000adb8 00007ffb4212eee0
0x000000a2088fc890:   0000000000000000 000000a2088fe140
0x000000a2088fc8a0:   0000000000000000 00007ffb4212eee0
0x000000a2088fc8b0:   000002336f0aea00 00007ffb417f4fde
0x000000a2088fc8c0:   000000000000000c 000000a2088fe140
0x000000a2088fc8d0:   0000023371069050 000002336f0aea00
0x000000a2088fc8e0:   0000023375457050 0000023300002e45
0x000000a2088fc8f0:   000000a2088fc820 000002337041e0b0
0x000000a2088fc900:   00007ffb4212eeb0 000000000000000d
0x000000a2088fc910:   000000a2088fe140 000000a2088fcc60
0x000000a2088fc920:   00000233000035bd 000002336f0aea20
0x000000a2088fc930:   000000000000000a 000000a2088fe140
0x000000a2088fc940:   0000023374480090 0000000000000000 

Instructions: (pc=0x00007ffb41aeb6a0)
0x00007ffb41aeb5a0:   48 8b 8e d8 08 00 00 48 85 c9 75 0c e8 2f 09 00
0x00007ffb41aeb5b0:   00 48 8b 8e d8 08 00 00 48 8b 01 0f 57 c0 48 89
0x00007ffb41aeb5c0:   86 d8 08 00 00 0f 11 01 0f 11 41 10 0f 10 45 00
0x00007ffb41aeb5d0:   0f 11 01 0f 10 4d 10 0f 11 49 10 48 8b 43 08 49
0x00007ffb41aeb5e0:   89 0c 06 48 8d 0d b6 ad 8d 00 ff c7 ba 70 00 00
0x00007ffb41aeb5f0:   00 3b bb 90 00 00 00 0f 82 63 ff ff ff 4c 8b 74
0x00007ffb41aeb600:   24 60 4c 8b 64 24 58 48 8b 6c 24 50 48 8b c3 48
0x00007ffb41aeb610:   83 c4 20 41 5f 41 5d 5f 5e 5b c3 cc cc cc cc cc
0x00007ffb41aeb620:   48 89 74 24 18 57 48 83 ec 20 8b 51 0c 48 8b f9
0x00007ffb41aeb630:   83 fa 04 73 29 48 8b 49 18 0f 1f 80 00 00 00 00
0x00007ffb41aeb640:   8b c2 44 8d 4a 01 48 83 3c c1 00 4c 8d 14 c1 0f
0x00007ffb41aeb650:   85 91 00 00 00 41 8b d1 41 83 f9 04 72 e2 48 89
0x00007ffb41aeb660:   5c 24 30 8b 5f 10 48 89 6c 24 38 3b 5f 14 73 5f
0x00007ffb41aeb670:   48 8d 2d 29 ad 8d 00 66 0f 1f 84 00 00 00 00 00
0x00007ffb41aeb680:   48 8b 47 20 8b cb 48 8b 14 c8 48 3b d5 74 39 33
0x00007ffb41aeb690:   c0 48 89 57 18 33 c9 66 0f 1f 84 00 00 00 00 00
0x00007ffb41aeb6a0:   48 83 3c 11 00 44 8d 48 01 75 78 48 83 c1 08 41
0x00007ffb41aeb6b0:   8b c1 41 83 f9 04 72 e8 48 8b 4f 28 48 85 c9 74
0x00007ffb41aeb6c0:   07 8b d3 e8 58 01 00 00 ff c3 3b 5f 14 72 b1 33
0x00007ffb41aeb6d0:   c0 48 8b 5c 24 30 48 8b 6c 24 38 48 8b 74 24 40
0x00007ffb41aeb6e0:   48 83 c4 20 5f c3 8b 47 10 48 8b 74 24 40 44 8d
0x00007ffb41aeb6f0:   04 82 41 c1 e0 06 41 81 c0 00 ff ff ff 44 89 47
0x00007ffb41aeb700:   08 49 8b 12 48 0f bc c2 44 89 4f 0c 8b c8 48 d3
0x00007ffb41aeb710:   ea 48 ff ca 41 03 c0 48 89 17 89 47 08 48 83 c4
0x00007ffb41aeb720:   20 5f c3 8b c8 44 8d 04 98 41 c1 e0 06 8d 43 01
0x00007ffb41aeb730:   44 89 47 08 48 8b 14 ca 89 47 10 48 0f bc c2 44
0x00007ffb41aeb740:   89 4f 0c 8b c8 48 d3 ea 48 ff ca 41 03 c0 48 89
0x00007ffb41aeb750:   17 89 47 08 e9 78 ff ff ff cc cc cc cc cc cc cc
0x00007ffb41aeb760:   40 53 48 83 ec 20 65 48 8b 04 25 58 00 00 00 8b
0x00007ffb41aeb770:   0d 73 2a 92 00 48 8b 1c c8 b8 70 00 00 00 80 3c
0x00007ffb41aeb780:   18 00 75 05 e8 27 b8 58 00 b8 20 00 00 00 48 8b
0x00007ffb41aeb790:   04 18 48 8b 88 60 06 00 00 48 8b 99 80 00 00 00 


Stack slot to memory mapping:

stack at sp + 0 slots: 0x0000023374d86c20 points into unknown readable memory: 0x0000000000000000 | 00 00 00 00 00 00 00 00
stack at sp + 1 slots: 0x000002336f0aea00 points into unknown readable memory: 0x0000001100000000 | 00 00 00 00 11 00 00 00
stack at sp + 2 slots: 0x00000233760724f0 points into unknown readable memory: 0x0000000000000000 | 00 00 00 00 00 00 00 00
stack at sp + 3 slots: 0x00007ffb42165788 jvm.dll
stack at sp + 4 slots: 0x0000000000002b28 is an unknown value
stack at sp + 5 slots: 0x00007ffb41ae4cb1 jvm.dll
stack at sp + 6 slots: 0x00000233710c61b0 points into unknown readable memory: 0x0000002c0000000a | 0a 00 00 00 2c 00 00 00
stack at sp + 7 slots: 0x000000a2088fc8c0 is pointing into the stack for thread: 0x000002336f1e56b0


---------------  P R O C E S S  ---------------

Threads class SMR info:
_java_thread_list=0x000002337413b0f0, length=43, elements={
0x000002335513c060, 0x00000233694edd00, 0x00000233694eeb10, 0x00000233694f15c0,
0x00000233694f2820, 0x00000233694f9490, 0x000002336951ec10, 0x000002336952b100,
0x000002336952cba0, 0x000002336f0b3600, 0x000002336f1e56b0, 0x000002336f320820,
0x000002336f524dd0, 0x000002336fd92100, 0x000002336fba7150, 0x000002336fd11e30,
0x000002336fba10b0, 0x0000023370342f50, 0x000002336fe0e3d0, 0x00000233701444d0,
0x0000023370153bf0, 0x0000023370151b20, 0x0000023370151490, 0x00000233701521b0,
0x0000023370152ed0, 0x0000023370152840, 0x0000023370153560, 0x0000023370154280,
0x0000023370150e00, 0x0000023372e7e1b0, 0x0000023372e7e840, 0x0000023372e83070,
0x0000023372e7db20, 0x0000023372e83700, 0x0000023372e80280, 0x0000023372e83d90,
0x0000023372e84420, 0x0000023372e7eed0, 0x0000023372e81cc0, 0x0000023372e80fa0,
0x0000023372e81630, 0x0000023372e84ab0, 0x0000023372e7fbf0
}

Java Threads: ( => current thread )
  0x000002335513c060 JavaThread "main"                              [_thread_blocked, id=12884, stack(0x000000a207b00000,0x000000a207c00000) (1024K)]
  0x00000233694edd00 JavaThread "Reference Handler"          daemon [_thread_blocked, id=7140, stack(0x000000a207f00000,0x000000a208000000) (1024K)]
  0x00000233694eeb10 JavaThread "Finalizer"                  daemon [_thread_blocked, id=1192, stack(0x000000a208000000,0x000000a208100000) (1024K)]
  0x00000233694f15c0 JavaThread "Signal Dispatcher"          daemon [_thread_blocked, id=8316, stack(0x000000a208100000,0x000000a208200000) (1024K)]
  0x00000233694f2820 JavaThread "Attach Listener"            daemon [_thread_blocked, id=3764, stack(0x000000a208200000,0x000000a208300000) (1024K)]
  0x00000233694f9490 JavaThread "Service Thread"             daemon [_thread_blocked, id=3972, stack(0x000000a208300000,0x000000a208400000) (1024K)]
  0x000002336951ec10 JavaThread "Monitor Deflation Thread"   daemon [_thread_blocked, id=14596, stack(0x000000a208400000,0x000000a208500000) (1024K)]
  0x000002336952b100 JavaThread "C2 CompilerThread0"         daemon [_thread_in_native, id=13148, stack(0x000000a208500000,0x000000a208600000) (1024K)]
  0x000002336952cba0 JavaThread "C1 CompilerThread0"         daemon [_thread_blocked, id=2576, stack(0x000000a208600000,0x000000a208700000) (1024K)]
  0x000002336f0b3600 JavaThread "Common-Cleaner"             daemon [_thread_blocked, id=2712, stack(0x000000a208700000,0x000000a208800000) (1024K)]
=>0x000002336f1e56b0 JavaThread "C2 CompilerThread1"         daemon [_thread_in_native, id=15308, stack(0x000000a208800000,0x000000a208900000) (1024K)]
  0x000002336f320820 JavaThread "Notification Thread"        daemon [_thread_blocked, id=13572, stack(0x000000a208900000,0x000000a208a00000) (1024K)]
  0x000002336f524dd0 JavaThread "C2 CompilerThread2"         daemon [_thread_in_native, id=14284, stack(0x000000a208a00000,0x000000a208b00000) (1024K)]
  0x000002336fd92100 JavaThread "Active Thread: Equinox Container: bc9d9906-a39b-4915-881f-f1bf8d902e7b"        [_thread_blocked, id=7256, stack(0x000000a209100000,0x000000a209200000) (1024K)]
  0x000002336fba7150 JavaThread "Refresh Thread: Equinox Container: bc9d9906-a39b-4915-881f-f1bf8d902e7b" daemon [_thread_blocked, id=6556, stack(0x000000a209200000,0x000000a209300000) (1024K)]
  0x000002336fd11e30 JavaThread "Framework Event Dispatcher: Equinox Container: bc9d9906-a39b-4915-881f-f1bf8d902e7b" daemon [_thread_blocked, id=2248, stack(0x000000a209400000,0x000000a209500000) (1024K)]
  0x000002336fba10b0 JavaThread "Start Level: Equinox Container: bc9d9906-a39b-4915-881f-f1bf8d902e7b" daemon [_thread_blocked, id=11816, stack(0x000000a209500000,0x000000a209600000) (1024K)]
  0x0000023370342f50 JavaThread "Bundle File Closer"         daemon [_thread_blocked, id=2012, stack(0x000000a209600000,0x000000a209700000) (1024K)]
  0x000002336fe0e3d0 JavaThread "SCR Component Actor"        daemon [_thread_blocked, id=12364, stack(0x000000a209700000,0x000000a209800000) (1024K)]
  0x00000233701444d0 JavaThread "SCR Component Registry"     daemon [_thread_blocked, id=5920, stack(0x000000a209800000,0x000000a209900000) (1024K)]
  0x0000023370153bf0 JavaThread "Worker-JM"                         [_thread_blocked, id=12320, stack(0x000000a209900000,0x000000a209a00000) (1024K)]
  0x0000023370151b20 JavaThread "JNA Cleaner"                daemon [_thread_blocked, id=1684, stack(0x000000a209a00000,0x000000a209b00000) (1024K)]
  0x0000023370151490 JavaThread "Worker-0: Initialize Workspace"        [_thread_in_native, id=14584, stack(0x000000a209b00000,0x000000a209c00000) (1024K)]
  0x00000233701521b0 JavaThread "Worker-1: Java indexing... "        [_thread_blocked, id=1676, stack(0x000000a209c00000,0x000000a209d00000) (1024K)]
  0x0000023370152ed0 JavaThread "Worker-2"                          [_thread_blocked, id=3840, stack(0x000000a209d00000,0x000000a209e00000) (1024K)]
  0x0000023370152840 JavaThread "Java indexing"              daemon [_thread_in_Java, id=10224, stack(0x000000a209e00000,0x000000a209f00000) (1024K)]
  0x0000023370153560 JavaThread "Worker-3"                          [_thread_blocked, id=12372, stack(0x000000a20a100000,0x000000a20a200000) (1024K)]
  0x0000023370154280 JavaThread "Thread-2"                   daemon [_thread_in_native, id=7268, stack(0x000000a20a200000,0x000000a20a300000) (1024K)]
  0x0000023370150e00 JavaThread "Thread-3"                   daemon [_thread_in_native, id=5488, stack(0x000000a20a300000,0x000000a20a400000) (1024K)]
  0x0000023372e7e1b0 JavaThread "Thread-4"                   daemon [_thread_in_native, id=1612, stack(0x000000a20a400000,0x000000a20a500000) (1024K)]
  0x0000023372e7e840 JavaThread "Thread-5"                   daemon [_thread_in_native, id=7212, stack(0x000000a20a500000,0x000000a20a600000) (1024K)]
  0x0000023372e83070 JavaThread "Thread-6"                   daemon [_thread_in_native, id=3236, stack(0x000000a20a600000,0x000000a20a700000) (1024K)]
  0x0000023372e7db20 JavaThread "Thread-7"                   daemon [_thread_in_native, id=2772, stack(0x000000a20a700000,0x000000a20a800000) (1024K)]
  0x0000023372e83700 JavaThread "Thread-8"                   daemon [_thread_in_native, id=1668, stack(0x000000a20a800000,0x000000a20a900000) (1024K)]
  0x0000023372e80280 JavaThread "Thread-9"                   daemon [_thread_in_native, id=2308, stack(0x000000a20a900000,0x000000a20aa00000) (1024K)]
  0x0000023372e83d90 JavaThread "Thread-10"                  daemon [_thread_in_native, id=14972, stack(0x000000a20aa00000,0x000000a20ab00000) (1024K)]
  0x0000023372e84420 JavaThread "pool-2-thread-1"                   [_thread_blocked, id=13592, stack(0x000000a20ab00000,0x000000a20ac00000) (1024K)]
  0x0000023372e7eed0 JavaThread "WorkspaceEventsHandler"            [_thread_blocked, id=10348, stack(0x000000a20ac00000,0x000000a20ad00000) (1024K)]
  0x0000023372e81cc0 JavaThread "pool-1-thread-1"                   [_thread_blocked, id=13120, stack(0x000000a20ad00000,0x000000a20ae00000) (1024K)]
  0x0000023372e80fa0 JavaThread "Worker-4"                          [_thread_blocked, id=9328, stack(0x000000a20ae00000,0x000000a20af00000) (1024K)]
  0x0000023372e81630 JavaThread "Compiler Source File Reader" daemon [_thread_blocked, id=14952, stack(0x000000a20af00000,0x000000a20b000000) (1024K)]
  0x0000023372e84ab0 JavaThread "Compiler Processing Task"   daemon [_thread_blocked, id=10964, stack(0x000000a20b000000,0x000000a20b100000) (1024K)]
  0x0000023372e7fbf0 JavaThread "Compiler Class File Writer" daemon [_thread_blocked, id=10272, stack(0x000000a20b100000,0x000000a20b200000) (1024K)]
Total: 43

Other Threads:
  0x0000023352e0d600 VMThread "VM Thread"                           [id=14712, stack(0x000000a207e00000,0x000000a207f00000) (1024K)]
  0x00000233693c1920 WatcherThread "VM Periodic Task Thread"        [id=8432, stack(0x000000a207d00000,0x000000a207e00000) (1024K)]
  0x0000023352e0ef60 WorkerThread "GC Thread#0"                     [id=10976, stack(0x000000a207c00000,0x000000a207d00000) (1024K)]
  0x0000023352e0d9a0 WorkerThread "GC Thread#1"                     [id=10336, stack(0x000000a208b00000,0x000000a208c00000) (1024K)]
  0x0000023352e0dd40 WorkerThread "GC Thread#2"                     [id=15232, stack(0x000000a208c00000,0x000000a208d00000) (1024K)]
  0x000002336f7b2e50 WorkerThread "GC Thread#3"                     [id=7620, stack(0x000000a208d00000,0x000000a208e00000) (1024K)]
  0x000002336f7b3590 WorkerThread "GC Thread#4"                     [id=10932, stack(0x000000a208e00000,0x000000a208f00000) (1024K)]
  0x000002336f7b1c30 WorkerThread "GC Thread#5"                     [id=3632, stack(0x000000a208f00000,0x000000a209000000) (1024K)]
  0x000002336f7b3930 WorkerThread "GC Thread#6"                     [id=6392, stack(0x000000a209000000,0x000000a209100000) (1024K)]
  0x000002336f7b5290 WorkerThread "GC Thread#7"                     [id=4952, stack(0x000000a209300000,0x000000a209400000) (1024K)]
Total: 10

Threads with active compile tasks:
C2 CompilerThread0  5969 7267       4       org.lombokweb.asm.ClassReader::readMethod (1070 bytes)
C1 CompilerThread0  5969 7470       2       sun.nio.fs.WindowsPath::resolve (393 bytes)
C2 CompilerThread1  5969 6509       4       org.eclipse.jdt.internal.compiler.util.JrtFileSystem$2::visitFile (72 bytes)
C2 CompilerThread2  5969 7212   !   4       org.eclipse.jdt.internal.core.search.indexing.BinaryIndexer::indexDocument (1204 bytes)
Total: 4

VM state: not at safepoint (normal execution)

VM Mutex/Monitor currently owned by a thread: None

Heap address: 0x00000000c0000000, size: 1024 MB, Compressed Oops mode: 32-bit

CDS archive(s) mapped at: [0x0000023300000000-0x0000023300ba0000-0x0000023300ba0000), size 12189696, SharedBaseAddress: 0x0000023300000000, ArchiveRelocationMode: 1.
Compressed class space mapped at: 0x0000023301000000-0x0000023341000000, reserved size: 1073741824
Narrow klass base: 0x0000023300000000, Narrow klass shift: 0, Narrow klass range: 0x100000000

GC Precious Log:
 CardTable entry size: 512
 CPUs: 8 total, 8 available
 Memory: 7914M
 Large Page Support: Disabled
 NUMA Support: Disabled
 Compressed Oops: Enabled (32-bit)
 Alignments: Space 512K, Generation 512K, Heap 2M
 Heap Min Capacity: 100M
 Heap Initial Capacity: 100M
 Heap Max Capacity: 1G
 Pre-touch: Disabled
 Parallel Workers: 8

Heap:
 PSYoungGen      total 12288K, used 6337K [0x00000000eab00000, 0x00000000eb980000, 0x0000000100000000)
  eden space 9728K, 41% used [0x00000000eab00000,0x00000000eaefa2e8,0x00000000eb480000)
  from space 2560K, 88% used [0x00000000eb700000,0x00000000eb936318,0x00000000eb980000)
  to   space 2560K, 0% used [0x00000000eb480000,0x00000000eb480000,0x00000000eb700000)
 ParOldGen       total 135680K, used 135199K [0x00000000c0000000, 0x00000000c8480000, 0x00000000eab00000)
  object space 135680K, 99% used [0x00000000c0000000,0x00000000c8407eb0,0x00000000c8480000)
 Metaspace       used 53986K, committed 55360K, reserved 1114112K
  class space    used 5704K, committed 6272K, reserved 1048576K

Card table byte_map: [0x0000023354af0000,0x0000023354d00000] _byte_map_base: 0x00000233544f0000

Marking Bits: (ParMarkBitMap*) 0x00007ffb423e3260
 Begin Bits: [0x0000023367340000, 0x0000023368340000)
 End Bits:   [0x0000023368340000, 0x0000023369340000)

Polling page: 0x0000023352f70000

Metaspace:

Usage:
  Non-class:     47.15 MB used.
      Class:      5.57 MB used.
       Both:     52.72 MB used.

Virtual space:
  Non-class space:       64.00 MB reserved,      47.94 MB ( 75%) committed,  1 nodes.
      Class space:        1.00 GB reserved,       6.12 MB ( <1%) committed,  1 nodes.
             Both:        1.06 GB reserved,      54.06 MB (  5%) committed. 

Chunk freelists:
   Non-Class:  15.45 MB
       Class:  9.75 MB
        Both:  25.21 MB

MaxMetaspaceSize: unlimited
CompressedClassSpaceSize: 1.00 GB
Initial GC threshold: 21.00 MB
Current GC threshold: 58.38 MB
CDS: on
 - commit_granule_bytes: 65536.
 - commit_granule_words: 8192.
 - virtual_space_node_default_size: 8388608.
 - enlarge_chunks_in_place: 1.
 - use_allocation_guard: 0.


Internal statistics:

num_allocs_failed_limit: 6.
num_arena_births: 902.
num_arena_deaths: 14.
num_vsnodes_births: 2.
num_vsnodes_deaths: 0.
num_space_committed: 865.
num_space_uncommitted: 0.
num_chunks_returned_to_freelist: 20.
num_chunks_taken_from_freelist: 3266.
num_chunk_merges: 12.
num_chunk_splits: 2064.
num_chunks_enlarged: 1283.
num_inconsistent_stats: 0.

CodeHeap 'non-profiled nmethods': size=120000Kb used=4183Kb max_used=4183Kb free=115816Kb
 bounds [0x000002335fe10000, 0x0000023360230000, 0x0000023367340000]
CodeHeap 'profiled nmethods': size=120000Kb used=14572Kb max_used=14572Kb free=105427Kb
 bounds [0x0000023358340000, 0x0000023359180000, 0x000002335f870000]
CodeHeap 'non-nmethods': size=5760Kb used=1421Kb max_used=1482Kb free=4338Kb
 bounds [0x000002335f870000, 0x000002335fae0000, 0x000002335fe10000]
 total_blobs=7574 nmethods=6855 adapters=625
 compilation: enabled
              stopped_count=0, restarted_count=0
 full_count=0

Compilation events (20 events):
Event: 5.829 Thread 0x000002336952cba0 7421       2       java.util.regex.Pattern::expr (142 bytes)
Event: 5.830 Thread 0x000002336952cba0 nmethod 7421 0x0000023359159910 code [0x0000023359159b20, 0x000002335915a0c0]
Event: 5.842 Thread 0x000002336952cba0 7422       1       sun.nio.fs.WindowsException::lastError (5 bytes)
Event: 5.842 Thread 0x000002336952cba0 nmethod 7422 0x0000023360224510 code [0x00000233602246a0, 0x0000023360224768]
Event: 5.844 Thread 0x000002336952cba0 7423       2       java.util.regex.Pattern::escape (1310 bytes)
Event: 5.849 Thread 0x000002336952cba0 nmethod 7423 0x000002335915a390 code [0x000002335915aac0, 0x000002335915d200]
Event: 5.849 Thread 0x000002336952cba0 7425 %     2       sun.nio.fs.WindowsPath::compareTo @ 49 (118 bytes)
Event: 5.850 Thread 0x000002336952cba0 nmethod 7425% 0x000002335915e010 code [0x000002335915e240, 0x000002335915e9c8]
Event: 5.850 Thread 0x000002336952cba0 7426   !   2       java.nio.file.FileTreeWalker::next (144 bytes)
Event: 5.851 Thread 0x000002336952cba0 nmethod 7426 0x000002335915ef90 code [0x000002335915f200, 0x000002335915f898]
Event: 5.851 Thread 0x000002336952cba0 7427   !   3       java.nio.file.FileTreeWalker::getAttributes (94 bytes)
Event: 5.852 Thread 0x000002336952cba0 nmethod 7427 0x000002335915fd10 code [0x000002335915ffe0, 0x0000023359161120]
Event: 5.852 Thread 0x000002336952cba0 7424       2       java.util.regex.Pattern::qtype (39 bytes)
Event: 5.852 Thread 0x000002336952cba0 nmethod 7424 0x0000023359161690 code [0x0000023359161860, 0x0000023359161a38]
Event: 5.856 Thread 0x000002336952cba0 7430       3       java.util.regex.Pattern$$Lambda/0x0000023301066ef8::is (5 bytes)
Event: 5.856 Thread 0x000002336952cba0 nmethod 7430 0x0000023359161b10 code [0x0000023359161cc0, 0x0000023359161f18]
Event: 5.856 Thread 0x000002336952cba0 7432       3       sun.nio.fs.Globs::isRegexMeta (16 bytes)
Event: 5.856 Thread 0x000002336952cba0 nmethod 7432 0x0000023359162010 code [0x00000233591621c0, 0x00000233591623a8]
Event: 5.859 Thread 0x000002336952cba0 7433       1       org.eclipse.core.runtime.NullProgressMonitor::isCanceled (5 bytes)
Event: 5.859 Thread 0x000002336952cba0 nmethod 7433 0x0000023360224c90 code [0x0000023360224e20, 0x0000023360224ef0]

GC Heap History (20 events):
Event: 5.480 GC heap before
{Heap before GC invocations=48 (full 2):
 PSYoungGen      total 14336K, used 13120K [0x00000000eab00000, 0x00000000ebc00000, 0x0000000100000000)
  eden space 12288K, 90% used [0x00000000eab00000,0x00000000eb5d1130,0x00000000eb700000)
  from space 2048K, 99% used [0x00000000eb700000,0x00000000eb8ff190,0x00000000eb900000)
  to   space 2560K, 0% used [0x00000000eb980000,0x00000000eb980000,0x00000000ebc00000)
 ParOldGen       total 108544K, used 108491K [0x00000000c0000000, 0x00000000c6a00000, 0x00000000eab00000)
  object space 108544K, 99% used [0x00000000c0000000,0x00000000c69f2e88,0x00000000c6a00000)
 Metaspace       used 51667K, committed 52928K, reserved 1114112K
  class space    used 5479K, committed 6016K, reserved 1048576K
}
Event: 5.482 GC heap after
{Heap after GC invocations=48 (full 2):
 PSYoungGen      total 14848K, used 2230K [0x00000000eab00000, 0x00000000ebc00000, 0x0000000100000000)
  eden space 12288K, 0% used [0x00000000eab00000,0x00000000eab00000,0x00000000eb700000)
  from space 2560K, 87% used [0x00000000eb980000,0x00000000ebbada30,0x00000000ebc00000)
  to   space 2560K, 0% used [0x00000000eb700000,0x00000000eb700000,0x00000000eb980000)
 ParOldGen       total 110080K, used 109944K [0x00000000c0000000, 0x00000000c6b80000, 0x00000000eab00000)
  object space 110080K, 99% used [0x00000000c0000000,0x00000000c6b5e090,0x00000000c6b80000)
 Metaspace       used 51667K, committed 52928K, reserved 1114112K
  class space    used 5479K, committed 6016K, reserved 1048576K
}
Event: 5.510 GC heap before
{Heap before GC invocations=49 (full 2):
 PSYoungGen      total 14848K, used 14518K [0x00000000eab00000, 0x00000000ebc00000, 0x0000000100000000)
  eden space 12288K, 100% used [0x00000000eab00000,0x00000000eb700000,0x00000000eb700000)
  from space 2560K, 87% used [0x00000000eb980000,0x00000000ebbada30,0x00000000ebc00000)
  to   space 2560K, 0% used [0x00000000eb700000,0x00000000eb700000,0x00000000eb980000)
 ParOldGen       total 110080K, used 109944K [0x00000000c0000000, 0x00000000c6b80000, 0x00000000eab00000)
  object space 110080K, 99% used [0x00000000c0000000,0x00000000c6b5e090,0x00000000c6b80000)
 Metaspace       used 51671K, committed 52928K, reserved 1114112K
  class space    used 5479K, committed 6016K, reserved 1048576K
}
Event: 5.513 GC heap after
{Heap after GC invocations=49 (full 2):
 PSYoungGen      total 14848K, used 2454K [0x00000000eab00000, 0x00000000ebc00000, 0x0000000100000000)
  eden space 12288K, 0% used [0x00000000eab00000,0x00000000eab00000,0x00000000eb700000)
  from space 2560K, 95% used [0x00000000eb700000,0x00000000eb965ad8,0x00000000eb980000)
  to   space 2560K, 0% used [0x00000000eb980000,0x00000000eb980000,0x00000000ebc00000)
 ParOldGen       total 112128K, used 111696K [0x00000000c0000000, 0x00000000c6d80000, 0x00000000eab00000)
  object space 112128K, 99% used [0x00000000c0000000,0x00000000c6d141d8,0x00000000c6d80000)
 Metaspace       used 51671K, committed 52928K, reserved 1114112K
  class space    used 5479K, committed 6016K, reserved 1048576K
}
Event: 5.527 GC heap before
{Heap before GC invocations=50 (full 2):
 PSYoungGen      total 14848K, used 14742K [0x00000000eab00000, 0x00000000ebc00000, 0x0000000100000000)
  eden space 12288K, 100% used [0x00000000eab00000,0x00000000eb700000,0x00000000eb700000)
  from space 2560K, 95% used [0x00000000eb700000,0x00000000eb965ad8,0x00000000eb980000)
  to   space 2560K, 0% used [0x00000000eb980000,0x00000000eb980000,0x00000000ebc00000)
 ParOldGen       total 112128K, used 111696K [0x00000000c0000000, 0x00000000c6d80000, 0x00000000eab00000)
  object space 112128K, 99% used [0x00000000c0000000,0x00000000c6d141d8,0x00000000c6d80000)
 Metaspace       used 51675K, committed 52928K, reserved 1114112K
  class space    used 5479K, committed 6016K, reserved 1048576K
}
Event: 5.530 GC heap after
{Heap after GC invocations=50 (full 2):
 PSYoungGen      total 14848K, used 1840K [0x00000000eab00000, 0x00000000ebc00000, 0x0000000100000000)
  eden space 12288K, 0% used [0x00000000eab00000,0x00000000eab00000,0x00000000eb700000)
  from space 2560K, 71% used [0x00000000eb980000,0x00000000ebb4c368,0x00000000ebc00000)
  to   space 2560K, 0% used [0x00000000eb700000,0x00000000eb700000,0x00000000eb980000)
 ParOldGen       total 116224K, used 115152K [0x00000000c0000000, 0x00000000c7180000, 0x00000000eab00000)
  object space 116224K, 99% used [0x00000000c0000000,0x00000000c70741e8,0x00000000c7180000)
 Metaspace       used 51675K, committed 52928K, reserved 1114112K
  class space    used 5479K, committed 6016K, reserved 1048576K
}
Event: 5.560 GC heap before
{Heap before GC invocations=51 (full 2):
 PSYoungGen      total 14848K, used 14128K [0x00000000eab00000, 0x00000000ebc00000, 0x0000000100000000)
  eden space 12288K, 100% used [0x00000000eab00000,0x00000000eb700000,0x00000000eb700000)
  from space 2560K, 71% used [0x00000000eb980000,0x00000000ebb4c368,0x00000000ebc00000)
  to   space 2560K, 0% used [0x00000000eb700000,0x00000000eb700000,0x00000000eb980000)
 ParOldGen       total 116224K, used 115152K [0x00000000c0000000, 0x00000000c7180000, 0x00000000eab00000)
  object space 116224K, 99% used [0x00000000c0000000,0x00000000c70741e8,0x00000000c7180000)
 Metaspace       used 52395K, committed 53632K, reserved 1114112K
  class space    used 5548K, committed 6080K, reserved 1048576K
}
Event: 5.562 GC heap after
{Heap after GC invocations=51 (full 2):
 PSYoungGen      total 14848K, used 2083K [0x00000000eab00000, 0x00000000ebc00000, 0x0000000100000000)
  eden space 12288K, 0% used [0x00000000eab00000,0x00000000eab00000,0x00000000eb700000)
  from space 2560K, 81% used [0x00000000eb700000,0x00000000eb908e78,0x00000000eb980000)
  to   space 2560K, 0% used [0x00000000eb980000,0x00000000eb980000,0x00000000ebc00000)
 ParOldGen       total 116736K, used 116339K [0x00000000c0000000, 0x00000000c7200000, 0x00000000eab00000)
  object space 116736K, 99% used [0x00000000c0000000,0x00000000c719cf60,0x00000000c7200000)
 Metaspace       used 52395K, committed 53632K, reserved 1114112K
  class space    used 5548K, committed 6080K, reserved 1048576K
}
Event: 5.590 GC heap before
{Heap before GC invocations=52 (full 2):
 PSYoungGen      total 14848K, used 14368K [0x00000000eab00000, 0x00000000ebc00000, 0x0000000100000000)
  eden space 12288K, 99% used [0x00000000eab00000,0x00000000eb6ff1d8,0x00000000eb700000)
  from space 2560K, 81% used [0x00000000eb700000,0x00000000eb908e78,0x00000000eb980000)
  to   space 2560K, 0% used [0x00000000eb980000,0x00000000eb980000,0x00000000ebc00000)
 ParOldGen       total 116736K, used 116339K [0x00000000c0000000, 0x00000000c7200000, 0x00000000eab00000)
  object space 116736K, 99% used [0x00000000c0000000,0x00000000c719cf60,0x00000000c7200000)
 Metaspace       used 52776K, committed 54016K, reserved 1114112K
  class space    used 5589K, committed 6080K, reserved 1048576K
}
Event: 5.594 GC heap after
{Heap after GC invocations=52 (full 2):
 PSYoungGen      total 12288K, used 2555K [0x00000000eab00000, 0x00000000ec100000, 0x0000000100000000)
  eden space 9728K, 0% used [0x00000000eab00000,0x00000000eab00000,0x00000000eb480000)
  from space 2560K, 99% used [0x00000000eb980000,0x00000000ebbfee28,0x00000000ebc00000)
  to   space 5120K, 0% used [0x00000000eb480000,0x00000000eb480000,0x00000000eb980000)
 ParOldGen       total 118784K, used 118424K [0x00000000c0000000, 0x00000000c7400000, 0x00000000eab00000)
  object space 118784K, 99% used [0x00000000c0000000,0x00000000c73a6158,0x00000000c7400000)
 Metaspace       used 52776K, committed 54016K, reserved 1114112K
  class space    used 5589K, committed 6080K, reserved 1048576K
}
Event: 5.625 GC heap before
{Heap before GC invocations=53 (full 2):
 PSYoungGen      total 12288K, used 12283K [0x00000000eab00000, 0x00000000ec100000, 0x0000000100000000)
  eden space 9728K, 100% used [0x00000000eab00000,0x00000000eb480000,0x00000000eb480000)
  from space 2560K, 99% used [0x00000000eb980000,0x00000000ebbfee28,0x00000000ebc00000)
  to   space 5120K, 0% used [0x00000000eb480000,0x00000000eb480000,0x00000000eb980000)
 ParOldGen       total 118784K, used 118424K [0x00000000c0000000, 0x00000000c7400000, 0x00000000eab00000)
  object space 118784K, 99% used [0x00000000c0000000,0x00000000c73a6158,0x00000000c7400000)
 Metaspace       used 53013K, committed 54272K, reserved 1114112K
  class space    used 5604K, committed 6144K, reserved 1048576K
}
Event: 5.628 GC heap after
{Heap after GC invocations=53 (full 2):
 PSYoungGen      total 12288K, used 2331K [0x00000000eab00000, 0x00000000ebb80000, 0x0000000100000000)
  eden space 9728K, 0% used [0x00000000eab00000,0x00000000eab00000,0x00000000eb480000)
  from space 2560K, 91% used [0x00000000eb480000,0x00000000eb6c6fc8,0x00000000eb700000)
  to   space 3584K, 0% used [0x00000000eb800000,0x00000000eb800000,0x00000000ebb80000)
 ParOldGen       total 121344K, used 120862K [0x00000000c0000000, 0x00000000c7680000, 0x00000000eab00000)
  object space 121344K, 99% used [0x00000000c0000000,0x00000000c7607bb8,0x00000000c7680000)
 Metaspace       used 53013K, committed 54272K, reserved 1114112K
  class space    used 5604K, committed 6144K, reserved 1048576K
}
Event: 5.659 GC heap before
{Heap before GC invocations=54 (full 2):
 PSYoungGen      total 12288K, used 12059K [0x00000000eab00000, 0x00000000ebb80000, 0x0000000100000000)
  eden space 9728K, 100% used [0x00000000eab00000,0x00000000eb480000,0x00000000eb480000)
  from space 2560K, 91% used [0x00000000eb480000,0x00000000eb6c6fc8,0x00000000eb700000)
  to   space 3584K, 0% used [0x00000000eb800000,0x00000000eb800000,0x00000000ebb80000)
 ParOldGen       total 121344K, used 120862K [0x00000000c0000000, 0x00000000c7680000, 0x00000000eab00000)
  object space 121344K, 99% used [0x00000000c0000000,0x00000000c7607bb8,0x00000000c7680000)
 Metaspace       used 53189K, committed 54464K, reserved 1114112K
  class space    used 5621K, committed 6144K, reserved 1048576K
}
Event: 5.663 GC heap after
{Heap after GC invocations=54 (full 2):
 PSYoungGen      total 12288K, used 2174K [0x00000000eab00000, 0x00000000eba80000, 0x0000000100000000)
  eden space 9728K, 0% used [0x00000000eab00000,0x00000000eab00000,0x00000000eb480000)
  from space 2560K, 84% used [0x00000000eb800000,0x00000000eba1fa28,0x00000000eba80000)
  to   space 2560K, 0% used [0x00000000eb480000,0x00000000eb480000,0x00000000eb700000)
 ParOldGen       total 123392K, used 122962K [0x00000000c0000000, 0x00000000c7880000, 0x00000000eab00000)
  object space 123392K, 99% used [0x00000000c0000000,0x00000000c78149f0,0x00000000c7880000)
 Metaspace       used 53189K, committed 54464K, reserved 1114112K
  class space    used 5621K, committed 6144K, reserved 1048576K
}
Event: 5.694 GC heap before
{Heap before GC invocations=55 (full 2):
 PSYoungGen      total 12288K, used 11902K [0x00000000eab00000, 0x00000000eba80000, 0x0000000100000000)
  eden space 9728K, 100% used [0x00000000eab00000,0x00000000eb480000,0x00000000eb480000)
  from space 2560K, 84% used [0x00000000eb800000,0x00000000eba1fa28,0x00000000eba80000)
  to   space 2560K, 0% used [0x00000000eb480000,0x00000000eb480000,0x00000000eb700000)
 ParOldGen       total 123392K, used 122962K [0x00000000c0000000, 0x00000000c7880000, 0x00000000eab00000)
  object space 123392K, 99% used [0x00000000c0000000,0x00000000c78149f0,0x00000000c7880000)
 Metaspace       used 53412K, committed 54720K, reserved 1114112K
  class space    used 5655K, committed 6208K, reserved 1048576K
}
Event: 5.698 GC heap after
{Heap after GC invocations=55 (full 2):
 PSYoungGen      total 12288K, used 2293K [0x00000000eab00000, 0x00000000eb980000, 0x0000000100000000)
  eden space 9728K, 0% used [0x00000000eab00000,0x00000000eab00000,0x00000000eb480000)
  from space 2560K, 89% used [0x00000000eb480000,0x00000000eb6bd588,0x00000000eb700000)
  to   space 2560K, 0% used [0x00000000eb700000,0x00000000eb700000,0x00000000eb980000)
 ParOldGen       total 124928K, used 124906K [0x00000000c0000000, 0x00000000c7a00000, 0x00000000eab00000)
  object space 124928K, 99% used [0x00000000c0000000,0x00000000c79faa78,0x00000000c7a00000)
 Metaspace       used 53412K, committed 54720K, reserved 1114112K
  class space    used 5655K, committed 6208K, reserved 1048576K
}
Event: 5.736 GC heap before
{Heap before GC invocations=56 (full 2):
 PSYoungGen      total 12288K, used 12021K [0x00000000eab00000, 0x00000000eb980000, 0x0000000100000000)
  eden space 9728K, 100% used [0x00000000eab00000,0x00000000eb480000,0x00000000eb480000)
  from space 2560K, 89% used [0x00000000eb480000,0x00000000eb6bd588,0x00000000eb700000)
  to   space 2560K, 0% used [0x00000000eb700000,0x00000000eb700000,0x00000000eb980000)
 ParOldGen       total 124928K, used 124906K [0x00000000c0000000, 0x00000000c7a00000, 0x00000000eab00000)
  object space 124928K, 99% used [0x00000000c0000000,0x00000000c79faa78,0x00000000c7a00000)
 Metaspace       used 53542K, committed 54912K, reserved 1114112K
  class space    used 5671K, committed 6272K, reserved 1048576K
}
Event: 5.739 GC heap after
{Heap after GC invocations=56 (full 2):
 PSYoungGen      total 12288K, used 2373K [0x00000000eab00000, 0x00000000eb980000, 0x0000000100000000)
  eden space 9728K, 0% used [0x00000000eab00000,0x00000000eab00000,0x00000000eb480000)
  from space 2560K, 92% used [0x00000000eb700000,0x00000000eb951488,0x00000000eb980000)
  to   space 2560K, 0% used [0x00000000eb480000,0x00000000eb480000,0x00000000eb700000)
 ParOldGen       total 127488K, used 127039K [0x00000000c0000000, 0x00000000c7c80000, 0x00000000eab00000)
  object space 127488K, 99% used [0x00000000c0000000,0x00000000c7c0ffa0,0x00000000c7c80000)
 Metaspace       used 53542K, committed 54912K, reserved 1114112K
  class space    used 5671K, committed 6272K, reserved 1048576K
}
Event: 5.766 GC heap before
{Heap before GC invocations=57 (full 2):
 PSYoungGen      total 12288K, used 12101K [0x00000000eab00000, 0x00000000eb980000, 0x0000000100000000)
  eden space 9728K, 100% used [0x00000000eab00000,0x00000000eb480000,0x00000000eb480000)
  from space 2560K, 92% used [0x00000000eb700000,0x00000000eb951488,0x00000000eb980000)
  to   space 2560K, 0% used [0x00000000eb480000,0x00000000eb480000,0x00000000eb700000)
 ParOldGen       total 127488K, used 127039K [0x00000000c0000000, 0x00000000c7c80000, 0x00000000eab00000)
  object space 127488K, 99% used [0x00000000c0000000,0x00000000c7c0ffa0,0x00000000c7c80000)
 Metaspace       used 53801K, committed 55232K, reserved 1114112K
  class space    used 5695K, committed 6272K, reserved 1048576K
}
Event: 5.769 GC heap after
{Heap after GC invocations=57 (full 2):
 PSYoungGen      total 12288K, used 2046K [0x00000000eab00000, 0x00000000eb980000, 0x0000000100000000)
  eden space 9728K, 0% used [0x00000000eab00000,0x00000000eab00000,0x00000000eb480000)
  from space 2560K, 79% used [0x00000000eb480000,0x00000000eb67f9f0,0x00000000eb700000)
  to   space 2560K, 0% used [0x00000000eb700000,0x00000000eb700000,0x00000000eb980000)
 ParOldGen       total 129536K, used 129261K [0x00000000c0000000, 0x00000000c7e80000, 0x00000000eab00000)
  object space 129536K, 99% used [0x00000000c0000000,0x00000000c7e3b5c0,0x00000000c7e80000)
 Metaspace       used 53801K, committed 55232K, reserved 1114112K
  class space    used 5695K, committed 6272K, reserved 1048576K
}

Dll operation events (10 events):
Event: 0.011 Loaded shared library c:\Users\SANG\.vscode\extensions\redhat.java-1.40.0-win32-x64\jre\21.0.6-win32-x86_64\bin\java.dll
Event: 0.063 Loaded shared library c:\Users\SANG\.vscode\extensions\redhat.java-1.40.0-win32-x64\jre\21.0.6-win32-x86_64\bin\zip.dll
Event: 0.076 Loaded shared library C:\Users\SANG\.vscode\extensions\redhat.java-1.40.0-win32-x64\jre\21.0.6-win32-x86_64\bin\instrument.dll
Event: 0.079 Loaded shared library C:\Users\SANG\.vscode\extensions\redhat.java-1.40.0-win32-x64\jre\21.0.6-win32-x86_64\bin\net.dll
Event: 0.081 Loaded shared library C:\Users\SANG\.vscode\extensions\redhat.java-1.40.0-win32-x64\jre\21.0.6-win32-x86_64\bin\nio.dll
Event: 0.084 Loaded shared library C:\Users\SANG\.vscode\extensions\redhat.java-1.40.0-win32-x64\jre\21.0.6-win32-x86_64\bin\zip.dll
Event: 0.093 Loaded shared library C:\Users\SANG\.vscode\extensions\redhat.java-1.40.0-win32-x64\jre\21.0.6-win32-x86_64\bin\jimage.dll
Event: 0.138 Loaded shared library c:\Users\SANG\.vscode\extensions\redhat.java-1.40.0-win32-x64\jre\21.0.6-win32-x86_64\bin\verify.dll
Event: 0.904 Loaded shared library C:\Users\SANG\AppData\Roaming\Code\User\globalStorage\redhat.java\1.40.0\config_win\org.eclipse.equinox.launcher\org.eclipse.equinox.launcher.win32.win32.x86_64_1.2.1200.v20250212-0927\eclipse_11909.dll
Event: 1.783 Loaded shared library C:\Users\SANG\AppData\Local\Temp\jna-2537607\jna17266635390169476405.dll

Deoptimization events (20 events):
Event: 5.821 Thread 0x0000023370151490 Uncommon trap: trap_request=0xffffffde fr.pc=0x000002336010d918 relative=0x0000000000001118
Event: 5.821 Thread 0x0000023370151490 Uncommon trap: reason=class_check action=maybe_recompile pc=0x000002336010d918 method=java.nio.file.FileTreeWalker.next()Ljava/nio/file/FileTreeWalker$Event; @ 37 c2
Event: 5.821 Thread 0x0000023370151490 DEOPT PACKING pc=0x000002336010d918 sp=0x000000a209bfee90
Event: 5.821 Thread 0x0000023370151490 DEOPT UNPACKING pc=0x000002335f8c6da2 sp=0x000000a209bfee80 mode 2
Event: 5.823 Thread 0x0000023370151490 Uncommon trap: trap_request=0xffffffde fr.pc=0x00000233601bec64 relative=0x0000000000000284
Event: 5.823 Thread 0x0000023370151490 Uncommon trap: reason=class_check action=maybe_recompile pc=0x00000233601bec64 method=sun.nio.fs.WindowsPath.compareTo(Ljava/nio/file/Path;)I @ 18 c2
Event: 5.823 Thread 0x0000023370151490 DEOPT PACKING pc=0x00000233601bec64 sp=0x000000a209bfebd0
Event: 5.823 Thread 0x0000023370151490 DEOPT UNPACKING pc=0x000002335f8c6da2 sp=0x000000a209bfeb40 mode 2
Event: 5.826 Thread 0x0000023370151490 Uncommon trap: trap_request=0xffffffde fr.pc=0x00000233601bec64 relative=0x0000000000000284
Event: 5.826 Thread 0x0000023370151490 Uncommon trap: reason=class_check action=maybe_recompile pc=0x00000233601bec64 method=sun.nio.fs.WindowsPath.compareTo(Ljava/nio/file/Path;)I @ 18 c2
Event: 5.826 Thread 0x0000023370151490 DEOPT PACKING pc=0x00000233601bec64 sp=0x000000a209bfeb30
Event: 5.826 Thread 0x0000023370151490 DEOPT UNPACKING pc=0x000002335f8c6da2 sp=0x000000a209bfeaa0 mode 2
Event: 5.828 Thread 0x0000023370151490 Uncommon trap: trap_request=0xffffffde fr.pc=0x00000233601bec64 relative=0x0000000000000284
Event: 5.828 Thread 0x0000023370151490 Uncommon trap: reason=class_check action=maybe_recompile pc=0x00000233601bec64 method=sun.nio.fs.WindowsPath.compareTo(Ljava/nio/file/Path;)I @ 18 c2
Event: 5.828 Thread 0x0000023370151490 DEOPT PACKING pc=0x00000233601bec64 sp=0x000000a209bfeb30
Event: 5.828 Thread 0x0000023370151490 DEOPT UNPACKING pc=0x000002335f8c6da2 sp=0x000000a209bfeaa0 mode 2
Event: 5.843 Thread 0x0000023370151490 Uncommon trap: trap_request=0xffffffde fr.pc=0x00000233601bec64 relative=0x0000000000000284
Event: 5.843 Thread 0x0000023370151490 Uncommon trap: reason=class_check action=maybe_recompile pc=0x00000233601bec64 method=sun.nio.fs.WindowsPath.compareTo(Ljava/nio/file/Path;)I @ 18 c2
Event: 5.843 Thread 0x0000023370151490 DEOPT PACKING pc=0x00000233601bec64 sp=0x000000a209bfeb30
Event: 5.843 Thread 0x0000023370151490 DEOPT UNPACKING pc=0x000002335f8c6da2 sp=0x000000a209bfeaa0 mode 2

Classes loaded (20 events):
Event: 5.703 Loading class java/util/concurrent/ConcurrentHashMap$KeySpliterator
Event: 5.703 Loading class java/util/concurrent/ConcurrentHashMap$KeySpliterator done
Event: 5.709 Loading class sun/nio/ch/ChannelOutputStream
Event: 5.709 Loading class sun/nio/ch/ChannelOutputStream done
Event: 5.758 Loading class java/util/TreeMap$ValueSpliterator
Event: 5.758 Loading class java/util/TreeMap$TreeMapSpliterator
Event: 5.758 Loading class java/util/TreeMap$TreeMapSpliterator done
Event: 5.759 Loading class java/util/TreeMap$ValueSpliterator done
Event: 5.813 Loading class java/util/concurrent/CompletionException
Event: 5.813 Loading class java/util/concurrent/CompletionException done
Event: 5.816 Loading class java/nio/file/FileTreeWalker$1
Event: 5.816 Loading class java/nio/file/FileTreeWalker$1 done
Event: 5.818 Loading class sun/nio/fs/Globs
Event: 5.818 Loading class sun/nio/fs/Globs done
Event: 5.818 Loading class java/util/regex/Pattern$SliceU
Event: 5.818 Loading class java/util/regex/Pattern$SliceU done
Event: 5.818 Loading class sun/nio/fs/WindowsFileSystem$2
Event: 5.818 Loading class java/nio/file/PathMatcher
Event: 5.819 Loading class java/nio/file/PathMatcher done
Event: 5.819 Loading class sun/nio/fs/WindowsFileSystem$2 done

Classes unloaded (7 events):
Event: 2.196 Thread 0x0000023352e0d600 Unloading class 0x0000023301199c00 'java/lang/invoke/LambdaForm$MH+0x0000023301199c00'
Event: 2.196 Thread 0x0000023352e0d600 Unloading class 0x0000023301199800 'java/lang/invoke/LambdaForm$MH+0x0000023301199800'
Event: 2.196 Thread 0x0000023352e0d600 Unloading class 0x0000023301199400 'java/lang/invoke/LambdaForm$MH+0x0000023301199400'
Event: 2.196 Thread 0x0000023352e0d600 Unloading class 0x0000023301199000 'java/lang/invoke/LambdaForm$MH+0x0000023301199000'
Event: 2.196 Thread 0x0000023352e0d600 Unloading class 0x0000023301198c00 'java/lang/invoke/LambdaForm$BMH+0x0000023301198c00'
Event: 2.196 Thread 0x0000023352e0d600 Unloading class 0x0000023301198800 'java/lang/invoke/LambdaForm$DMH+0x0000023301198800'
Event: 2.196 Thread 0x0000023352e0d600 Unloading class 0x0000023301193400 'java/lang/invoke/LambdaForm$DMH+0x0000023301193400'

Classes redefined (0 events):
No events

Internal exceptions (20 events):
Event: 5.827 Thread 0x0000023370151490 Exception <a 'sun/nio/fs/WindowsException'{0x00000000eacec860}> (0x00000000eacec860) 
thrown [s\src\hotspot\share\prims\jni.cpp, line 520]
Event: 5.828 Thread 0x0000023370151490 Exception <a 'sun/nio/fs/WindowsException'{0x00000000eacece10}> (0x00000000eacece10) 
thrown [s\src\hotspot\share\prims\jni.cpp, line 520]
Event: 5.828 Thread 0x0000023370151490 Exception <a 'sun/nio/fs/WindowsException'{0x00000000eaced3c0}> (0x00000000eaced3c0) 
thrown [s\src\hotspot\share\prims\jni.cpp, line 520]
Event: 5.828 Thread 0x0000023370151490 Exception <a 'sun/nio/fs/WindowsException'{0x00000000eaced990}> (0x00000000eaced990) 
thrown [s\src\hotspot\share\prims\jni.cpp, line 520]
Event: 5.829 Thread 0x0000023370151490 Exception <a 'sun/nio/fs/WindowsException'{0x00000000eacf2758}> (0x00000000eacf2758) 
thrown [s\src\hotspot\share\prims\jni.cpp, line 520]
Event: 5.830 Thread 0x0000023370151490 Exception <a 'sun/nio/fs/WindowsException'{0x00000000eacf2d08}> (0x00000000eacf2d08) 
thrown [s\src\hotspot\share\prims\jni.cpp, line 520]
Event: 5.830 Thread 0x0000023370151490 Exception <a 'sun/nio/fs/WindowsException'{0x00000000eacf32b8}> (0x00000000eacf32b8) 
thrown [s\src\hotspot\share\prims\jni.cpp, line 520]
Event: 5.843 Thread 0x0000023370151490 Exception <a 'sun/nio/fs/WindowsException'{0x00000000eacf3888}> (0x00000000eacf3888) 
thrown [s\src\hotspot\share\prims\jni.cpp, line 520]
Event: 5.845 Thread 0x0000023370151490 Exception <a 'sun/nio/fs/WindowsException'{0x00000000eae120e0}> (0x00000000eae120e0) 
thrown [s\src\hotspot\share\prims\jni.cpp, line 520]
Event: 5.845 Thread 0x0000023370151490 Exception <a 'sun/nio/fs/WindowsException'{0x00000000eae126a0}> (0x00000000eae126a0) 
thrown [s\src\hotspot\share\prims\jni.cpp, line 520]
Event: 5.845 Thread 0x0000023370151490 Exception <a 'sun/nio/fs/WindowsException'{0x00000000eae12c60}> (0x00000000eae12c60) 
thrown [s\src\hotspot\share\prims\jni.cpp, line 520]
Event: 5.846 Thread 0x0000023370151490 Exception <a 'sun/nio/fs/WindowsException'{0x00000000eae13238}> (0x00000000eae13238) 
thrown [s\src\hotspot\share\prims\jni.cpp, line 520]
Event: 5.856 Thread 0x0000023370151490 Exception <a 'sun/nio/fs/WindowsException'{0x00000000eae18228}> (0x00000000eae18228) 
thrown [s\src\hotspot\share\prims\jni.cpp, line 520]
Event: 5.856 Thread 0x0000023370151490 Exception <a 'sun/nio/fs/WindowsException'{0x00000000eae18800}> (0x00000000eae18800) 
thrown [s\src\hotspot\share\prims\jni.cpp, line 520]
Event: 5.857 Thread 0x0000023370151490 Exception <a 'sun/nio/fs/WindowsException'{0x00000000eae18de8}> (0x00000000eae18de8) 
thrown [s\src\hotspot\share\prims\jni.cpp, line 520]
Event: 5.857 Thread 0x0000023370151490 Exception <a 'sun/nio/fs/WindowsException'{0x00000000eae193e0}> (0x00000000eae193e0) 
thrown [s\src\hotspot\share\prims\jni.cpp, line 520]
Event: 5.860 Thread 0x0000023370151490 Exception <a 'sun/nio/fs/WindowsException'{0x00000000eafd6ed8}> (0x00000000eafd6ed8) 
thrown [s\src\hotspot\share\prims\jni.cpp, line 520]
Event: 5.860 Thread 0x0000023370151490 Exception <a 'sun/nio/fs/WindowsException'{0x00000000eafd74c8}> (0x00000000eafd74c8) 
thrown [s\src\hotspot\share\prims\jni.cpp, line 520]
Event: 5.860 Thread 0x0000023370151490 Exception <a 'sun/nio/fs/WindowsException'{0x00000000eafd7ab8}> (0x00000000eafd7ab8) 
thrown [s\src\hotspot\share\prims\jni.cpp, line 520]
Event: 5.860 Thread 0x0000023370151490 Exception <a 'sun/nio/fs/WindowsException'{0x00000000eafd80c0}> (0x00000000eafd80c0) 
thrown [s\src\hotspot\share\prims\jni.cpp, line 520]

ZGC Phase Switch (0 events):
No events

VM Operations (20 events):
Event: 5.480 Executing VM operation: ParallelGCFailedAllocation (Allocation Failure)
Event: 5.482 Executing VM operation: ParallelGCFailedAllocation (Allocation Failure) done
Event: 5.510 Executing VM operation: ParallelGCFailedAllocation (Allocation Failure)
Event: 5.513 Executing VM operation: ParallelGCFailedAllocation (Allocation Failure) done
Event: 5.527 Executing VM operation: ParallelGCFailedAllocation (Allocation Failure)
Event: 5.530 Executing VM operation: ParallelGCFailedAllocation (Allocation Failure) done
Event: 5.560 Executing VM operation: ParallelGCFailedAllocation (Allocation Failure)
Event: 5.562 Executing VM operation: ParallelGCFailedAllocation (Allocation Failure) done
Event: 5.590 Executing VM operation: ParallelGCFailedAllocation (Allocation Failure)
Event: 5.594 Executing VM operation: ParallelGCFailedAllocation (Allocation Failure) done
Event: 5.625 Executing VM operation: ParallelGCFailedAllocation (Allocation Failure)
Event: 5.628 Executing VM operation: ParallelGCFailedAllocation (Allocation Failure) done
Event: 5.659 Executing VM operation: ParallelGCFailedAllocation (Allocation Failure)
Event: 5.663 Executing VM operation: ParallelGCFailedAllocation (Allocation Failure) done
Event: 5.694 Executing VM operation: ParallelGCFailedAllocation (Allocation Failure)
Event: 5.698 Executing VM operation: ParallelGCFailedAllocation (Allocation Failure) done
Event: 5.736 Executing VM operation: ParallelGCFailedAllocation (Allocation Failure)
Event: 5.739 Executing VM operation: ParallelGCFailedAllocation (Allocation Failure) done
Event: 5.766 Executing VM operation: ParallelGCFailedAllocation (Allocation Failure)
Event: 5.769 Executing VM operation: ParallelGCFailedAllocation (Allocation Failure) done

Memory protections (0 events):
No events

Nmethod flushes (20 events):
Event: 2.988 Thread 0x0000023352e0d600 flushing  nmethod 0x0000023358970590
Event: 2.988 Thread 0x0000023352e0d600 flushing  nmethod 0x0000023358994c10
Event: 2.988 Thread 0x0000023352e0d600 flushing  nmethod 0x0000023358995010
Event: 2.988 Thread 0x0000023352e0d600 flushing  nmethod 0x0000023358995910
Event: 2.988 Thread 0x0000023352e0d600 flushing  nmethod 0x0000023358996b10
Event: 2.988 Thread 0x0000023352e0d600 flushing  nmethod 0x0000023358997310
Event: 2.988 Thread 0x0000023352e0d600 flushing  nmethod 0x0000023358997a90
Event: 2.988 Thread 0x0000023352e0d600 flushing  nmethod 0x0000023358999010
Event: 2.988 Thread 0x0000023352e0d600 flushing  nmethod 0x0000023358999510
Event: 2.988 Thread 0x0000023352e0d600 flushing  nmethod 0x000002335899a610
Event: 2.988 Thread 0x0000023352e0d600 flushing  nmethod 0x000002335899aa10
Event: 2.988 Thread 0x0000023352e0d600 flushing  nmethod 0x000002335899ae90
Event: 2.988 Thread 0x0000023352e0d600 flushing  nmethod 0x000002335899b390
Event: 2.988 Thread 0x0000023352e0d600 flushing  nmethod 0x000002335899b890
Event: 2.988 Thread 0x0000023352e0d600 flushing  nmethod 0x00000233589a6590
Event: 2.988 Thread 0x0000023352e0d600 flushing  nmethod 0x00000233589b3f10
Event: 2.988 Thread 0x0000023352e0d600 flushing  nmethod 0x00000233589cc110
Event: 2.988 Thread 0x0000023352e0d600 flushing  nmethod 0x00000233589ce390
Event: 2.988 Thread 0x0000023352e0d600 flushing  nmethod 0x00000233589e5790
Event: 2.988 Thread 0x0000023352e0d600 flushing  nmethod 0x0000023358a91110

Events (20 events):
Event: 1.837 Thread 0x000002336fba10b0 Thread added: 0x00000233701521b0
Event: 2.348 Thread 0x00000233701521b0 Thread added: 0x0000023370152ed0
Event: 2.548 Thread 0x000002336fba10b0 Thread added: 0x0000023370152840
Event: 2.795 Thread 0x00000233701521b0 Thread added: 0x0000023370153560
Event: 2.818 Thread 0x000002335513c060 Thread added: 0x0000023370154280
Event: 2.819 Thread 0x000002335513c060 Thread added: 0x0000023370150e00
Event: 2.819 Thread 0x000002335513c060 Thread added: 0x0000023372e7e1b0
Event: 2.819 Thread 0x000002335513c060 Thread added: 0x0000023372e7e840
Event: 2.819 Thread 0x000002335513c060 Thread added: 0x0000023372e83070
Event: 2.819 Thread 0x000002335513c060 Thread added: 0x0000023372e7db20
Event: 2.819 Thread 0x000002335513c060 Thread added: 0x0000023372e83700
Event: 2.819 Thread 0x000002335513c060 Thread added: 0x0000023372e80280
Event: 2.819 Thread 0x000002335513c060 Thread added: 0x0000023372e83d90
Event: 2.833 Thread 0x000002335513c060 Thread added: 0x0000023372e84420
Event: 2.944 Thread 0x000002335513c060 Thread added: 0x0000023372e7eed0
Event: 2.944 Thread 0x000002335513c060 Thread added: 0x0000023372e81cc0
Event: 3.350 Thread 0x0000023370152ed0 Thread added: 0x0000023372e80fa0
Event: 4.690 Thread 0x0000023370153560 Thread added: 0x0000023372e81630
Event: 5.387 Thread 0x0000023370153560 Thread added: 0x0000023372e84ab0
Event: 5.706 Thread 0x0000023370153560 Thread added: 0x0000023372e7fbf0


Dynamic libraries:
0x00007ff6fbbf0000 - 0x00007ff6fbbfe000 	c:\Users\SANG\.vscode\extensions\redhat.java-1.40.0-win32-x64\jre\21.0.6-win32-x86_64\bin\java.exe
0x00007ffbc2820000 - 0x00007ffbc2a29000 	C:\Windows\SYSTEM32\ntdll.dll
0x00007ffbc15a0000 - 0x00007ffbc165d000 	C:\Windows\System32\KERNEL32.DLL
0x00007ffbbfdd0000 - 0x00007ffbc0154000 	C:\Windows\System32\KERNELBASE.dll
0x00007ffbc04b0000 - 0x00007ffbc05c1000 	C:\Windows\System32\ucrtbase.dll
0x00007ffb95160000 - 0x00007ffb9517e000 	c:\Users\SANG\.vscode\extensions\redhat.java-1.40.0-win32-x64\jre\21.0.6-win32-x86_64\bin\VCRUNTIME140.dll
0x00007ffb95180000 - 0x00007ffb95198000 	c:\Users\SANG\.vscode\extensions\redhat.java-1.40.0-win32-x64\jre\21.0.6-win32-x86_64\bin\jli.dll
0x00007ffbc0dc0000 - 0x00007ffbc0f6d000 	C:\Windows\System32\USER32.dll
0x00007ffbbfcb0000 - 0x00007ffbbfcd6000 	C:\Windows\System32\win32u.dll
0x00007ffbc06a0000 - 0x00007ffbc06ca000 	C:\Windows\System32\GDI32.dll
0x00007ffbc0390000 - 0x00007ffbc04ae000 	C:\Windows\System32\gdi32full.dll
0x00007ffbc05d0000 - 0x00007ffbc066d000 	C:\Windows\System32\msvcp_win.dll
0x00007ffb9c770000 - 0x00007ffb9ca15000 	C:\Windows\WinSxS\amd64_microsoft.windows.common-controls_6595b64144ccf1df_6.0.22000.120_none_9d947278b86cc467\COMCTL32.dll
0x00007ffbc1c00000 - 0x00007ffbc1ca3000 	C:\Windows\System32\msvcrt.dll
0x00007ffbc1cb0000 - 0x00007ffbc1ce1000 	C:\Windows\System32\IMM32.DLL
0x00007ffba7380000 - 0x00007ffba738c000 	c:\Users\SANG\.vscode\extensions\redhat.java-1.40.0-win32-x64\jre\21.0.6-win32-x86_64\bin\vcruntime140_1.dll
0x00007ffb49190000 - 0x00007ffb4921d000 	c:\Users\SANG\.vscode\extensions\redhat.java-1.40.0-win32-x64\jre\21.0.6-win32-x86_64\bin\msvcp140.dll
0x00007ffb41730000 - 0x00007ffb424c0000 	c:\Users\SANG\.vscode\extensions\redhat.java-1.40.0-win32-x64\jre\21.0.6-win32-x86_64\bin\server\jvm.dll
0x00007ffbc0d10000 - 0x00007ffbc0dbe000 	C:\Windows\System32\ADVAPI32.dll
0x00007ffbc2660000 - 0x00007ffbc26fe000 	C:\Windows\System32\sechost.dll
0x00007ffbc13f0000 - 0x00007ffbc1511000 	C:\Windows\System32\RPCRT4.dll
0x00007ffbc1a10000 - 0x00007ffbc1a7f000 	C:\Windows\System32\WS2_32.dll
0x00007ffbbd820000 - 0x00007ffbbd853000 	C:\Windows\SYSTEM32\WINMM.dll
0x00007ffbb4580000 - 0x00007ffbb458a000 	C:\Windows\SYSTEM32\VERSION.dll
0x00007ffbbee20000 - 0x00007ffbbee6d000 	C:\Windows\SYSTEM32\POWRPROF.dll
0x00007ffbbedc0000 - 0x00007ffbbedd3000 	C:\Windows\SYSTEM32\UMPDC.dll
0x00007ffbbeda0000 - 0x00007ffbbedb8000 	C:\Windows\SYSTEM32\kernel.appcore.dll
0x00007ffba6480000 - 0x00007ffba648a000 	c:\Users\SANG\.vscode\extensions\redhat.java-1.40.0-win32-x64\jre\21.0.6-win32-x86_64\bin\jimage.dll
0x00007ffbbd5b0000 - 0x00007ffbbd7d1000 	C:\Windows\SYSTEM32\DBGHELP.DLL
0x00007ffbbd7e0000 - 0x00007ffbbd811000 	C:\Windows\SYSTEM32\dbgcore.DLL
0x00007ffbbfce0000 - 0x00007ffbbfd5f000 	C:\Windows\System32\bcryptPrimitives.dll
0x00007ffba63a0000 - 0x00007ffba63af000 	c:\Users\SANG\.vscode\extensions\redhat.java-1.40.0-win32-x64\jre\21.0.6-win32-x86_64\bin\instrument.dll
0x00007ffb90090000 - 0x00007ffb900af000 	c:\Users\SANG\.vscode\extensions\redhat.java-1.40.0-win32-x64\jre\21.0.6-win32-x86_64\bin\java.dll
0x00007ffbc1cf0000 - 0x00007ffbc24b5000 	C:\Windows\System32\SHELL32.dll
0x00007ffbbdd80000 - 0x00007ffbbe5e2000 	C:\Windows\SYSTEM32\windows.storage.dll
0x00007ffbc06d0000 - 0x00007ffbc0a46000 	C:\Windows\System32\combase.dll
0x00007ffbbdc10000 - 0x00007ffbbdd77000 	C:\Windows\SYSTEM32\wintypes.dll
0x00007ffbc0b70000 - 0x00007ffbc0c5a000 	C:\Windows\System32\SHCORE.dll
0x00007ffbc1b10000 - 0x00007ffbc1b6d000 	C:\Windows\System32\shlwapi.dll
0x00007ffbbfbe0000 - 0x00007ffbbfc05000 	C:\Windows\SYSTEM32\profapi.dll
0x00007ffbbaf80000 - 0x00007ffbbaf98000 	c:\Users\SANG\.vscode\extensions\redhat.java-1.40.0-win32-x64\jre\21.0.6-win32-x86_64\bin\zip.dll
0x00007ffbbaf70000 - 0x00007ffbbaf80000 	C:\Users\SANG\.vscode\extensions\redhat.java-1.40.0-win32-x64\jre\21.0.6-win32-x86_64\bin\net.dll
0x00007ffbb9ae0000 - 0x00007ffbb9bf4000 	C:\Windows\SYSTEM32\WINHTTP.dll
0x00007ffbbf2c0000 - 0x00007ffbbf327000 	C:\Windows\system32\mswsock.dll
0x00007ffbbaf50000 - 0x00007ffbbaf66000 	C:\Users\SANG\.vscode\extensions\redhat.java-1.40.0-win32-x64\jre\21.0.6-win32-x86_64\bin\nio.dll
0x00007ffbbaf40000 - 0x00007ffbbaf50000 	c:\Users\SANG\.vscode\extensions\redhat.java-1.40.0-win32-x64\jre\21.0.6-win32-x86_64\bin\verify.dll
0x00007ffbbaef0000 - 0x00007ffbbaf35000 	C:\Users\SANG\AppData\Roaming\Code\User\globalStorage\redhat.java\1.40.0\config_win\org.eclipse.equinox.launcher\org.eclipse.equinox.launcher.win32.win32.x86_64_1.2.1200.v20250212-0927\eclipse_11909.dll
0x00007ffbc24c0000 - 0x00007ffbc265a000 	C:\Windows\System32\ole32.dll
0x00007ffbbf500000 - 0x00007ffbbf518000 	C:\Windows\SYSTEM32\CRYPTSP.dll
0x00007ffbbecf0000 - 0x00007ffbbed25000 	C:\Windows\system32\rsaenh.dll
0x00007ffbbf3b0000 - 0x00007ffbbf3dc000 	C:\Windows\SYSTEM32\USERENV.dll
0x00007ffbbf680000 - 0x00007ffbbf6a7000 	C:\Windows\SYSTEM32\bcrypt.dll
0x00007ffbbf520000 - 0x00007ffbbf52c000 	C:\Windows\SYSTEM32\CRYPTBASE.dll
0x00007ffbbe8b0000 - 0x00007ffbbe8dd000 	C:\Windows\SYSTEM32\IPHLPAPI.DLL
0x00007ffbc1590000 - 0x00007ffbc1599000 	C:\Windows\System32\NSI.dll
0x00007ffbbaea0000 - 0x00007ffbbaee9000 	C:\Users\SANG\AppData\Local\Temp\jna-2537607\jna17266635390169476405.dll
0x00007ffbc1b00000 - 0x00007ffbc1b08000 	C:\Windows\System32\PSAPI.DLL
0x00007ffbb94d0000 - 0x00007ffbb94e9000 	C:\Windows\SYSTEM32\dhcpcsvc6.DLL
0x00007ffbba160000 - 0x00007ffbba17e000 	C:\Windows\SYSTEM32\dhcpcsvc.DLL

dbghelp: loaded successfully - version: 4.0.5 - missing functions: none
symbol engine: initialized successfully - sym options: 0x614 - pdb path: .;c:\Users\SANG\.vscode\extensions\redhat.java-1.40.0-win32-x64\jre\21.0.6-win32-x86_64\bin;C:\Windows\SYSTEM32;C:\Windows\WinSxS\amd64_microsoft.windows.common-controls_6595b64144ccf1df_6.0.22000.120_none_9d947278b86cc467;c:\Users\SANG\.vscode\extensions\redhat.java-1.40.0-win32-x64\jre\21.0.6-win32-x86_64\bin\server;C:\Users\SANG\AppData\Roaming\Code\User\globalStorage\redhat.java\1.40.0\config_win\org.eclipse.equinox.launcher\org.eclipse.equinox.launcher.win32.win32.x86_64_1.2.1200.v20250212-0927;C:\Users\SANG\AppData\Local\Temp\jna-2537607

VM Arguments:
jvm_args: --add-modules=ALL-SYSTEM --add-opens=java.base/java.util=ALL-UNNAMED --add-opens=java.base/java.lang=ALL-UNNAMED --add-opens=java.base/sun.nio.fs=ALL-UNNAMED -Declipse.application=org.eclipse.jdt.ls.core.id1 -Dosgi.bundles.defaultStartLevel=4 -Declipse.product=org.eclipse.jdt.ls.core.product -Djava.import.generatesMetadataFilesAtProjectRoot=false -DDetectVMInstallationsJob.disabled=true -Dfile.encoding=utf8 -XX:+UseParallelGC -XX:GCTimeRatio=4 -XX:AdaptiveSizePolicyWeight=90 -Dsun.zip.disableMemoryMapping=true -Xmx1G -Xms100m -Xlog:disable -javaagent:c:\Users\SANG\.vscode\extensions\redhat.java-1.40.0-win32-x64\lombok\lombok-1.18.36.jar -XX:+HeapDumpOnOutOfMemoryError -XX:HeapDumpPath=c:\Users\SANG\AppData\Roaming\Code\User\workspaceStorage\ee4d113536bcacf8f92e037b085bcff5\redhat.java -Daether.dependencyCollector.impl=bf 
java_command: c:\Users\SANG\.vscode\extensions\redhat.java-1.40.0-win32-x64\server\plugins\org.eclipse.equinox.launcher_1.6.1000.v20250131-0606.jar -configuration c:\Users\SANG\AppData\Roaming\Code\User\globalStorage\redhat.java\1.40.0\config_win -data c:\Users\SANG\AppData\Roaming\Code\User\workspaceStorage\ee4d113536bcacf8f92e037b085bcff5\redhat.java\jdt_ws --pipe=\\.\pipe\lsp-97a0fcdb118d0dfbd26c6c69c448fa6b-sock
java_class_path (initial): c:\Users\SANG\.vscode\extensions\redhat.java-1.40.0-win32-x64\server\plugins\org.eclipse.equinox.launcher_1.6.1000.v20250131-0606.jar
Launcher Type: SUN_STANDARD

[Global flags]
    uintx AdaptiveSizePolicyWeight                 = 90                                        {product} {command line}
     intx CICompilerCount                          = 4                                         {product} {ergonomic}
    uintx GCTimeRatio                              = 4                                         {product} {command line}
     bool HeapDumpOnOutOfMemoryError               = true                                   {manageable} {command line}
    ccstr HeapDumpPath                             = c:\Users\SANG\AppData\Roaming\Code\User\workspaceStorage\ee4d113536bcacf8f92e037b085bcff5\redhat.java         {manageable} {command line}
   size_t InitialHeapSize                          = 104857600                                 {product} {command line}
   size_t MaxHeapSize                              = 1073741824                                {product} {command line}
   size_t MaxNewSize                               = 357564416                                 {product} {ergonomic}
   size_t MinHeapDeltaBytes                        = 524288                                    {product} {ergonomic}
   size_t MinHeapSize                              = 104857600                                 {product} {command line}
   size_t NewSize                                  = 34603008                                  {product} {ergonomic}
    uintx NonNMethodCodeHeapSize                   = 5839372                                {pd product} {ergonomic}
    uintx NonProfiledCodeHeapSize                  = 122909434                              {pd product} {ergonomic}
   size_t OldSize                                  = 70254592                                  {product} {ergonomic}
    uintx ProfiledCodeHeapSize                     = 122909434                              {pd product} {ergonomic}
    uintx ReservedCodeCacheSize                    = 251658240                              {pd product} {ergonomic}
     bool SegmentedCodeCache                       = true                                      {product} {ergonomic}
   size_t SoftMaxHeapSize                          = 1073741824                             {manageable} {ergonomic}
     bool UseCompressedOops                        = true                           {product lp64_product} {ergonomic}
     bool UseLargePagesIndividualAllocation        = false                                  {pd product} {ergonomic}
     bool UseParallelGC                            = true                                      {product} {command line}

Logging:
Log output configuration:
 #0: stdout all=off uptime,level,tags foldmultilines=false
 #1: stderr all=off uptime,level,tags foldmultilines=false

Environment Variables:
PATH=C:\Program Files\Common Files\Oracle\Java\javapath;C:\Windows\system32;C:\Windows;C:\Windows\System32\Wbem;C:\Windows\System32\WindowsPowerShell\v1.0\;C:\Windows\System32\OpenSSH\;C:\Program Files\nodejs\;C:\ProgramData\ComposerSetup\bin;C:\Program Files\Git\cmd;C:\Users\SANG\AppData\Local\Microsoft\WindowsApps;C:\Users\SANG\AppData\Local\Programs\Microsoft VS Code\bin;C:\Users\SANG\AppData\Roaming\npm;C:\laragon\bin\php\php-8.1.10-Win32-vs16-x64;C:\Users\SANG\composer;C:\Users\SANG\AppData\Roaming\Composer\vendor\bin;C:\Program Files\Java\jdk-17\bin;
USERNAME=SANG
OS=Windows_NT
PROCESSOR_IDENTIFIER=Intel64 Family 6 Model 140 Stepping 1, GenuineIntel
TMP=C:\Users\SANG\AppData\Local\Temp
TEMP=C:\Users\SANG\AppData\Local\Temp




Periodic native trim disabled

---------------  S Y S T E M  ---------------

OS:
 Windows 11 , 64 bit Build 22000 (10.0.22000.2538)
OS uptime: 0 days 0:10 hours

CPU: total 8 (initial active 8) (4 cores per cpu, 2 threads per core) family 6 model 140 stepping 1 microcode 0xb8, cx8, cmov, fxsr, ht, mmx, 3dnowpref, sse, sse2, sse3, ssse3, sse4.1, sse4.2, popcnt, lzcnt, tsc, tscinvbit, avx, avx2, aes, erms, clmul, bmi1, bmi2, adx, avx512f, avx512dq, avx512cd, avx512bw, avx512vl, sha, fma, vzeroupper, avx512_vpopcntdq, avx512_vpclmulqdq, avx512_vaes, avx512_vnni, clflush, clflushopt, clwb, avx512_vbmi2, avx512_vbmi, rdtscp, rdpid, fsrm, gfni, avx512_bitalg, f16c, pku, cet_ibt, cet_ss, avx512_ifma
Processor Information for the first 8 processors :
  Max Mhz: 1382, Current Mhz: 1382, Mhz Limit: 1382

Memory: 4k page, system-wide physical 7914M (881M free)
TotalPageFile size 13802M (AvailPageFile size 5971M)
current process WorkingSet (physical memory assigned to process): 430M, peak: 432M
current process commit charge ("private bytes"): 432M, peak: 434M

vm_info: OpenJDK 64-Bit Server VM (21.0.6+7-LTS) for windows-amd64 JRE (21.0.6+7-LTS), built on 2025-01-21T00:00:00Z by "admin" with MS VC++ 17.7 (VS2022)

END.
