#
# A fatal error has been detected by the Java Runtime Environment:
#
#  EXCEPTION_ACCESS_VIOLATION (0xc0000005) at pc=0x00007ffb4173c43e, pid=7484, tid=7848
#
# JRE version: OpenJDK Runtime Environment Temurin-21.0.6+7 (21.0.6+7) (build 21.0.6+7-LTS)
# Java VM: OpenJDK 64-Bit Server VM Temurin-21.0.6+7 (21.0.6+7-LTS, mixed mode, sharing, tiered, compressed oops, compressed class ptrs, parallel gc, windows-amd64)
# Problematic frame:
# V  [jvm.dll+0xc43e]
#
# No core dump will be written. Minidumps are not enabled by default on client versions of Windows
#
# If you would like to submit a bug report, please visit:
#   https://github.com/adoptium/adoptium-support/issues
#

---------------  S U M M A R Y ------------

Command Line: --add-modules=ALL-SYSTEM --add-opens=java.base/java.util=ALL-UNNAMED --add-opens=java.base/java.lang=ALL-UNNAMED --add-opens=java.base/sun.nio.fs=ALL-UNNAMED -Declipse.application=org.eclipse.jdt.ls.core.id1 -Dosgi.bundles.defaultStartLevel=4 -Declipse.product=org.eclipse.jdt.ls.core.product -Djava.import.generatesMetadataFilesAtProjectRoot=false -DDetectVMInstallationsJob.disabled=true -Dfile.encoding=utf8 -XX:+UseParallelGC -XX:GCTimeRatio=4 -XX:AdaptiveSizePolicyWeight=90 -Dsun.zip.disableMemoryMapping=true -Xmx1G -Xms100m -Xlog:disable -javaagent:c:\Users\SANG\.vscode\extensions\redhat.java-1.40.0-win32-x64\lombok\lombok-1.18.36.jar c:\Users\SANG\.vscode\extensions\redhat.java-1.40.0-win32-x64\server\plugins\org.eclipse.equinox.launcher_1.6.1000.v20250131-0606.jar -configuration c:\Users\SANG\AppData\Roaming\Code\User\globalStorage\redhat.java\1.40.0\config_ss_win -data c:\Users\SANG\AppData\Roaming\Code\User\workspaceStorage\ee4d113536bcacf8f92e037b085bcff5\redhat.java\ss_ws --pipe=\\.\pipe\lsp-36ea8aaef371b118b43cb96bebe73cac-sock

Host: 11th Gen Intel(R) Core(TM) i5-1135G7 @ 2.40GHz, 8 cores, 7G,  Windows 11 , 64 bit Build 22000 (10.0.22000.2538)
Time: Sun Mar 16 15:49:54 2025 SE Asia Standard Time elapsed time: 3.426982 seconds (0d 0h 0m 3s)

---------------  T H R E A D  ---------------

Current thread (0x0000020e9ab8d330):  WorkerThread "GC Thread#6"    [id=7848, stack(0x0000005e34b00000,0x0000005e34c00000) (1024K)]

Stack: [0x0000005e34b00000,0x0000005e34c00000],  sp=0x0000005e34bff488,  free space=1021k
Native frames: (J=compiled Java code, j=interpreted, Vv=VM code, C=native code)
V  [jvm.dll+0xc43e]


siginfo: EXCEPTION_ACCESS_VIOLATION (0xc0000005), reading address 0x00000000e9fb2180


Registers:
RAX=0x0000000000000001, RBX=0x00000000e9fb2178, RCX=0x00000000e9fb2178, RDX=0x00000000e9fb2178
RSP=0x0000005e34bff488, RBP=0x0000005e34bff570, RSI=0x00000000c01e9364, RDI=0x0000020e43367570
R8 =0x000000000014fd90, R9 =0x0000000000000056, R10=0x00000000000000a6, R11=0x0000000000000004
R12=0x00007ffb42368130, R13=0x0000005e339fe880, R14=0x0000020e582e9ec0, R15=0x00000000c01e9350
RIP=0x00007ffb4173c43e, EFLAGS=0x0000000000010202

XMM[0]=0x0000000000000000 0x0000000000000000
XMM[1]=0x0000000000000000 0x0000000000000000
XMM[2]=0x0000000000000000 0x0000000000000000
XMM[3]=0x0000000000000000 0x0000000000000000
XMM[4]=0x0000000000000000 0x0000000000000000
XMM[5]=0x0000000000000000 0x0000000000000000
XMM[6]=0x0000000000000000 0x0000000000000000
XMM[7]=0x0000000000000000 0x0000000000000000
XMM[8]=0x0000000000000000 0x0000000000000000
XMM[9]=0x0000000000000000 0x0000000000000000
XMM[10]=0x0000000000000000 0x0000000000000000
XMM[11]=0x0000000000000000 0x0000000000000000
XMM[12]=0x0000000000000000 0x0000000000000000
XMM[13]=0x0000000000000000 0x0000000000000000
XMM[14]=0x0000000000000000 0x0000000000000000
XMM[15]=0x0000000000000000 0x0000000000000000
  MXCSR=0x00001fa0


Register to memory mapping:

RAX=0x0000000000000001 is an unknown value
RBX=0x00000000e9fb2178 is an unallocated location in the heap
RCX=0x00000000e9fb2178 is an unallocated location in the heap
RDX=0x00000000e9fb2178 is an unallocated location in the heap
RSP=0x0000005e34bff488 points into unknown readable memory: 0x00007ffb41e0a66e | 6e a6 e0 41 fb 7f 00 00
RBP=0x0000005e34bff570 points into unknown readable memory: 0x00007ffb421bb3e0 | e0 b3 1b 42 fb 7f 00 00
RSI=0x00000000c01e9364 is pointing into object: java.util.LinkedHashMap$LinkedEntrySet 
{0x00000000c01e9350} - klass: 'java/util/LinkedHashMap$LinkedEntrySet'
 - ---- fields (total size 3 words):
 - final 'reversed' 'Z' @12  false (0x00)
 - final synthetic 'this$0' 'Ljava/util/LinkedHashMap;' @16  
[error occurred during error reporting (printing register info), id 0xc0000005, EXCEPTION_ACCESS_VIOLATION (0xc0000005) at pc=0x00007ffb41de90cd]
RDI=0x0000020e43367570 points into unknown readable memory: 0x0000020e40f50150 | 50 01 f5 40 0e 02 00 00
R8 =0x000000000014fd90 is an unknown value
R9 =0x0000000000000056 is an unknown value
R10=0x00000000000000a6 is an unknown value
R11=0x0000000000000004 is an unknown value
R12=0x00007ffb42368130 jvm.dll
R13=0x0000005e339fe880 points into unknown readable memory: 0x00007ffb421bbe40 | 40 be 1b 42 fb 7f 00 00
R14={method} {0x0000020e582e9ec8} 'remove' '(Ljava/lang/Object;)Z' in 'java/util/LinkedHashMap$LinkedEntrySet'
R15=0x00000000c01e9350 is an oop: java.util.LinkedHashMap$LinkedEntrySet 
{0x00000000c01e9350} - klass: 'java/util/LinkedHashMap$LinkedEntrySet'
 - ---- fields (total size 3 words):
 - final 'reversed' 'Z' @12  false (0x00)
 - final synthetic 'this$0' 'Ljava/util/LinkedHashMap;' @16  
[error occurred during error reporting (printing register info, attempt 2), id 0xc0000005, EXCEPTION_ACCESS_VIOLATION (0xc0000005) at pc=0x00007ffb41de90cd]

Top of Stack: (sp=0x0000005e34bff488)
0x0000005e34bff488:   00007ffb41e0a66e 00000000c01e9310
0x0000005e34bff498:   0000020e43367570 0000005e34bff570
0x0000005e34bff4a8:   00007ffb41e096a9 00000000e9fb2178
0x0000005e34bff4b8:   00007ffb41e07e96 0000020e9a510cc8
0x0000005e34bff4c8:   00007ffb41e0a74a 00000000c01850e0
0x0000005e34bff4d8:   00000000c0188ef4 0000020e582e9eb8
0x0000005e34bff4e8:   00007ffb41e0874e 00000000c01e9360
0x0000005e34bff4f8:   00007ffb41e327d8 0000000000000000
0x0000005e34bff508:   00007ffb42368130 00007ffb421bb3e0
0x0000005e34bff518:   0000000000000000 00000000c01e9350
0x0000005e34bff528:   00007ffb41e332a3 00000000000009b2
0x0000005e34bff538:   0000020e43367570 00007ffb4211a4e0
0x0000005e34bff548:   00007ffb41e0a74a 00000000ecbea6f0
0x0000005e34bff558:   0000020e43367570 0000020e9acc8d60
0x0000005e34bff568:   00007ffb41f8d2ee 00007ffb421bb3e0
0x0000005e34bff578:   0000020e432e9e70 0000000000000004
0x0000005e34bff588:   0000020e43367570 0000000000000070
0x0000005e34bff598:   0000020e9a9580d8 0000020e43367570
0x0000005e34bff5a8:   0000000000000000 0000020e9ab8d330
0x0000005e34bff5b8:   00007ffb41e32998 0000000000000000
0x0000005e34bff5c8:   000000000000006a 0000020e9aa47c10
0x0000005e34bff5d8:   0000020e43367570 0000020e433166a0
0x0000005e34bff5e8:   0000005e34bff658 0000000000000000
0x0000005e34bff5f8:   0000000000000000 0000000000000000
0x0000005e34bff608:   00007ffb41e3a787 0000000000000000
0x0000005e34bff618:   00007ffbbfe20e9e 0000020e9aa47c10
0x0000005e34bff628:   0000000000000000 0000005e00000000
0x0000005e34bff638:   00007ffb421bbc50 0000020e43367570
0x0000005e34bff648:   00000000020750f6 0000000000000048
0x0000005e34bff658:   00007ffb42158a78 0000005e34bff638
0x0000005e34bff668:   0000000000000004 000064c546959dc9
0x0000005e34bff678:   0000000000000000 0000000000000070 

Instructions: (pc=0x00007ffb4173c43e)
0x00007ffb4173c33e:   13 74 16 48 85 05 20 d8 cc 00 74 0d 48 8b c8 f0
0x00007ffb4173c34e:   48 0f b1 13 48 3b c1 75 ea 48 8b 5c 24 30 48 8b
0x00007ffb4173c35e:   c2 48 83 c4 20 5f c3 cc cc cc cc cc cc cc cc cc
0x00007ffb4173c36e:   cc cc 48 8b 11 e9 08 f6 ff ff cc cc cc cc cc cc
0x00007ffb4173c37e:   cc cc 4c 8b c1 ba 64 60 08 00 48 8b 0d d1 a5 c7
0x00007ffb4173c38e:   00 e9 5c ea ff ff cc cc cc cc cc cc cc cc cc cc
0x00007ffb4173c39e:   cc cc 48 8b 05 11 f4 cc 00 48 8b d1 48 23 c1 48
0x00007ffb4173c3ae:   a9 00 f0 00 00 75 5d 48 8b 05 f4 f3 cc 00 48 23
0x00007ffb4173c3be:   c1 48 a9 00 f0 00 00 75 43 0f b6 c2 24 30 3c 30
0x00007ffb4173c3ce:   74 3a 48 c1 e9 0c 48 8d 05 55 eb 93 00 83 e1 0f
0x00007ffb4173c3de:   8b 0c 88 48 8b 05 90 f3 cc 00 48 d3 ea 48 c1 e8
0x00007ffb4173c3ee:   15 48 c1 ea 15 48 23 d0 48 8b 05 73 f6 cc 00 48
0x00007ffb4173c3fe:   8b 48 60 48 8b 04 d1 48 85 c0 75 08 48 8b 05 67
0x00007ffb4173c40e:   f6 cc 00 c3 48 8b 05 57 f6 cc 00 c3 cc cc cc cc
0x00007ffb4173c41e:   cc cc 8b 05 92 cb c1 00 c3 cc cc cc cc cc cc cc
0x00007ffb4173c42e:   cc cc 0f b6 05 e3 e1 c1 00 48 8b d1 84 c0 74 16
0x00007ffb4173c43e:   44 8b 41 08 8b 0d 70 cb c1 00 49 d3 e0 4c 03 05
0x00007ffb4173c44e:   5e cb c1 00 eb 04 4c 8b 41 08 45 8b 48 08 45 85
0x00007ffb4173c45e:   c9 7e 0e 41 f6 c1 01 75 53 41 c1 f9 03 49 63 c1
0x00007ffb4173c46e:   c3 79 49 84 c0 41 b8 0c 00 00 00 8b 05 a9 dc c1
0x00007ffb4173c47e:   00 b9 10 00 00 00 41 0f 45 c8 ff c8 4c 63 c0 41
0x00007ffb4173c48e:   8b c1 48 c1 f8 10 0f b6 c0 48 63 14 11 41 8b c9
0x00007ffb4173c49e:   83 e1 3f 48 d3 e2 49 8d 0c 10 49 f7 d0 48 03 c1
0x00007ffb4173c4ae:   49 c1 e8 03 48 c1 e8 03 49 23 c0 c3 49 8b 00 49
0x00007ffb4173c4be:   8b c8 48 ff a0 00 01 00 00 cc cc cc cc cc cc cc
0x00007ffb4173c4ce:   cc cc 8b 44 24 30 45 03 c9 44 2b 4c 24 28 83 c0
0x00007ffb4173c4de:   0b 44 03 ca 45 03 c8 41 03 c1 c3 cc cc cc cc cc
0x00007ffb4173c4ee:   cc cc 4c 8b c2 48 8b d1 45 8b 48 08 45 85 c9 7e
0x00007ffb4173c4fe:   0e 41 f6 c1 01 75 56 41 c1 f9 03 49 63 c1 c3 79
0x00007ffb4173c50e:   4c 80 3d 04 e1 c1 00 00 b8 0c 00 00 00 b9 10 00
0x00007ffb4173c51e:   00 00 0f 45 c8 8b 05 ff db c1 00 ff c8 4c 63 c0
0x00007ffb4173c52e:   41 8b c1 48 c1 f8 10 48 63 14 11 41 8b c9 83 e1 


Stack slot to memory mapping:

stack at sp + 0 slots: 0x00007ffb41e0a66e jvm.dll
stack at sp + 1 slots: 0x00000000c01e9310 is an oop: [B 
{0x00000000c01e9310} - klass: {type array byte}
 - length: 44
stack at sp + 2 slots: 0x0000020e43367570 points into unknown readable memory: 0x0000020e40f50150 | 50 01 f5 40 0e 02 00 00
stack at sp + 3 slots: 0x0000005e34bff570 points into unknown readable memory: 0x00007ffb421bb3e0 | e0 b3 1b 42 fb 7f 00 00
stack at sp + 4 slots: 0x00007ffb41e096a9 jvm.dll
stack at sp + 5 slots: 0x00000000e9fb2178 is an unallocated location in the heap
stack at sp + 6 slots: 0x00007ffb41e07e96 jvm.dll
stack at sp + 7 slots: 0x0000020e9a510cc8 points into unknown readable memory: 0x00000000c02f3a38 | 38 3a 2f c0 00 00 00 00


---------------  P R O C E S S  ---------------

Threads class SMR info:
_java_thread_list=0x0000020e9f59d0e0, length=22, elements={
0x0000020e40f834d0, 0x0000020e57699930, 0x0000020e5769b190, 0x0000020e5769d480,
0x0000020e576a0290, 0x0000020e576a1090, 0x0000020e576a3bf0, 0x0000020e576a4a60,
0x0000020e576d46a0, 0x0000020e9a1c3cc0, 0x0000020e9a1d1540, 0x0000020e9a38ae20,
0x0000020e9acf3020, 0x0000020e9f1c0710, 0x0000020e9f16ccd0, 0x0000020e9f167670,
0x0000020e9f175690, 0x0000020e9f261e30, 0x0000020e9f484050, 0x0000020e9f28c680,
0x0000020e9f4358b0, 0x0000020e9f433150
}

Java Threads: ( => current thread )
  0x0000020e40f834d0 JavaThread "main"                              [_thread_blocked, id=5560, stack(0x0000005e33600000,0x0000005e33700000) (1024K)]
  0x0000020e57699930 JavaThread "Reference Handler"          daemon [_thread_blocked, id=13612, stack(0x0000005e33a00000,0x0000005e33b00000) (1024K)]
  0x0000020e5769b190 JavaThread "Finalizer"                  daemon [_thread_blocked, id=13756, stack(0x0000005e33b00000,0x0000005e33c00000) (1024K)]
  0x0000020e5769d480 JavaThread "Signal Dispatcher"          daemon [_thread_blocked, id=6976, stack(0x0000005e33c00000,0x0000005e33d00000) (1024K)]
  0x0000020e576a0290 JavaThread "Attach Listener"            daemon [_thread_blocked, id=13368, stack(0x0000005e33d00000,0x0000005e33e00000) (1024K)]
  0x0000020e576a1090 JavaThread "Service Thread"             daemon [_thread_blocked, id=13372, stack(0x0000005e33e00000,0x0000005e33f00000) (1024K)]
  0x0000020e576a3bf0 JavaThread "Monitor Deflation Thread"   daemon [_thread_blocked, id=7036, stack(0x0000005e33f00000,0x0000005e34000000) (1024K)]
  0x0000020e576a4a60 JavaThread "C2 CompilerThread0"         daemon [_thread_blocked, id=3472, stack(0x0000005e34000000,0x0000005e34100000) (1024K)]
  0x0000020e576d46a0 JavaThread "C1 CompilerThread0"         daemon [_thread_blocked, id=1084, stack(0x0000005e34100000,0x0000005e34200000) (1024K)]
  0x0000020e9a1c3cc0 JavaThread "Common-Cleaner"             daemon [_thread_blocked, id=14764, stack(0x0000005e34200000,0x0000005e34300000) (1024K)]
  0x0000020e9a1d1540 JavaThread "C2 CompilerThread1"         daemon [_thread_blocked, id=6228, stack(0x0000005e34300000,0x0000005e34400000) (1024K)]
  0x0000020e9a38ae20 JavaThread "Notification Thread"        daemon [_thread_blocked, id=4620, stack(0x0000005e34400000,0x0000005e34500000) (1024K)]
  0x0000020e9acf3020 JavaThread "Active Thread: Equinox Container: a65c9427-d816-41bb-ba97-7addcc4a1cf0"        [_thread_blocked, id=1520, stack(0x0000005e34c00000,0x0000005e34d00000) (1024K)]
  0x0000020e9f1c0710 JavaThread "Framework Event Dispatcher: Equinox Container: a65c9427-d816-41bb-ba97-7addcc4a1cf0" daemon [_thread_blocked, id=3952, stack(0x0000005e34d00000,0x0000005e34e00000) (1024K)]
  0x0000020e9f16ccd0 JavaThread "Start Level: Equinox Container: a65c9427-d816-41bb-ba97-7addcc4a1cf0" daemon [_thread_blocked, id=14236, stack(0x0000005e34e00000,0x0000005e34f00000) (1024K)]
  0x0000020e9f167670 JavaThread "SCR Component Actor"        daemon [_thread_blocked, id=6540, stack(0x0000005e34f00000,0x0000005e35000000) (1024K)]
  0x0000020e9f175690 JavaThread "SCR Component Registry"     daemon [_thread_blocked, id=3584, stack(0x0000005e34500000,0x0000005e34600000) (1024K)]
  0x0000020e9f261e30 JavaThread "Worker-JM"                         [_thread_blocked, id=3088, stack(0x0000005e35100000,0x0000005e35200000) (1024K)]
  0x0000020e9f484050 JavaThread "JNA Cleaner"                daemon [_thread_blocked, id=2688, stack(0x0000005e35200000,0x0000005e35300000) (1024K)]
  0x0000020e9f28c680 JavaThread "Worker-0"                          [_thread_blocked, id=9324, stack(0x0000005e35300000,0x0000005e35400000) (1024K)]
  0x0000020e9f4358b0 JavaThread "Worker-1"                          [_thread_blocked, id=8692, stack(0x0000005e35400000,0x0000005e35500000) (1024K)]
  0x0000020e9f433150 JavaThread "Worker-2"                          [_thread_blocked, id=11000, stack(0x0000005e35500000,0x0000005e35600000) (1024K)]
Total: 22

Other Threads:
  0x0000020e57692680 VMThread "VM Thread"                           [id=15156, stack(0x0000005e33900000,0x0000005e33a00000) (1024K)]
  0x0000020e43359620 WatcherThread "VM Periodic Task Thread"        [id=5668, stack(0x0000005e33800000,0x0000005e33900000) (1024K)]
  0x0000020e4330d8b0 WorkerThread "GC Thread#0"                     [id=5652, stack(0x0000005e33700000,0x0000005e33800000) (1024K)]
  0x0000020e9ab8dfb0 WorkerThread "GC Thread#1"                     [id=4764, stack(0x0000005e34600000,0x0000005e34700000) (1024K)]
  0x0000020e9ab8e350 WorkerThread "GC Thread#2"                     [id=5856, stack(0x0000005e34700000,0x0000005e34800000) (1024K)]
  0x0000020e9ab8e6f0 WorkerThread "GC Thread#3"                     [id=10860, stack(0x0000005e34800000,0x0000005e34900000) (1024K)]
  0x0000020e9ab8cbf0 WorkerThread "GC Thread#4"                     [id=4948, stack(0x0000005e34900000,0x0000005e34a00000) (1024K)]
  0x0000020e9ab8cf90 WorkerThread "GC Thread#5"                     [id=12700, stack(0x0000005e34a00000,0x0000005e34b00000) (1024K)]
=>0x0000020e9ab8d330 WorkerThread "GC Thread#6"                     [id=7848, stack(0x0000005e34b00000,0x0000005e34c00000) (1024K)]
  0x0000020e9f03acc0 WorkerThread "GC Thread#7"                     [id=14736, stack(0x0000005e35000000,0x0000005e35100000) (1024K)]
Total: 10

Threads with active compile tasks:
C2 CompilerThread0  3485 2647       4       org.lombokweb.asm.ClassWriter::visitMethod (57 bytes)
C2 CompilerThread1  3485 2634       4       org.lombokweb.asm.ClassReader::readMethod (1070 bytes)
Total: 2

VM state: at safepoint (normal execution)

VM Mutex/Monitor currently owned by a thread:  ([mutex/lock_event])
[0x00007ffb423de380] Threads_lock - owner thread: 0x0000020e57692680
[0x00007ffb423de480] Heap_lock - owner thread: 0x0000020e9f16ccd0

Heap address: 0x00000000c0000000, size: 1024 MB, Compressed Oops mode: 32-bit

CDS archive(s) mapped at: [0x0000020e58000000-0x0000020e58ba0000-0x0000020e58ba0000), size 12189696, SharedBaseAddress: 0x0000020e58000000, ArchiveRelocationMode: 1.
Compressed class space mapped at: 0x0000020e59000000-0x0000020e99000000, reserved size: 1073741824
Narrow klass base: 0x0000020e58000000, Narrow klass shift: 0, Narrow klass range: 0x100000000

GC Precious Log:
 CardTable entry size: 512
 CPUs: 8 total, 8 available
 Memory: 7914M
 Large Page Support: Disabled
 NUMA Support: Disabled
 Compressed Oops: Enabled (32-bit)
 Alignments: Space 512K, Generation 512K, Heap 2M
 Heap Min Capacity: 100M
 Heap Initial Capacity: 100M
 Heap Max Capacity: 1G
 Pre-touch: Disabled
 Parallel Workers: 8

Heap:
 PSYoungGen      total 29184K, used 3888K [0x00000000eab00000, 0x00000000ece00000, 0x0000000100000000)
  eden space 25088K, 0% used [0x00000000eab00000,0x00000000eab00000,0x00000000ec380000)
  from space 4096K, 94% used [0x00000000eca00000,0x00000000ecdcc348,0x00000000ece00000)
  to   space 5120K, 0% used [0x00000000ec400000,0x00000000ec400000,0x00000000ec900000)
 ParOldGen       total 68608K, used 7457K [0x00000000c0000000, 0x00000000c4300000, 0x00000000eab00000)
  object space 68608K, 10% used [0x00000000c0000000,0x00000000c0748648,0x00000000c4300000)
 Metaspace       used 20871K, committed 21504K, reserved 1114112K
  class space    used 1980K, committed 2240K, reserved 1048576K

Card table byte_map: [0x0000020e42cc0000,0x0000020e42ed0000] _byte_map_base: 0x0000020e426c0000

Marking Bits: (ParMarkBitMap*) 0x00007ffb423e3260
 Begin Bits: [0x0000020e554f0000, 0x0000020e564f0000)
 End Bits:   [0x0000020e564f0000, 0x0000020e574f0000)

Polling page: 0x0000020e41200000

Metaspace:

Usage:
  Non-class:     18.45 MB used.
      Class:      1.93 MB used.
       Both:     20.38 MB used.

Virtual space:
  Non-class space:       64.00 MB reserved,      18.81 MB ( 29%) committed,  1 nodes.
      Class space:        1.00 GB reserved,       2.19 MB ( <1%) committed,  1 nodes.
             Both:        1.06 GB reserved,      21.00 MB (  2%) committed. 

Chunk freelists:
   Non-Class:  13.06 MB
       Class:  13.83 MB
        Both:  26.89 MB

MaxMetaspaceSize: unlimited
CompressedClassSpaceSize: 1.00 GB
Initial GC threshold: 21.00 MB
Current GC threshold: 21.00 MB
CDS: on
 - commit_granule_bytes: 65536.
 - commit_granule_words: 8192.
 - virtual_space_node_default_size: 8388608.
 - enlarge_chunks_in_place: 1.
 - use_allocation_guard: 0.


Internal statistics:

num_allocs_failed_limit: 3.
num_arena_births: 500.
num_arena_deaths: 0.
num_vsnodes_births: 2.
num_vsnodes_deaths: 0.
num_space_committed: 336.
num_space_uncommitted: 0.
num_chunks_returned_to_freelist: 3.
num_chunks_taken_from_freelist: 1288.
num_chunk_merges: 3.
num_chunk_splits: 845.
num_chunks_enlarged: 530.
num_inconsistent_stats: 0.

CodeHeap 'non-profiled nmethods': size=120000Kb used=1118Kb max_used=1118Kb free=118881Kb
 bounds [0x0000020e4dfc0000, 0x0000020e4e230000, 0x0000020e554f0000]
CodeHeap 'profiled nmethods': size=120000Kb used=5233Kb max_used=5233Kb free=114766Kb
 bounds [0x0000020e464f0000, 0x0000020e46a10000, 0x0000020e4da20000]
CodeHeap 'non-nmethods': size=5760Kb used=1317Kb max_used=1332Kb free=4442Kb
 bounds [0x0000020e4da20000, 0x0000020e4dc90000, 0x0000020e4dfc0000]
 total_blobs=3237 nmethods=2648 adapters=495
 compilation: enabled
              stopped_count=0, restarted_count=0
 full_count=0

Compilation events (20 events):
Event: 3.335 Thread 0x0000020e576a4a60 nmethod 2638 0x0000020e4e0d5c90 code [0x0000020e4e0d5e40, 0x0000020e4e0d6198]
Event: 3.344 Thread 0x0000020e576d46a0 2644       3       org.lombokweb.asm.ClassReader::<init> (359 bytes)
Event: 3.345 Thread 0x0000020e576d46a0 nmethod 2644 0x0000020e46a04a10 code [0x0000020e46a04d00, 0x0000020e46a05ec0]
Event: 3.345 Thread 0x0000020e576d46a0 2645       3       org.lombokweb.asm.SymbolTable::<init> (536 bytes)
Event: 3.346 Thread 0x0000020e576a4a60 2646       4       org.lombokweb.asm.Type::getArgumentsAndReturnSizes (140 bytes)
Event: 3.348 Thread 0x0000020e576d46a0 nmethod 2645 0x0000020e46a06490 code [0x0000020e46a06a40, 0x0000020e46a09270]
Event: 3.348 Thread 0x0000020e576d46a0 2648       3       org.lombokweb.asm.MethodWriter::visitMethodInsn (191 bytes)
Event: 3.349 Thread 0x0000020e576d46a0 nmethod 2648 0x0000020e46a0a390 code [0x0000020e46a0a5e0, 0x0000020e46a0ada0]
Event: 3.349 Thread 0x0000020e576d46a0 2649       3       org.lombokweb.asm.SymbolTable::addConstantMethodref (24 bytes)
Event: 3.349 Thread 0x0000020e576d46a0 nmethod 2649 0x0000020e46a0b090 code [0x0000020e46a0b240, 0x0000020e46a0b3e0]
Event: 3.349 Thread 0x0000020e576d46a0 2650       3       org.lombokweb.asm.Label::addForwardReference (102 bytes)
Event: 3.355 Thread 0x0000020e576d46a0 nmethod 2650 0x0000020e46a0b490 code [0x0000020e46a0b660, 0x0000020e46a0bac0]
Event: 3.355 Thread 0x0000020e576a4a60 nmethod 2646 0x0000020e4e0d6490 code [0x0000020e4e0d66c0, 0x0000020e4e0d6f98]
Event: 3.355 Thread 0x0000020e576a4a60 2651       4       java.util.concurrent.locks.ReentrantLock$NonfairSync::initialTryLock (58 bytes)
Event: 3.357 Thread 0x0000020e576a4a60 nmethod 2651 0x0000020e4e0d7710 code [0x0000020e4e0d78a0, 0x0000020e4e0d79a8]
Event: 3.357 Thread 0x0000020e576a4a60 2647       4       org.lombokweb.asm.ClassWriter::visitMethod (57 bytes)
Event: 3.357 Thread 0x0000020e576d46a0 2652       3       org.lombokweb.asm.ByteVector::putByteArray (49 bytes)
Event: 3.358 Thread 0x0000020e576d46a0 nmethod 2652 0x0000020e46a0bc90 code [0x0000020e46a0be60, 0x0000020e46a0c128]
Event: 3.387 Thread 0x0000020e576d46a0 2656       3       org.lombokweb.asm.MethodVisitor::visitInsn (16 bytes)
Event: 3.387 Thread 0x0000020e576d46a0 nmethod 2656 0x0000020e46a0c290 code [0x0000020e46a0c440, 0x0000020e46a0c648]

GC Heap History (13 events):
Event: 1.134 GC heap before
{Heap before GC invocations=1 (full 0):
 PSYoungGen      total 29696K, used 25600K [0x00000000eab00000, 0x00000000ecc00000, 0x0000000100000000)
  eden space 25600K, 100% used [0x00000000eab00000,0x00000000ec400000,0x00000000ec400000)
  from space 4096K, 0% used [0x00000000ec800000,0x00000000ec800000,0x00000000ecc00000)
  to   space 4096K, 0% used [0x00000000ec400000,0x00000000ec400000,0x00000000ec800000)
 ParOldGen       total 68608K, used 0K [0x00000000c0000000, 0x00000000c4300000, 0x00000000eab00000)
  object space 68608K, 0% used [0x00000000c0000000,0x00000000c0000000,0x00000000c4300000)
 Metaspace       used 4339K, committed 4544K, reserved 1114112K
  class space    used 436K, committed 512K, reserved 1048576K
}
Event: 1.143 GC heap after
{Heap after GC invocations=1 (full 0):
 PSYoungGen      total 29696K, used 3190K [0x00000000eab00000, 0x00000000ecc00000, 0x0000000100000000)
  eden space 25600K, 0% used [0x00000000eab00000,0x00000000eab00000,0x00000000ec400000)
  from space 4096K, 77% used [0x00000000ec400000,0x00000000ec71d800,0x00000000ec800000)
  to   space 4096K, 0% used [0x00000000ec800000,0x00000000ec800000,0x00000000ecc00000)
 ParOldGen       total 68608K, used 16K [0x00000000c0000000, 0x00000000c4300000, 0x00000000eab00000)
  object space 68608K, 0% used [0x00000000c0000000,0x00000000c0004000,0x00000000c4300000)
 Metaspace       used 4339K, committed 4544K, reserved 1114112K
  class space    used 436K, committed 512K, reserved 1048576K
}
Event: 2.091 GC heap before
{Heap before GC invocations=2 (full 0):
 PSYoungGen      total 29696K, used 28790K [0x00000000eab00000, 0x00000000ecc00000, 0x0000000100000000)
  eden space 25600K, 100% used [0x00000000eab00000,0x00000000ec400000,0x00000000ec400000)
  from space 4096K, 77% used [0x00000000ec400000,0x00000000ec71d800,0x00000000ec800000)
  to   space 4096K, 0% used [0x00000000ec800000,0x00000000ec800000,0x00000000ecc00000)
 ParOldGen       total 68608K, used 16K [0x00000000c0000000, 0x00000000c4300000, 0x00000000eab00000)
  object space 68608K, 0% used [0x00000000c0000000,0x00000000c0004000,0x00000000c4300000)
 Metaspace       used 8231K, committed 8512K, reserved 1114112K
  class space    used 817K, committed 960K, reserved 1048576K
}
Event: 2.097 GC heap after
{Heap after GC invocations=2 (full 0):
 PSYoungGen      total 29696K, used 4090K [0x00000000eab00000, 0x00000000ecc00000, 0x0000000100000000)
  eden space 25600K, 0% used [0x00000000eab00000,0x00000000eab00000,0x00000000ec400000)
  from space 4096K, 99% used [0x00000000ec800000,0x00000000ecbfe938,0x00000000ecc00000)
  to   space 4096K, 0% used [0x00000000ec400000,0x00000000ec400000,0x00000000ec800000)
 ParOldGen       total 68608K, used 863K [0x00000000c0000000, 0x00000000c4300000, 0x00000000eab00000)
  object space 68608K, 1% used [0x00000000c0000000,0x00000000c00d7eb8,0x00000000c4300000)
 Metaspace       used 8231K, committed 8512K, reserved 1114112K
  class space    used 817K, committed 960K, reserved 1048576K
}
Event: 2.667 GC heap before
{Heap before GC invocations=3 (full 0):
 PSYoungGen      total 29696K, used 29690K [0x00000000eab00000, 0x00000000ecc00000, 0x0000000100000000)
  eden space 25600K, 100% used [0x00000000eab00000,0x00000000ec400000,0x00000000ec400000)
  from space 4096K, 99% used [0x00000000ec800000,0x00000000ecbfe938,0x00000000ecc00000)
  to   space 4096K, 0% used [0x00000000ec400000,0x00000000ec400000,0x00000000ec800000)
 ParOldGen       total 68608K, used 863K [0x00000000c0000000, 0x00000000c4300000, 0x00000000eab00000)
  object space 68608K, 1% used [0x00000000c0000000,0x00000000c00d7eb8,0x00000000c4300000)
 Metaspace       used 12948K, committed 13504K, reserved 1114112K
  class space    used 1307K, committed 1536K, reserved 1048576K
}
Event: 2.672 GC heap after
{Heap after GC invocations=3 (full 0):
 PSYoungGen      total 29696K, used 4076K [0x00000000eab00000, 0x00000000ecc00000, 0x0000000100000000)
  eden space 25600K, 0% used [0x00000000eab00000,0x00000000eab00000,0x00000000ec400000)
  from space 4096K, 99% used [0x00000000ec400000,0x00000000ec7fb250,0x00000000ec800000)
  to   space 4096K, 0% used [0x00000000ec800000,0x00000000ec800000,0x00000000ecc00000)
 ParOldGen       total 68608K, used 2733K [0x00000000c0000000, 0x00000000c4300000, 0x00000000eab00000)
  object space 68608K, 3% used [0x00000000c0000000,0x00000000c02ab718,0x00000000c4300000)
 Metaspace       used 12948K, committed 13504K, reserved 1114112K
  class space    used 1307K, committed 1536K, reserved 1048576K
}
Event: 3.113 GC heap before
{Heap before GC invocations=4 (full 0):
 PSYoungGen      total 29696K, used 29676K [0x00000000eab00000, 0x00000000ecc00000, 0x0000000100000000)
  eden space 25600K, 100% used [0x00000000eab00000,0x00000000ec400000,0x00000000ec400000)
  from space 4096K, 99% used [0x00000000ec400000,0x00000000ec7fb250,0x00000000ec800000)
  to   space 4096K, 0% used [0x00000000ec800000,0x00000000ec800000,0x00000000ecc00000)
 ParOldGen       total 68608K, used 2733K [0x00000000c0000000, 0x00000000c4300000, 0x00000000eab00000)
  object space 68608K, 3% used [0x00000000c0000000,0x00000000c02ab718,0x00000000c4300000)
 Metaspace       used 16900K, committed 17536K, reserved 1114112K
  class space    used 1694K, committed 1984K, reserved 1048576K
}
Event: 3.118 GC heap after
{Heap after GC invocations=4 (full 0):
 PSYoungGen      total 29696K, used 4090K [0x00000000eab00000, 0x00000000ecc00000, 0x0000000100000000)
  eden space 25600K, 0% used [0x00000000eab00000,0x00000000eab00000,0x00000000ec400000)
  from space 4096K, 99% used [0x00000000ec800000,0x00000000ecbfebb8,0x00000000ecc00000)
  to   space 4096K, 0% used [0x00000000ec400000,0x00000000ec400000,0x00000000ec800000)
 ParOldGen       total 68608K, used 5516K [0x00000000c0000000, 0x00000000c4300000, 0x00000000eab00000)
  object space 68608K, 8% used [0x00000000c0000000,0x00000000c0563268,0x00000000c4300000)
 Metaspace       used 16900K, committed 17536K, reserved 1114112K
  class space    used 1694K, committed 1984K, reserved 1048576K
}
Event: 3.349 GC heap before
{Heap before GC invocations=5 (full 0):
 PSYoungGen      total 29696K, used 29690K [0x00000000eab00000, 0x00000000ecc00000, 0x0000000100000000)
  eden space 25600K, 100% used [0x00000000eab00000,0x00000000ec400000,0x00000000ec400000)
  from space 4096K, 99% used [0x00000000ec800000,0x00000000ecbfebb8,0x00000000ecc00000)
  to   space 4096K, 0% used [0x00000000ec400000,0x00000000ec400000,0x00000000ec800000)
 ParOldGen       total 68608K, used 5516K [0x00000000c0000000, 0x00000000c4300000, 0x00000000eab00000)
  object space 68608K, 8% used [0x00000000c0000000,0x00000000c0563268,0x00000000c4300000)
 Metaspace       used 20190K, committed 20800K, reserved 1114112K
  class space    used 1933K, committed 2176K, reserved 1048576K
}
Event: 3.355 GC heap after
{Heap after GC invocations=5 (full 0):
 PSYoungGen      total 29184K, used 4095K [0x00000000eab00000, 0x00000000ed080000, 0x0000000100000000)
  eden space 25088K, 0% used [0x00000000eab00000,0x00000000eab00000,0x00000000ec380000)
  from space 4096K, 99% used [0x00000000ec400000,0x00000000ec7fffe0,0x00000000ec800000)
  to   space 6656K, 0% used [0x00000000eca00000,0x00000000eca00000,0x00000000ed080000)
 ParOldGen       total 68608K, used 7457K [0x00000000c0000000, 0x00000000c4300000, 0x00000000eab00000)
  object space 68608K, 10% used [0x00000000c0000000,0x00000000c0748648,0x00000000c4300000)
 Metaspace       used 20190K, committed 20800K, reserved 1114112K
  class space    used 1933K, committed 2176K, reserved 1048576K
}
Event: 3.398 GC heap before
{Heap before GC invocations=6 (full 0):
 PSYoungGen      total 29184K, used 8515K [0x00000000eab00000, 0x00000000ed080000, 0x0000000100000000)
  eden space 25088K, 17% used [0x00000000eab00000,0x00000000eaf50d90,0x00000000ec380000)
  from space 4096K, 99% used [0x00000000ec400000,0x00000000ec7fffe0,0x00000000ec800000)
  to   space 6656K, 0% used [0x00000000eca00000,0x00000000eca00000,0x00000000ed080000)
 ParOldGen       total 68608K, used 7457K [0x00000000c0000000, 0x00000000c4300000, 0x00000000eab00000)
  object space 68608K, 10% used [0x00000000c0000000,0x00000000c0748648,0x00000000c4300000)
 Metaspace       used 20871K, committed 21504K, reserved 1114112K
  class space    used 1980K, committed 2240K, reserved 1048576K
}
Event: 3.403 GC heap after
{Heap after GC invocations=6 (full 0):
 PSYoungGen      total 29184K, used 3888K [0x00000000eab00000, 0x00000000ece00000, 0x0000000100000000)
  eden space 25088K, 0% used [0x00000000eab00000,0x00000000eab00000,0x00000000ec380000)
  from space 4096K, 94% used [0x00000000eca00000,0x00000000ecdcc348,0x00000000ece00000)
  to   space 5120K, 0% used [0x00000000ec400000,0x00000000ec400000,0x00000000ec900000)
 ParOldGen       total 68608K, used 7457K [0x00000000c0000000, 0x00000000c4300000, 0x00000000eab00000)
  object space 68608K, 10% used [0x00000000c0000000,0x00000000c0748648,0x00000000c4300000)
 Metaspace       used 20871K, committed 21504K, reserved 1114112K
  class space    used 1980K, committed 2240K, reserved 1048576K
}
Event: 3.404 GC heap before
{Heap before GC invocations=7 (full 1):
 PSYoungGen      total 29184K, used 3888K [0x00000000eab00000, 0x00000000ece00000, 0x0000000100000000)
  eden space 25088K, 0% used [0x00000000eab00000,0x00000000eab00000,0x00000000ec380000)
  from space 4096K, 94% used [0x00000000eca00000,0x00000000ecdcc348,0x00000000ece00000)
  to   space 5120K, 0% used [0x00000000ec400000,0x00000000ec400000,0x00000000ec900000)
 ParOldGen       total 68608K, used 7457K [0x00000000c0000000, 0x00000000c4300000, 0x00000000eab00000)
  object space 68608K, 10% used [0x00000000c0000000,0x00000000c0748648,0x00000000c4300000)
 Metaspace       used 20871K, committed 21504K, reserved 1114112K
  class space    used 1980K, committed 2240K, reserved 1048576K
}

Dll operation events (10 events):
Event: 0.017 Loaded shared library c:\Users\SANG\.vscode\extensions\redhat.java-1.40.0-win32-x64\jre\21.0.6-win32-x86_64\bin\java.dll
Event: 0.132 Loaded shared library c:\Users\SANG\.vscode\extensions\redhat.java-1.40.0-win32-x64\jre\21.0.6-win32-x86_64\bin\zip.dll
Event: 0.183 Loaded shared library C:\Users\SANG\.vscode\extensions\redhat.java-1.40.0-win32-x64\jre\21.0.6-win32-x86_64\bin\instrument.dll
Event: 0.190 Loaded shared library C:\Users\SANG\.vscode\extensions\redhat.java-1.40.0-win32-x64\jre\21.0.6-win32-x86_64\bin\net.dll
Event: 0.193 Loaded shared library C:\Users\SANG\.vscode\extensions\redhat.java-1.40.0-win32-x64\jre\21.0.6-win32-x86_64\bin\nio.dll
Event: 0.198 Loaded shared library C:\Users\SANG\.vscode\extensions\redhat.java-1.40.0-win32-x64\jre\21.0.6-win32-x86_64\bin\zip.dll
Event: 0.265 Loaded shared library C:\Users\SANG\.vscode\extensions\redhat.java-1.40.0-win32-x64\jre\21.0.6-win32-x86_64\bin\jimage.dll
Event: 0.378 Loaded shared library c:\Users\SANG\.vscode\extensions\redhat.java-1.40.0-win32-x64\jre\21.0.6-win32-x86_64\bin\verify.dll
Event: 2.002 Loaded shared library C:\Users\SANG\AppData\Roaming\Code\User\globalStorage\redhat.java\1.40.0\config_ss_win\org.eclipse.equinox.launcher\org.eclipse.equinox.launcher.win32.win32.x86_64_1.2.1200.v20250212-0927\eclipse_11909.dll
Event: 2.882 Loaded shared library C:\Users\SANG\AppData\Local\Temp\jna-2537607\jna16388088370605734222.dll

Deoptimization events (20 events):
Event: 3.052 Thread 0x0000020e9f16ccd0 DEOPT PACKING pc=0x0000020e4e0bdd94 sp=0x0000005e34ef3000
Event: 3.052 Thread 0x0000020e9f16ccd0 DEOPT UNPACKING pc=0x0000020e4da76da2 sp=0x0000005e34ef2fa8 mode 2
Event: 3.052 Thread 0x0000020e9f16ccd0 Uncommon trap: trap_request=0xffffffde fr.pc=0x0000020e4e0bdd94 relative=0x00000000000003b4
Event: 3.052 Thread 0x0000020e9f16ccd0 Uncommon trap: reason=class_check action=maybe_recompile pc=0x0000020e4e0bdd94 method=java.util.regex.Pattern$BmpCharPropertyGreedy.match(Ljava/util/regex/Matcher;ILjava/lang/CharSequence;)Z @ 70 c2
Event: 3.052 Thread 0x0000020e9f16ccd0 DEOPT PACKING pc=0x0000020e4e0bdd94 sp=0x0000005e34ef2e80
Event: 3.052 Thread 0x0000020e9f16ccd0 DEOPT UNPACKING pc=0x0000020e4da76da2 sp=0x0000005e34ef2e28 mode 2
Event: 3.266 Thread 0x0000020e9f16ccd0 DEOPT PACKING pc=0x0000020e466182b9 sp=0x0000005e34ef04f0
Event: 3.266 Thread 0x0000020e9f16ccd0 DEOPT UNPACKING pc=0x0000020e4da778e2 sp=0x0000005e34eef9f0 mode 0
Event: 3.320 Thread 0x0000020e9f16ccd0 Uncommon trap: trap_request=0xffffff45 fr.pc=0x0000020e4e0d2da4 relative=0x0000000000000184
Event: 3.320 Thread 0x0000020e9f16ccd0 Uncommon trap: reason=unstable_if action=reinterpret pc=0x0000020e4e0d2da4 method=org.lombokweb.asm.ByteVector.putByteArray([BII)Lorg/lombokweb/asm/ByteVector; @ 20 c2
Event: 3.320 Thread 0x0000020e9f16ccd0 DEOPT PACKING pc=0x0000020e4e0d2da4 sp=0x0000005e34ef2520
Event: 3.320 Thread 0x0000020e9f16ccd0 DEOPT UNPACKING pc=0x0000020e4da76da2 sp=0x0000005e34ef24f0 mode 2
Event: 3.320 Thread 0x0000020e9f16ccd0 Uncommon trap: trap_request=0xffffff45 fr.pc=0x0000020e4e0d3a24 relative=0x0000000000000364
Event: 3.320 Thread 0x0000020e9f16ccd0 Uncommon trap: reason=unstable_if action=reinterpret pc=0x0000020e4e0d3a24 method=org.lombokweb.asm.Label.resolve([BLorg/lombokweb/asm/ByteVector;I)Z @ 81 c2
Event: 3.320 Thread 0x0000020e9f16ccd0 DEOPT PACKING pc=0x0000020e4e0d3a24 sp=0x0000005e34ef25b0
Event: 3.320 Thread 0x0000020e9f16ccd0 DEOPT UNPACKING pc=0x0000020e4da76da2 sp=0x0000005e34ef24b8 mode 2
Event: 3.321 Thread 0x0000020e9f16ccd0 Uncommon trap: trap_request=0xffffff45 fr.pc=0x0000020e4e0d32bc relative=0x000000000000021c
Event: 3.321 Thread 0x0000020e9f16ccd0 Uncommon trap: reason=unstable_if action=reinterpret pc=0x0000020e4e0d32bc method=org.lombokweb.asm.Label.resolve([BLorg/lombokweb/asm/ByteVector;I)Z @ 81 c2
Event: 3.321 Thread 0x0000020e9f16ccd0 DEOPT PACKING pc=0x0000020e4e0d32bc sp=0x0000005e34ef2520
Event: 3.321 Thread 0x0000020e9f16ccd0 DEOPT UNPACKING pc=0x0000020e4da76da2 sp=0x0000005e34ef24b0 mode 2

Classes loaded (20 events):
Event: 3.049 Loading class java/util/zip/GZIPInputStream
Event: 3.049 Loading class java/util/zip/GZIPInputStream done
Event: 3.070 Loading class java/io/StringReader
Event: 3.070 Loading class java/io/StringReader done
Event: 3.077 Loading class java/net/SocketTimeoutException
Event: 3.077 Loading class java/io/InterruptedIOException
Event: 3.077 Loading class java/io/InterruptedIOException done
Event: 3.077 Loading class java/net/SocketTimeoutException done
Event: 3.077 Loading class java/net/SocketException
Event: 3.077 Loading class java/net/SocketException done
Event: 3.077 Loading class java/net/UnknownHostException
Event: 3.077 Loading class java/net/UnknownHostException done
Event: 3.077 Loading class java/net/ProtocolException
Event: 3.077 Loading class java/net/ProtocolException done
Event: 3.090 Loading class java/lang/ThreadLocal$SuppliedThreadLocal
Event: 3.090 Loading class java/lang/ThreadLocal$SuppliedThreadLocal done
Event: 3.096 Loading class java/io/FileWriter
Event: 3.096 Loading class java/io/FileWriter done
Event: 3.097 Loading class java/lang/NegativeArraySizeException
Event: 3.097 Loading class java/lang/NegativeArraySizeException done

Classes unloaded (0 events):
No events

Classes redefined (0 events):
No events

Internal exceptions (20 events):
Event: 2.844 Thread 0x0000020e9f16ccd0 Exception <a 'java/lang/NoSuchMethodError'{0x00000000eb365da8}: 'java.lang.Object java.lang.invoke.DirectMethodHandle$Holder.invokeStaticInit(java.lang.Object, int, int, int, int)'> (0x00000000eb365da8) 
thrown [s\src\hotspot\share\interpreter\linkResolver.cpp, line 773]
Event: 2.869 Thread 0x0000020e9f16ccd0 Exception <a 'java/lang/NoSuchMethodError'{0x00000000eb43bf50}: 'java.lang.Object java.lang.invoke.DirectMethodHandle$Holder.invokeStaticInit(java.lang.Object, java.lang.Object, int, int, int, int)'> (0x00000000eb43bf50) 
thrown [s\src\hotspot\share\interpreter\linkResolver.cpp, line 773]
Event: 2.900 Thread 0x0000020e9f16ccd0 Exception <a 'java/lang/NoSuchMethodError'{0x00000000eb53b2c0}: 'void java.lang.invoke.DirectMethodHandle$Holder.invokeSpecial(java.lang.Object, java.lang.Object, java.lang.Object, int)'> (0x00000000eb53b2c0) 
thrown [s\src\hotspot\share\interpreter\linkResolver.cpp, line 773]
Event: 2.900 Thread 0x0000020e9f16ccd0 Exception <a 'java/lang/NoSuchMethodError'{0x00000000eb53ec50}: 'void java.lang.invoke.DelegatingMethodHandle$Holder.reinvoke_L(java.lang.Object, java.lang.Object, int)'> (0x00000000eb53ec50) 
thrown [s\src\hotspot\share\interpreter\linkResolver.cpp, line 773]
Event: 2.901 Thread 0x0000020e9f16ccd0 Exception <a 'java/lang/NoSuchMethodError'{0x00000000eb545988}: 'int java.lang.invoke.Invokers$Holder.invokeExact_MT(java.lang.Object, java.lang.Object, java.lang.Object)'> (0x00000000eb545988) 
thrown [s\src\hotspot\share\interpreter\linkResolver.cpp, line 773]
Event: 2.918 Thread 0x0000020e9f16ccd0 Exception <a 'java/lang/NoSuchMethodError'{0x00000000eb64e200}: 'void java.lang.invoke.Invokers$Holder.invokeExact_MT(java.lang.Object, java.lang.Object, int, java.lang.Object)'> (0x00000000eb64e200) 
thrown [s\src\hotspot\share\interpreter\linkResolver.cpp, line 773]
Event: 2.938 Thread 0x0000020e9f16ccd0 Exception <a 'java/lang/NoSuchMethodError'{0x00000000eb7446c0}: 'java.lang.Object java.lang.invoke.DirectMethodHandle$Holder.invokeSpecial(java.lang.Object, java.lang.Object, java.lang.Object, long, java.lang.Object)'> (0x00000000eb7446c0) 
thrown [s\src\hotspot\share\interpreter\linkResolver.cpp, line 773]
Event: 2.938 Thread 0x0000020e9f16ccd0 Exception <a 'java/lang/NoSuchMethodError'{0x00000000eb74be50}: 'java.lang.Object java.lang.invoke.DirectMethodHandle$Holder.newInvokeSpecial(java.lang.Object, java.lang.Object, java.lang.Object, long)'> (0x00000000eb74be50) 
thrown [s\src\hotspot\share\interpreter\linkResolver.cpp, line 773]
Event: 2.938 Thread 0x0000020e9f16ccd0 Exception <a 'java/lang/NoSuchMethodError'{0x00000000eb74fad0}: 'java.lang.Object java.lang.invoke.Invokers$Holder.linkToTargetMethod(java.lang.Object, java.lang.Object, long, java.lang.Object)'> (0x00000000eb74fad0) 
thrown [s\src\hotspot\share\interpreter\linkResolver.cpp, line 773]
Event: 2.946 Thread 0x0000020e9f16ccd0 Exception <a 'java/lang/NoSuchMethodError'{0x00000000eb7c1258}: 'int java.lang.invoke.DirectMethodHandle$Holder.invokeStaticInit(java.lang.Object, java.lang.Object, java.lang.Object)'> (0x00000000eb7c1258) 
thrown [s\src\hotspot\share\interpreter\linkResolver.cpp, line 773]
Event: 2.979 Thread 0x0000020e9f16ccd0 Exception <a 'java/lang/IncompatibleClassChangeError'{0x00000000eb995960}: Found class java.lang.Object, but interface was expected> (0x00000000eb995960) 
thrown [s\src\hotspot\share\interpreter\linkResolver.cpp, line 840]
Event: 2.984 Thread 0x0000020e9f16ccd0 Exception <a 'java/lang/NoSuchMethodError'{0x00000000eb9a7f90}: 'java.lang.Object java.lang.invoke.DirectMethodHandle$Holder.invokeSpecial(java.lang.Object, java.lang.Object, java.lang.Object, int, java.lang.Object, java.lang.Object)'> (0x00000000eb9a7f90) 
thrown [s\src\hotspot\share\interpreter\linkResolver.cpp, line 773]
Event: 2.984 Thread 0x0000020e9f16ccd0 Exception <a 'java/lang/NoSuchMethodError'{0x00000000eb9b3cd0}: 'java.lang.Object java.lang.invoke.DirectMethodHandle$Holder.newInvokeSpecial(java.lang.Object, java.lang.Object, java.lang.Object, int, java.lang.Object)'> (0x00000000eb9b3cd0) 
thrown [s\src\hotspot\share\interpreter\linkResolver.cpp, line 773]
Event: 2.985 Thread 0x0000020e9f16ccd0 Exception <a 'java/lang/NoSuchMethodError'{0x00000000eb9b77c0}: 'java.lang.Object java.lang.invoke.Invokers$Holder.linkToTargetMethod(java.lang.Object, java.lang.Object, int, java.lang.Object, java.lang.Object)'> (0x00000000eb9b77c0) 
thrown [s\src\hotspot\share\interpreter\linkResolver.cpp, line 773]
Event: 2.985 Thread 0x0000020e9f28c680 Exception <a 'java/lang/NoSuchMethodError'{0x00000000eb77ce88}: 'java.lang.Object java.lang.invoke.DirectMethodHandle$Holder.invokeSpecial(java.lang.Object, java.lang.Object, int, java.lang.Object, java.lang.Object)'> (0x00000000eb77ce88) 
thrown [s\src\hotspot\share\interpreter\linkResolver.cpp, line 773]
Event: 2.986 Thread 0x0000020e9f28c680 Exception <a 'java/lang/NoSuchMethodError'{0x00000000eb783bc0}: 'java.lang.Object java.lang.invoke.DirectMethodHandle$Holder.newInvokeSpecial(java.lang.Object, java.lang.Object, int, java.lang.Object)'> (0x00000000eb783bc0) 
thrown [s\src\hotspot\share\interpreter\linkResolver.cpp, line 773]
Event: 3.008 Thread 0x0000020e9f16ccd0 Exception <a 'java/lang/NoSuchMethodError'{0x00000000ebab9b60}: 'void java.lang.invoke.DirectMethodHandle$Holder.invokeSpecial(java.lang.Object, java.lang.Object, java.lang.Object, java.lang.Object, java.lang.Object)'> (0x00000000ebab9b60) 
thrown [s\src\hotspot\share\interpreter\linkResolver.cpp, line 773]
Event: 3.039 Thread 0x0000020e9f16ccd0 Exception <a 'java/lang/NoSuchMethodError'{0x00000000ebcde380}: 'double java.lang.invoke.DirectMethodHandle$Holder.invokeStatic(java.lang.Object, java.lang.Object)'> (0x00000000ebcde380) 
thrown [s\src\hotspot\share\interpreter\linkResolver.cpp, line 773]
Event: 3.040 Thread 0x0000020e9f16ccd0 Exception <a 'java/lang/NoSuchMethodError'{0x00000000ebce1a40}: 'double java.lang.invoke.DirectMethodHandle$Holder.invokeStaticInit(java.lang.Object, java.lang.Object)'> (0x00000000ebce1a40) 
thrown [s\src\hotspot\share\interpreter\linkResolver.cpp, line 773]
Event: 3.320 Thread 0x0000020e9f16ccd0 Implicit null exception at 0x0000020e4e0d2c75 to 0x0000020e4e0d2d88

ZGC Phase Switch (0 events):
No events

VM Operations (20 events):
Event: 2.090 Executing VM operation: HandshakeAllThreads (Deoptimize) done
Event: 2.091 Executing VM operation: ParallelGCFailedAllocation (Allocation Failure)
Event: 2.097 Executing VM operation: ParallelGCFailedAllocation (Allocation Failure) done
Event: 2.210 Executing VM operation: HandshakeAllThreads (Deoptimize)
Event: 2.210 Executing VM operation: HandshakeAllThreads (Deoptimize) done
Event: 2.461 Executing VM operation: HandshakeAllThreads (Deoptimize)
Event: 2.461 Executing VM operation: HandshakeAllThreads (Deoptimize) done
Event: 2.667 Executing VM operation: ParallelGCFailedAllocation (Allocation Failure)
Event: 2.672 Executing VM operation: ParallelGCFailedAllocation (Allocation Failure) done
Event: 2.891 Executing VM operation: HandshakeAllThreads (Deoptimize)
Event: 2.891 Executing VM operation: HandshakeAllThreads (Deoptimize) done
Event: 2.953 Executing VM operation: HandshakeAllThreads (Deoptimize)
Event: 2.953 Executing VM operation: HandshakeAllThreads (Deoptimize) done
Event: 2.968 Executing VM operation: HandshakeAllThreads (Deoptimize)
Event: 2.968 Executing VM operation: HandshakeAllThreads (Deoptimize) done
Event: 3.113 Executing VM operation: ParallelGCFailedAllocation (Allocation Failure)
Event: 3.118 Executing VM operation: ParallelGCFailedAllocation (Allocation Failure) done
Event: 3.349 Executing VM operation: ParallelGCFailedAllocation (Allocation Failure)
Event: 3.355 Executing VM operation: ParallelGCFailedAllocation (Allocation Failure) done
Event: 3.398 Executing VM operation: CollectForMetadataAllocation (Metadata GC Threshold)

Memory protections (0 events):
No events

Nmethod flushes (0 events):
No events

Events (20 events):
Event: 0.063 Thread 0x0000020e40f834d0 Thread added: 0x0000020e576a0290
Event: 0.063 Thread 0x0000020e40f834d0 Thread added: 0x0000020e576a1090
Event: 0.063 Thread 0x0000020e40f834d0 Thread added: 0x0000020e576a3bf0
Event: 0.063 Thread 0x0000020e40f834d0 Thread added: 0x0000020e576a4a60
Event: 0.066 Thread 0x0000020e40f834d0 Thread added: 0x0000020e576d46a0
Event: 0.104 Thread 0x0000020e40f834d0 Thread added: 0x0000020e9a1c3cc0
Event: 0.152 Thread 0x0000020e576d46a0 Thread added: 0x0000020e9a1d1540
Event: 0.555 Thread 0x0000020e40f834d0 Thread added: 0x0000020e9a38ae20
Event: 0.698 Thread 0x0000020e9a1d1540 Thread added: 0x0000020e9a5f0d50
Event: 1.650 Thread 0x0000020e40f834d0 Thread added: 0x0000020e9acf3020
Event: 1.990 Thread 0x0000020e40f834d0 Thread added: 0x0000020e9f1c0710
Event: 1.998 Thread 0x0000020e40f834d0 Thread added: 0x0000020e9f16ccd0
Event: 2.046 Thread 0x0000020e9f16ccd0 Thread added: 0x0000020e9f167670
Event: 2.163 Thread 0x0000020e9a5f0d50 Thread exited: 0x0000020e9a5f0d50
Event: 2.192 Thread 0x0000020e9f16ccd0 Thread added: 0x0000020e9f175690
Event: 2.497 Thread 0x0000020e9f16ccd0 Thread added: 0x0000020e9f261e30
Event: 2.905 Thread 0x0000020e9f16ccd0 Thread added: 0x0000020e9f484050
Event: 2.942 Thread 0x0000020e9f16ccd0 Thread added: 0x0000020e9f28c680
Event: 2.986 Thread 0x0000020e9f16ccd0 Thread added: 0x0000020e9f4358b0
Event: 3.239 Thread 0x0000020e9f28c680 Thread added: 0x0000020e9f433150


Dynamic libraries:
0x00007ff6fbbf0000 - 0x00007ff6fbbfe000 	c:\Users\SANG\.vscode\extensions\redhat.java-1.40.0-win32-x64\jre\21.0.6-win32-x86_64\bin\java.exe
0x00007ffbc2820000 - 0x00007ffbc2a29000 	C:\Windows\SYSTEM32\ntdll.dll
0x00007ffbc15a0000 - 0x00007ffbc165d000 	C:\Windows\System32\KERNEL32.DLL
0x00007ffbbfdd0000 - 0x00007ffbc0154000 	C:\Windows\System32\KERNELBASE.dll
0x00007ffbc04b0000 - 0x00007ffbc05c1000 	C:\Windows\System32\ucrtbase.dll
0x00007ffb95180000 - 0x00007ffb95198000 	c:\Users\SANG\.vscode\extensions\redhat.java-1.40.0-win32-x64\jre\21.0.6-win32-x86_64\bin\jli.dll
0x00007ffb95160000 - 0x00007ffb9517e000 	c:\Users\SANG\.vscode\extensions\redhat.java-1.40.0-win32-x64\jre\21.0.6-win32-x86_64\bin\VCRUNTIME140.dll
0x00007ffbc0dc0000 - 0x00007ffbc0f6d000 	C:\Windows\System32\USER32.dll
0x00007ffbbfcb0000 - 0x00007ffbbfcd6000 	C:\Windows\System32\win32u.dll
0x00007ffbc06a0000 - 0x00007ffbc06ca000 	C:\Windows\System32\GDI32.dll
0x00007ffbc0390000 - 0x00007ffbc04ae000 	C:\Windows\System32\gdi32full.dll
0x00007ffbc05d0000 - 0x00007ffbc066d000 	C:\Windows\System32\msvcp_win.dll
0x00007ffb9c770000 - 0x00007ffb9ca15000 	C:\Windows\WinSxS\amd64_microsoft.windows.common-controls_6595b64144ccf1df_6.0.22000.120_none_9d947278b86cc467\COMCTL32.dll
0x00007ffbc1c00000 - 0x00007ffbc1ca3000 	C:\Windows\System32\msvcrt.dll
0x00007ffbc1cb0000 - 0x00007ffbc1ce1000 	C:\Windows\System32\IMM32.DLL
0x00007ffba7380000 - 0x00007ffba738c000 	c:\Users\SANG\.vscode\extensions\redhat.java-1.40.0-win32-x64\jre\21.0.6-win32-x86_64\bin\vcruntime140_1.dll
0x00007ffb49190000 - 0x00007ffb4921d000 	c:\Users\SANG\.vscode\extensions\redhat.java-1.40.0-win32-x64\jre\21.0.6-win32-x86_64\bin\msvcp140.dll
0x00007ffb41730000 - 0x00007ffb424c0000 	c:\Users\SANG\.vscode\extensions\redhat.java-1.40.0-win32-x64\jre\21.0.6-win32-x86_64\bin\server\jvm.dll
0x00007ffbc0d10000 - 0x00007ffbc0dbe000 	C:\Windows\System32\ADVAPI32.dll
0x00007ffbc2660000 - 0x00007ffbc26fe000 	C:\Windows\System32\sechost.dll
0x00007ffbc13f0000 - 0x00007ffbc1511000 	C:\Windows\System32\RPCRT4.dll
0x00007ffbc1a10000 - 0x00007ffbc1a7f000 	C:\Windows\System32\WS2_32.dll
0x00007ffbbee20000 - 0x00007ffbbee6d000 	C:\Windows\SYSTEM32\POWRPROF.dll
0x00007ffbbd820000 - 0x00007ffbbd853000 	C:\Windows\SYSTEM32\WINMM.dll
0x00007ffbb4580000 - 0x00007ffbb458a000 	C:\Windows\SYSTEM32\VERSION.dll
0x00007ffbbedc0000 - 0x00007ffbbedd3000 	C:\Windows\SYSTEM32\UMPDC.dll
0x00007ffbbeda0000 - 0x00007ffbbedb8000 	C:\Windows\SYSTEM32\kernel.appcore.dll
0x00007ffba6480000 - 0x00007ffba648a000 	c:\Users\SANG\.vscode\extensions\redhat.java-1.40.0-win32-x64\jre\21.0.6-win32-x86_64\bin\jimage.dll
0x00007ffbbd5b0000 - 0x00007ffbbd7d1000 	C:\Windows\SYSTEM32\DBGHELP.DLL
0x00007ffbbd7e0000 - 0x00007ffbbd811000 	C:\Windows\SYSTEM32\dbgcore.DLL
0x00007ffbbfce0000 - 0x00007ffbbfd5f000 	C:\Windows\System32\bcryptPrimitives.dll
0x00007ffba63a0000 - 0x00007ffba63af000 	c:\Users\SANG\.vscode\extensions\redhat.java-1.40.0-win32-x64\jre\21.0.6-win32-x86_64\bin\instrument.dll
0x00007ffb90090000 - 0x00007ffb900af000 	c:\Users\SANG\.vscode\extensions\redhat.java-1.40.0-win32-x64\jre\21.0.6-win32-x86_64\bin\java.dll
0x00007ffbc1cf0000 - 0x00007ffbc24b5000 	C:\Windows\System32\SHELL32.dll
0x00007ffbbdd80000 - 0x00007ffbbe5e2000 	C:\Windows\SYSTEM32\windows.storage.dll
0x00007ffbc06d0000 - 0x00007ffbc0a46000 	C:\Windows\System32\combase.dll
0x00007ffbbdc10000 - 0x00007ffbbdd77000 	C:\Windows\SYSTEM32\wintypes.dll
0x00007ffbc0b70000 - 0x00007ffbc0c5a000 	C:\Windows\System32\SHCORE.dll
0x00007ffbc1b10000 - 0x00007ffbc1b6d000 	C:\Windows\System32\shlwapi.dll
0x00007ffbbfbe0000 - 0x00007ffbbfc05000 	C:\Windows\SYSTEM32\profapi.dll
0x00007ffb5edd0000 - 0x00007ffb5ede8000 	c:\Users\SANG\.vscode\extensions\redhat.java-1.40.0-win32-x64\jre\21.0.6-win32-x86_64\bin\zip.dll
0x00007ffba39b0000 - 0x00007ffba39c0000 	C:\Users\SANG\.vscode\extensions\redhat.java-1.40.0-win32-x64\jre\21.0.6-win32-x86_64\bin\net.dll
0x00007ffbb9ae0000 - 0x00007ffbb9bf4000 	C:\Windows\SYSTEM32\WINHTTP.dll
0x00007ffbbf2c0000 - 0x00007ffbbf327000 	C:\Windows\system32\mswsock.dll
0x00007ffb41710000 - 0x00007ffb41726000 	C:\Users\SANG\.vscode\extensions\redhat.java-1.40.0-win32-x64\jre\21.0.6-win32-x86_64\bin\nio.dll
0x00007ffba37a0000 - 0x00007ffba37b0000 	c:\Users\SANG\.vscode\extensions\redhat.java-1.40.0-win32-x64\jre\21.0.6-win32-x86_64\bin\verify.dll
0x00007ffbbaef0000 - 0x00007ffbbaf35000 	C:\Users\SANG\AppData\Roaming\Code\User\globalStorage\redhat.java\1.40.0\config_ss_win\org.eclipse.equinox.launcher\org.eclipse.equinox.launcher.win32.win32.x86_64_1.2.1200.v20250212-0927\eclipse_11909.dll
0x00007ffbc24c0000 - 0x00007ffbc265a000 	C:\Windows\System32\ole32.dll
0x00007ffbbf500000 - 0x00007ffbbf518000 	C:\Windows\SYSTEM32\CRYPTSP.dll
0x00007ffbbecf0000 - 0x00007ffbbed25000 	C:\Windows\system32\rsaenh.dll
0x00007ffbbf3b0000 - 0x00007ffbbf3dc000 	C:\Windows\SYSTEM32\USERENV.dll
0x00007ffbbf680000 - 0x00007ffbbf6a7000 	C:\Windows\SYSTEM32\bcrypt.dll
0x00007ffbbf520000 - 0x00007ffbbf52c000 	C:\Windows\SYSTEM32\CRYPTBASE.dll
0x00007ffbbe8b0000 - 0x00007ffbbe8dd000 	C:\Windows\SYSTEM32\IPHLPAPI.DLL
0x00007ffbc1590000 - 0x00007ffbc1599000 	C:\Windows\System32\NSI.dll
0x00007ffbbaea0000 - 0x00007ffbbaee9000 	C:\Users\SANG\AppData\Local\Temp\jna-2537607\jna16388088370605734222.dll
0x00007ffbc1b00000 - 0x00007ffbc1b08000 	C:\Windows\System32\PSAPI.DLL

dbghelp: loaded successfully - version: 4.0.5 - missing functions: none
symbol engine: initialized successfully - sym options: 0x614 - pdb path: .;c:\Users\SANG\.vscode\extensions\redhat.java-1.40.0-win32-x64\jre\21.0.6-win32-x86_64\bin;C:\Windows\SYSTEM32;C:\Windows\WinSxS\amd64_microsoft.windows.common-controls_6595b64144ccf1df_6.0.22000.120_none_9d947278b86cc467;c:\Users\SANG\.vscode\extensions\redhat.java-1.40.0-win32-x64\jre\21.0.6-win32-x86_64\bin\server;C:\Users\SANG\AppData\Roaming\Code\User\globalStorage\redhat.java\1.40.0\config_ss_win\org.eclipse.equinox.launcher\org.eclipse.equinox.launcher.win32.win32.x86_64_1.2.1200.v20250212-0927;C:\Users\SANG\AppData\Local\Temp\jna-2537607

VM Arguments:
jvm_args: --add-modules=ALL-SYSTEM --add-opens=java.base/java.util=ALL-UNNAMED --add-opens=java.base/java.lang=ALL-UNNAMED --add-opens=java.base/sun.nio.fs=ALL-UNNAMED -Declipse.application=org.eclipse.jdt.ls.core.id1 -Dosgi.bundles.defaultStartLevel=4 -Declipse.product=org.eclipse.jdt.ls.core.product -Djava.import.generatesMetadataFilesAtProjectRoot=false -DDetectVMInstallationsJob.disabled=true -Dfile.encoding=utf8 -XX:+UseParallelGC -XX:GCTimeRatio=4 -XX:AdaptiveSizePolicyWeight=90 -Dsun.zip.disableMemoryMapping=true -Xmx1G -Xms100m -Xlog:disable -javaagent:c:\Users\SANG\.vscode\extensions\redhat.java-1.40.0-win32-x64\lombok\lombok-1.18.36.jar 
java_command: c:\Users\SANG\.vscode\extensions\redhat.java-1.40.0-win32-x64\server\plugins\org.eclipse.equinox.launcher_1.6.1000.v20250131-0606.jar -configuration c:\Users\SANG\AppData\Roaming\Code\User\globalStorage\redhat.java\1.40.0\config_ss_win -data c:\Users\SANG\AppData\Roaming\Code\User\workspaceStorage\ee4d113536bcacf8f92e037b085bcff5\redhat.java\ss_ws --pipe=\\.\pipe\lsp-36ea8aaef371b118b43cb96bebe73cac-sock
java_class_path (initial): c:\Users\SANG\.vscode\extensions\redhat.java-1.40.0-win32-x64\server\plugins\org.eclipse.equinox.launcher_1.6.1000.v20250131-0606.jar
Launcher Type: SUN_STANDARD

[Global flags]
    uintx AdaptiveSizePolicyWeight                 = 90                                        {product} {command line}
     intx CICompilerCount                          = 4                                         {product} {ergonomic}
    uintx GCTimeRatio                              = 4                                         {product} {command line}
   size_t InitialHeapSize                          = 104857600                                 {product} {command line}
   size_t MaxHeapSize                              = 1073741824                                {product} {command line}
   size_t MaxNewSize                               = 357564416                                 {product} {ergonomic}
   size_t MinHeapDeltaBytes                        = 524288                                    {product} {ergonomic}
   size_t MinHeapSize                              = 104857600                                 {product} {command line}
   size_t NewSize                                  = 34603008                                  {product} {ergonomic}
    uintx NonNMethodCodeHeapSize                   = 5839372                                {pd product} {ergonomic}
    uintx NonProfiledCodeHeapSize                  = 122909434                              {pd product} {ergonomic}
   size_t OldSize                                  = 70254592                                  {product} {ergonomic}
    uintx ProfiledCodeHeapSize                     = 122909434                              {pd product} {ergonomic}
    uintx ReservedCodeCacheSize                    = 251658240                              {pd product} {ergonomic}
     bool SegmentedCodeCache                       = true                                      {product} {ergonomic}
   size_t SoftMaxHeapSize                          = 1073741824                             {manageable} {ergonomic}
     bool UseCompressedOops                        = true                           {product lp64_product} {ergonomic}
     bool UseLargePagesIndividualAllocation        = false                                  {pd product} {ergonomic}
     bool UseParallelGC                            = true                                      {product} {command line}

Logging:
Log output configuration:
 #0: stdout all=off uptime,level,tags foldmultilines=false
 #1: stderr all=off uptime,level,tags foldmultilines=false

Environment Variables:
PATH=C:\Program Files\Common Files\Oracle\Java\javapath;C:\Windows\system32;C:\Windows;C:\Windows\System32\Wbem;C:\Windows\System32\WindowsPowerShell\v1.0\;C:\Windows\System32\OpenSSH\;C:\Program Files\nodejs\;C:\ProgramData\ComposerSetup\bin;C:\Program Files\Git\cmd;C:\Users\SANG\AppData\Local\Microsoft\WindowsApps;C:\Users\SANG\AppData\Local\Programs\Microsoft VS Code\bin;C:\Users\SANG\AppData\Roaming\npm;C:\laragon\bin\php\php-8.1.10-Win32-vs16-x64;C:\Users\SANG\composer;C:\Users\SANG\AppData\Roaming\Composer\vendor\bin;C:\Program Files\Java\jdk-17\bin;
USERNAME=SANG
OS=Windows_NT
PROCESSOR_IDENTIFIER=Intel64 Family 6 Model 140 Stepping 1, GenuineIntel
TMP=C:\Users\SANG\AppData\Local\Temp
TEMP=C:\Users\SANG\AppData\Local\Temp




Periodic native trim disabled

---------------  S Y S T E M  ---------------

OS:
 Windows 11 , 64 bit Build 22000 (10.0.22000.2538)
OS uptime: 0 days 0:10 hours

CPU: total 8 (initial active 8) (4 cores per cpu, 2 threads per core) family 6 model 140 stepping 1 microcode 0xb8, cx8, cmov, fxsr, ht, mmx, 3dnowpref, sse, sse2, sse3, ssse3, sse4.1, sse4.2, popcnt, lzcnt, tsc, tscinvbit, avx, avx2, aes, erms, clmul, bmi1, bmi2, adx, avx512f, avx512dq, avx512cd, avx512bw, avx512vl, sha, fma, vzeroupper, avx512_vpopcntdq, avx512_vpclmulqdq, avx512_vaes, avx512_vnni, clflush, clflushopt, clwb, avx512_vbmi2, avx512_vbmi, rdtscp, rdpid, fsrm, gfni, avx512_bitalg, f16c, pku, cet_ibt, cet_ss, avx512_ifma
Processor Information for processor 0
  Max Mhz: 1382, Current Mhz: 1382, Mhz Limit: 1382
Processor Information for processor 1
  Max Mhz: 1382, Current Mhz: 1382, Mhz Limit: 1382
Processor Information for processor 2
  Max Mhz: 1382, Current Mhz: 1382, Mhz Limit: 1382
Processor Information for processor 3
  Max Mhz: 1382, Current Mhz: 1382, Mhz Limit: 1382
Processor Information for processor 4
  Max Mhz: 1382, Current Mhz: 1382, Mhz Limit: 1382
Processor Information for processor 5
  Max Mhz: 1382, Current Mhz: 1382, Mhz Limit: 1382
Processor Information for processor 6
  Max Mhz: 1382, Current Mhz: 1382, Mhz Limit: 1382
Processor Information for processor 7
  Max Mhz: 1382, Current Mhz: 1184, Mhz Limit: 1382

Memory: 4k page, system-wide physical 7914M (690M free)
TotalPageFile size 13802M (AvailPageFile size 5672M)
current process WorkingSet (physical memory assigned to process): 138M, peak: 138M
current process commit charge ("private bytes"): 242M, peak: 244M

vm_info: OpenJDK 64-Bit Server VM (21.0.6+7-LTS) for windows-amd64 JRE (21.0.6+7-LTS), built on 2025-01-21T00:00:00Z by "admin" with MS VC++ 17.7 (VS2022)

END.
